<?xml version="1.0" encoding="UTF-8"?>
<coverage generated="1715795450128" clover="3.2.0">
  <project timestamp="1715795450128" name="All files">
    <metrics statements="58" coveredstatements="58" conditionals="30" coveredconditionals="30" methods="14" coveredmethods="14" elements="102" coveredelements="102" complexity="0" loc="58" ncloc="58" packages="2" files="6" classes="6"/>
    <package name="exceptions">
      <metrics statements="7" coveredstatements="7" conditionals="1" coveredconditionals="1" methods="3" coveredmethods="3"/>
      <file name="ClientError.js" path="C:\Users\mkhaw\Documents\Code\sistem-apresiasi\sistem-apresiasi-api\src\exceptions\ClientError.js">
        <metrics statements="3" coveredstatements="3" conditionals="1" coveredconditionals="1" methods="1" coveredmethods="1"/>
        <line num="3" count="4" type="stmt"/>
        <line num="4" count="4" type="stmt"/>
        <line num="5" count="4" type="stmt"/>
      </file>
      <file name="InvariantError.js" path="C:\Users\mkhaw\Documents\Code\sistem-apresiasi\sistem-apresiasi-api\src\exceptions\InvariantError.js">
        <metrics statements="2" coveredstatements="2" conditionals="0" coveredconditionals="0" methods="1" coveredmethods="1"/>
        <line num="5" count="2" type="stmt"/>
        <line num="6" count="2" type="stmt"/>
      </file>
      <file name="NotFoundError.js" path="C:\Users\mkhaw\Documents\Code\sistem-apresiasi\sistem-apresiasi-api\src\exceptions\NotFoundError.js">
        <metrics statements="2" coveredstatements="2" conditionals="0" coveredconditionals="0" methods="1" coveredmethods="1"/>
        <line num="5" count="2" type="stmt"/>
        <line num="6" count="2" type="stmt"/>
      </file>
    </package>
    <package name="utils">
      <metrics statements="51" coveredstatements="51" conditionals="29" coveredconditionals="29" methods="11" coveredmethods="11"/>
      <file name="index.js" path="C:\Users\mkhaw\Documents\Code\sistem-apresiasi\sistem-apresiasi-api\src\utils\index.js">
        <metrics statements="25" coveredstatements="25" conditionals="23" coveredconditionals="23" methods="6" coveredmethods="6"/>
        <line num="5" count="1" type="stmt"/>
        <line num="6" count="1" type="stmt"/>
        <line num="7" count="1" type="stmt"/>
        <line num="8" count="1" type="stmt"/>
        <line num="11" count="1" type="stmt"/>
        <line num="12" count="6" type="stmt"/>
        <line num="14" count="6" type="cond" truecount="2" falsecount="0"/>
        <line num="15" count="5" type="stmt"/>
        <line num="17" count="16" type="stmt"/>
        <line num="19" count="6" type="cond" truecount="2" falsecount="0"/>
        <line num="20" count="1" type="stmt"/>
        <line num="23" count="5" type="cond" truecount="2" falsecount="0"/>
        <line num="24" count="2" type="cond" truecount="2" falsecount="0"/>
        <line num="29" count="3" type="cond" truecount="2" falsecount="0"/>
        <line num="30" count="2" type="cond" truecount="2" falsecount="0"/>
        <line num="34" count="1" type="stmt"/>
        <line num="38" count="2" type="stmt"/>
        <line num="39" count="2" type="stmt"/>
        <line num="40" count="2" type="stmt"/>
        <line num="42" count="1" type="stmt"/>
        <line num="46" count="1" type="stmt"/>
        <line num="54" count="3" type="cond" truecount="4" falsecount="0"/>
        <line num="55" count="1" type="stmt"/>
        <line num="58" count="2" type="cond" truecount="2" falsecount="0"/>
        <line num="65" count="1" type="stmt"/>
      </file>
      <file name="mail.utils.js" path="C:\Users\mkhaw\Documents\Code\sistem-apresiasi\sistem-apresiasi-api\src\utils\mail.utils.js">
        <metrics statements="12" coveredstatements="12" conditionals="0" coveredconditionals="0" methods="3" coveredmethods="3"/>
        <line num="4" count="1" type="stmt"/>
        <line num="7" count="3" type="stmt"/>
        <line num="13" count="3" type="stmt"/>
        <line num="20" count="2" type="stmt"/>
        <line num="43" count="2" type="stmt"/>
        <line num="47" count="3" type="stmt"/>
        <line num="53" count="3" type="stmt"/>
        <line num="59" count="3" type="stmt"/>
        <line num="81" count="2" type="stmt"/>
        <line num="85" count="2" type="stmt"/>
        <line num="91" count="2" type="stmt"/>
        <line num="109" count="2" type="stmt"/>
      </file>
      <file name="user.utils.js" path="C:\Users\mkhaw\Documents\Code\sistem-apresiasi\sistem-apresiasi-api\src\utils\user.utils.js">
        <metrics statements="14" coveredstatements="14" conditionals="6" coveredconditionals="6" methods="2" coveredmethods="2"/>
        <line num="3" count="3" type="cond" truecount="3" falsecount="0"/>
        <line num="5" count="1" type="stmt"/>
        <line num="6" count="1" type="stmt"/>
        <line num="8" count="1" type="stmt"/>
        <line num="9" count="1" type="stmt"/>
        <line num="11" count="1" type="stmt"/>
        <line num="14" count="3" type="stmt"/>
        <line num="18" count="3" type="cond" truecount="3" falsecount="0"/>
        <line num="20" count="1" type="stmt"/>
        <line num="21" count="1" type="stmt"/>
        <line num="23" count="1" type="stmt"/>
        <line num="24" count="1" type="stmt"/>
        <line num="26" count="1" type="stmt"/>
        <line num="29" count="3" type="stmt"/>
      </file>
    </package>
  </project>
</coverage>
