{"C:\\Users\\mkhaw\\Documents\\Code\\sistem-apresiasi\\sistem-apresiasi-api\\src\\exceptions\\AuthenticationError.js": {"path":"C:\\Users\\mkhaw\\Documents\\Code\\sistem-apresiasi\\sistem-apresiasi-api\\src\\exceptions\\AuthenticationError.js","statementMap":{"0":{"start":{"line":5,"column":4},"end":{"line":5,"column":24}},"1":{"start":{"line":6,"column":4},"end":{"line":6,"column":38}}},"fnMap":{"0":{"name":"(anonymous_0)","decl":{"start":{"line":4,"column":2},"end":{"line":4,"column":3}},"loc":{"start":{"line":4,"column":23},"end":{"line":7,"column":3}},"line":4}},"branchMap":{},"s":{"0":6,"1":6},"f":{"0":6},"b":{},"_coverageSchema":"1a1c01bbd47fc00a2c39e90264f33305004495a9","hash":"c9b536e9e59cfdb71d4fa9c34dd1fda0e3fa7e03"}
,"C:\\Users\\mkhaw\\Documents\\Code\\sistem-apresiasi\\sistem-apresiasi-api\\src\\exceptions\\AuthorizationError.js": {"path":"C:\\Users\\mkhaw\\Documents\\Code\\sistem-apresiasi\\sistem-apresiasi-api\\src\\exceptions\\AuthorizationError.js","statementMap":{"0":{"start":{"line":5,"column":4},"end":{"line":5,"column":24}},"1":{"start":{"line":6,"column":4},"end":{"line":6,"column":37}}},"fnMap":{"0":{"name":"(anonymous_0)","decl":{"start":{"line":4,"column":2},"end":{"line":4,"column":3}},"loc":{"start":{"line":4,"column":23},"end":{"line":7,"column":3}},"line":4}},"branchMap":{},"s":{"0":3,"1":3},"f":{"0":3},"b":{},"_coverageSchema":"1a1c01bbd47fc00a2c39e90264f33305004495a9","hash":"1f00a586dd105ede6d09692ef2ecb7eb93ef764d"}
,"C:\\Users\\mkhaw\\Documents\\Code\\sistem-apresiasi\\sistem-apresiasi-api\\src\\exceptions\\ClientError.js": {"path":"C:\\Users\\mkhaw\\Documents\\Code\\sistem-apresiasi\\sistem-apresiasi-api\\src\\exceptions\\ClientError.js","statementMap":{"0":{"start":{"line":3,"column":4},"end":{"line":3,"column":19}},"1":{"start":{"line":4,"column":4},"end":{"line":4,"column":33}},"2":{"start":{"line":5,"column":4},"end":{"line":5,"column":30}}},"fnMap":{"0":{"name":"(anonymous_0)","decl":{"start":{"line":2,"column":2},"end":{"line":2,"column":3}},"loc":{"start":{"line":2,"column":41},"end":{"line":6,"column":3}},"line":2}},"branchMap":{"0":{"loc":{"start":{"line":2,"column":23},"end":{"line":2,"column":39}},"type":"default-arg","locations":[{"start":{"line":2,"column":36},"end":{"line":2,"column":39}}],"line":2}},"s":{"0":56,"1":56,"2":56},"f":{"0":56},"b":{"0":[34]},"_coverageSchema":"1a1c01bbd47fc00a2c39e90264f33305004495a9","hash":"1de87af207a34bbede185fa5b579d128d15d7a6a"}
,"C:\\Users\\mkhaw\\Documents\\Code\\sistem-apresiasi\\sistem-apresiasi-api\\src\\exceptions\\InvariantError.js": {"path":"C:\\Users\\mkhaw\\Documents\\Code\\sistem-apresiasi\\sistem-apresiasi-api\\src\\exceptions\\InvariantError.js","statementMap":{"0":{"start":{"line":5,"column":4},"end":{"line":5,"column":19}},"1":{"start":{"line":6,"column":4},"end":{"line":6,"column":33}}},"fnMap":{"0":{"name":"(anonymous_0)","decl":{"start":{"line":4,"column":2},"end":{"line":4,"column":3}},"loc":{"start":{"line":4,"column":23},"end":{"line":7,"column":3}},"line":4}},"branchMap":{},"s":{"0":33,"1":33},"f":{"0":33},"b":{},"_coverageSchema":"1a1c01bbd47fc00a2c39e90264f33305004495a9","hash":"562cc700c3f998bc6c1caa4e92ac2cfe8ab4919b"}
,"C:\\Users\\mkhaw\\Documents\\Code\\sistem-apresiasi\\sistem-apresiasi-api\\src\\exceptions\\NotFoundError.js": {"path":"C:\\Users\\mkhaw\\Documents\\Code\\sistem-apresiasi\\sistem-apresiasi-api\\src\\exceptions\\NotFoundError.js","statementMap":{"0":{"start":{"line":5,"column":4},"end":{"line":5,"column":24}},"1":{"start":{"line":6,"column":4},"end":{"line":6,"column":32}}},"fnMap":{"0":{"name":"(anonymous_0)","decl":{"start":{"line":4,"column":2},"end":{"line":4,"column":3}},"loc":{"start":{"line":4,"column":23},"end":{"line":7,"column":3}},"line":4}},"branchMap":{},"s":{"0":11,"1":11},"f":{"0":11},"b":{},"_coverageSchema":"1a1c01bbd47fc00a2c39e90264f33305004495a9","hash":"21f0a644c66c1b9d8351722a6e67035a316ca94b"}
,"C:\\Users\\mkhaw\\Documents\\Code\\sistem-apresiasi\\sistem-apresiasi-api\\src\\middleware\\authenticateToken.js": {"path":"C:\\Users\\mkhaw\\Documents\\Code\\sistem-apresiasi\\sistem-apresiasi-api\\src\\middleware\\authenticateToken.js","statementMap":{"0":{"start":{"line":5,"column":28},"end":{"line":5,"column":39}},"1":{"start":{"line":7,"column":2},"end":{"line":7,"column":78}},"2":{"start":{"line":7,"column":22},"end":{"line":7,"column":78}},"3":{"start":{"line":9,"column":16},"end":{"line":9,"column":43}},"4":{"start":{"line":11,"column":2},"end":{"line":17,"column":5}},"5":{"start":{"line":12,"column":4},"end":{"line":12,"column":60}},"6":{"start":{"line":12,"column":13},"end":{"line":12,"column":60}},"7":{"start":{"line":14,"column":4},"end":{"line":14,"column":25}},"8":{"start":{"line":15,"column":4},"end":{"line":15,"column":29}},"9":{"start":{"line":16,"column":4},"end":{"line":16,"column":11}}},"fnMap":{"0":{"name":"authenticateToken","decl":{"start":{"line":4,"column":16},"end":{"line":4,"column":33}},"loc":{"start":{"line":4,"column":50},"end":{"line":18,"column":1}},"line":4},"1":{"name":"(anonymous_1)","decl":{"start":{"line":11,"column":50},"end":{"line":11,"column":51}},"loc":{"start":{"line":11,"column":65},"end":{"line":17,"column":3}},"line":11}},"branchMap":{"0":{"loc":{"start":{"line":7,"column":2},"end":{"line":7,"column":78}},"type":"if","locations":[{"start":{"line":7,"column":2},"end":{"line":7,"column":78}},{"start":{},"end":{}}],"line":7},"1":{"loc":{"start":{"line":12,"column":4},"end":{"line":12,"column":60}},"type":"if","locations":[{"start":{"line":12,"column":4},"end":{"line":12,"column":60}},{"start":{},"end":{}}],"line":12}},"s":{"0":5,"1":5,"2":2,"3":3,"4":3,"5":3,"6":2,"7":1,"8":1,"9":1},"f":{"0":5,"1":3},"b":{"0":[2,3],"1":[2,1]},"_coverageSchema":"1a1c01bbd47fc00a2c39e90264f33305004495a9","hash":"0927c1f6a62094aa8b463555fdd54aa32faecbf4"}
,"C:\\Users\\mkhaw\\Documents\\Code\\sistem-apresiasi\\sistem-apresiasi-api\\src\\middleware\\errorHandler.js": {"path":"C:\\Users\\mkhaw\\Documents\\Code\\sistem-apresiasi\\sistem-apresiasi-api\\src\\middleware\\errorHandler.js","statementMap":{"0":{"start":{"line":3,"column":28},"end":{"line":12,"column":1}},"1":{"start":{"line":4,"column":2},"end":{"line":9,"column":3}},"2":{"start":{"line":5,"column":4},"end":{"line":8,"column":7}},"3":{"start":{"line":11,"column":2},"end":{"line":11,"column":45}}},"fnMap":{"0":{"name":"(anonymous_0)","decl":{"start":{"line":3,"column":28},"end":{"line":3,"column":29}},"loc":{"start":{"line":3,"column":55},"end":{"line":12,"column":1}},"line":3}},"branchMap":{"0":{"loc":{"start":{"line":4,"column":2},"end":{"line":9,"column":3}},"type":"if","locations":[{"start":{"line":4,"column":2},"end":{"line":9,"column":3}},{"start":{},"end":{}}],"line":4}},"s":{"0":1,"1":2,"2":1,"3":1},"f":{"0":2},"b":{"0":[1,1]},"_coverageSchema":"1a1c01bbd47fc00a2c39e90264f33305004495a9","hash":"21f00c8ef5731a28abebdd852cd009d7288a8519"}
,"C:\\Users\\mkhaw\\Documents\\Code\\sistem-apresiasi\\sistem-apresiasi-api\\src\\middleware\\uploadImage.js": {"path":"C:\\Users\\mkhaw\\Documents\\Code\\sistem-apresiasi\\sistem-apresiasi-api\\src\\middleware\\uploadImage.js","statementMap":{"0":{"start":{"line":5,"column":35},"end":{"line":10,"column":1}},"1":{"start":{"line":6,"column":26},"end":{"line":6,"column":44}},"2":{"start":{"line":7,"column":4},"end":{"line":9,"column":5}},"3":{"start":{"line":8,"column":8},"end":{"line":8,"column":56}},"4":{"start":{"line":13,"column":0},"end":{"line":13,"column":21}},"5":{"start":{"line":15,"column":16},"end":{"line":25,"column":2}},"6":{"start":{"line":17,"column":8},"end":{"line":17,"column":36}},"7":{"start":{"line":20,"column":8},"end":{"line":23,"column":9}},"8":{"start":{"line":27,"column":15},"end":{"line":27,"column":34}}},"fnMap":{"0":{"name":"(anonymous_0)","decl":{"start":{"line":5,"column":35},"end":{"line":5,"column":36}},"loc":{"start":{"line":5,"column":41},"end":{"line":10,"column":1}},"line":5},"1":{"name":"(anonymous_1)","decl":{"start":{"line":16,"column":17},"end":{"line":16,"column":18}},"loc":{"start":{"line":16,"column":36},"end":{"line":18,"column":5}},"line":16},"2":{"name":"(anonymous_2)","decl":{"start":{"line":19,"column":14},"end":{"line":19,"column":15}},"loc":{"start":{"line":19,"column":33},"end":{"line":24,"column":5}},"line":19}},"branchMap":{"0":{"loc":{"start":{"line":7,"column":4},"end":{"line":9,"column":5}},"type":"if","locations":[{"start":{"line":7,"column":4},"end":{"line":9,"column":5}},{"start":{},"end":{}}],"line":7}},"s":{"0":1,"1":3,"2":3,"3":2,"4":1,"5":1,"6":0,"7":0,"8":1},"f":{"0":3,"1":0,"2":0},"b":{"0":[2,1]},"_coverageSchema":"1a1c01bbd47fc00a2c39e90264f33305004495a9","hash":"d37a940a8fa00c00c58e2cc8e3ac77d79c54c85f"}
,"C:\\Users\\mkhaw\\Documents\\Code\\sistem-apresiasi\\sistem-apresiasi-api\\src\\services\\ActivitiesService.js": {"path":"C:\\Users\\mkhaw\\Documents\\Code\\sistem-apresiasi\\sistem-apresiasi-api\\src\\services\\ActivitiesService.js","statementMap":{"0":{"start":{"line":7,"column":24},"end":{"line":14,"column":1}},"1":{"start":{"line":16,"column":15},"end":{"line":16,"column":33}},"2":{"start":{"line":31,"column":4},"end":{"line":38,"column":5}},"3":{"start":{"line":32,"column":8},"end":{"line":32,"column":18}},"4":{"start":{"line":34,"column":21},"end":{"line":34,"column":55}},"5":{"start":{"line":35,"column":21},"end":{"line":35,"column":35}},"6":{"start":{"line":37,"column":8},"end":{"line":37,"column":76}},"7":{"start":{"line":39,"column":29},"end":{"line":39,"column":59}},"8":{"start":{"line":41,"column":24},"end":{"line":55,"column":6}},"9":{"start":{"line":57,"column":4},"end":{"line":59,"column":5}},"10":{"start":{"line":58,"column":8},"end":{"line":58,"column":60}},"11":{"start":{"line":61,"column":4},"end":{"line":64,"column":5}},"12":{"start":{"line":68,"column":22},"end":{"line":72,"column":6}},"13":{"start":{"line":74,"column":4},"end":{"line":76,"column":5}},"14":{"start":{"line":75,"column":8},"end":{"line":75,"column":53}},"15":{"start":{"line":78,"column":4},"end":{"line":78,"column":20}},"16":{"start":{"line":82,"column":23},"end":{"line":91,"column":6}},"17":{"start":{"line":93,"column":4},"end":{"line":95,"column":5}},"18":{"start":{"line":94,"column":8},"end":{"line":94,"column":55}},"19":{"start":{"line":97,"column":4},"end":{"line":97,"column":21}},"20":{"start":{"line":101,"column":21},"end":{"line":114,"column":6}},"21":{"start":{"line":116,"column":4},"end":{"line":118,"column":5}},"22":{"start":{"line":117,"column":8},"end":{"line":117,"column":68}},"23":{"start":{"line":120,"column":4},"end":{"line":120,"column":19}},"24":{"start":{"line":124,"column":19},"end":{"line":128,"column":6}},"25":{"start":{"line":130,"column":4},"end":{"line":132,"column":5}},"26":{"start":{"line":131,"column":8},"end":{"line":131,"column":68}},"27":{"start":{"line":134,"column":4},"end":{"line":141,"column":6}},"28":{"start":{"line":143,"column":4},"end":{"line":145,"column":5}},"29":{"start":{"line":144,"column":8},"end":{"line":144,"column":61}},"30":{"start":{"line":147,"column":4},"end":{"line":155,"column":5}},"31":{"start":{"line":148,"column":8},"end":{"line":154,"column":10}},"32":{"start":{"line":159,"column":23},"end":{"line":164,"column":6}},"33":{"start":{"line":166,"column":4},"end":{"line":170,"column":5}},"34":{"start":{"line":167,"column":8},"end":{"line":169,"column":9}},"35":{"start":{"line":172,"column":34},"end":{"line":177,"column":10}},"36":{"start":{"line":173,"column":43},"end":{"line":173,"column":51}},"37":{"start":{"line":175,"column":8},"end":{"line":175,"column":65}},"38":{"start":{"line":176,"column":8},"end":{"line":176,"column":18}},"39":{"start":{"line":179,"column":4},"end":{"line":179,"column":32}},"40":{"start":{"line":183,"column":21},"end":{"line":187,"column":6}},"41":{"start":{"line":189,"column":4},"end":{"line":191,"column":5}},"42":{"start":{"line":190,"column":8},"end":{"line":190,"column":58}},"43":{"start":{"line":193,"column":4},"end":{"line":195,"column":5}},"44":{"start":{"line":194,"column":8},"end":{"line":194,"column":87}},"45":{"start":{"line":199,"column":18},"end":{"line":203,"column":6}},"46":{"start":{"line":204,"column":21},"end":{"line":211,"column":6}},"47":{"start":{"line":213,"column":4},"end":{"line":215,"column":5}},"48":{"start":{"line":214,"column":8},"end":{"line":214,"column":80}}},"fnMap":{"0":{"name":"create","decl":{"start":{"line":18,"column":22},"end":{"line":18,"column":28}},"loc":{"start":{"line":28,"column":3},"end":{"line":65,"column":1}},"line":28},"1":{"name":"getByOwnerId","decl":{"start":{"line":67,"column":22},"end":{"line":67,"column":34}},"loc":{"start":{"line":67,"column":44},"end":{"line":79,"column":1}},"line":67},"2":{"name":"getByFaculty","decl":{"start":{"line":81,"column":22},"end":{"line":81,"column":34}},"loc":{"start":{"line":81,"column":44},"end":{"line":98,"column":1}},"line":81},"3":{"name":"getById","decl":{"start":{"line":100,"column":22},"end":{"line":100,"column":29}},"loc":{"start":{"line":100,"column":34},"end":{"line":121,"column":1}},"line":100},"4":{"name":"processActivity","decl":{"start":{"line":123,"column":22},"end":{"line":123,"column":37}},"loc":{"start":{"line":123,"column":59},"end":{"line":156,"column":1}},"line":123},"5":{"name":"getTotalPoint","decl":{"start":{"line":158,"column":22},"end":{"line":158,"column":35}},"loc":{"start":{"line":158,"column":45},"end":{"line":180,"column":1}},"line":158},"6":{"name":"(anonymous_6)","decl":{"start":{"line":172,"column":52},"end":{"line":172,"column":53}},"loc":{"start":{"line":172,"column":71},"end":{"line":177,"column":5}},"line":172},"7":{"name":"verifyOwner","decl":{"start":{"line":182,"column":22},"end":{"line":182,"column":33}},"loc":{"start":{"line":182,"column":47},"end":{"line":196,"column":1}},"line":182},"8":{"name":"verifyAccess","decl":{"start":{"line":198,"column":22},"end":{"line":198,"column":34}},"loc":{"start":{"line":198,"column":47},"end":{"line":216,"column":1}},"line":198}},"branchMap":{"0":{"loc":{"start":{"line":31,"column":4},"end":{"line":38,"column":5}},"type":"if","locations":[{"start":{"line":31,"column":4},"end":{"line":38,"column":5}},{"start":{"line":33,"column":11},"end":{"line":38,"column":5}}],"line":31},"1":{"loc":{"start":{"line":57,"column":4},"end":{"line":59,"column":5}},"type":"if","locations":[{"start":{"line":57,"column":4},"end":{"line":59,"column":5}},{"start":{},"end":{}}],"line":57},"2":{"loc":{"start":{"line":74,"column":4},"end":{"line":76,"column":5}},"type":"if","locations":[{"start":{"line":74,"column":4},"end":{"line":76,"column":5}},{"start":{},"end":{}}],"line":74},"3":{"loc":{"start":{"line":93,"column":4},"end":{"line":95,"column":5}},"type":"if","locations":[{"start":{"line":93,"column":4},"end":{"line":95,"column":5}},{"start":{},"end":{}}],"line":93},"4":{"loc":{"start":{"line":116,"column":4},"end":{"line":118,"column":5}},"type":"if","locations":[{"start":{"line":116,"column":4},"end":{"line":118,"column":5}},{"start":{},"end":{}}],"line":116},"5":{"loc":{"start":{"line":130,"column":4},"end":{"line":132,"column":5}},"type":"if","locations":[{"start":{"line":130,"column":4},"end":{"line":132,"column":5}},{"start":{},"end":{}}],"line":130},"6":{"loc":{"start":{"line":143,"column":4},"end":{"line":145,"column":5}},"type":"if","locations":[{"start":{"line":143,"column":4},"end":{"line":145,"column":5}},{"start":{},"end":{}}],"line":143},"7":{"loc":{"start":{"line":147,"column":4},"end":{"line":155,"column":5}},"type":"if","locations":[{"start":{"line":147,"column":4},"end":{"line":155,"column":5}},{"start":{},"end":{}}],"line":147},"8":{"loc":{"start":{"line":166,"column":4},"end":{"line":170,"column":5}},"type":"if","locations":[{"start":{"line":166,"column":4},"end":{"line":170,"column":5}},{"start":{},"end":{}}],"line":166},"9":{"loc":{"start":{"line":175,"column":31},"end":{"line":175,"column":55}},"type":"binary-expr","locations":[{"start":{"line":175,"column":31},"end":{"line":175,"column":50}},{"start":{"line":175,"column":54},"end":{"line":175,"column":55}}],"line":175},"10":{"loc":{"start":{"line":189,"column":4},"end":{"line":191,"column":5}},"type":"if","locations":[{"start":{"line":189,"column":4},"end":{"line":191,"column":5}},{"start":{},"end":{}}],"line":189},"11":{"loc":{"start":{"line":193,"column":4},"end":{"line":195,"column":5}},"type":"if","locations":[{"start":{"line":193,"column":4},"end":{"line":195,"column":5}},{"start":{},"end":{}}],"line":193},"12":{"loc":{"start":{"line":213,"column":4},"end":{"line":215,"column":5}},"type":"if","locations":[{"start":{"line":213,"column":4},"end":{"line":215,"column":5}},{"start":{},"end":{}}],"line":213}},"s":{"0":1,"1":1,"2":2,"3":1,"4":1,"5":1,"6":1,"7":2,"8":2,"9":2,"10":1,"11":1,"12":2,"13":2,"14":1,"15":1,"16":2,"17":2,"18":1,"19":1,"20":2,"21":2,"22":1,"23":1,"24":4,"25":4,"26":1,"27":3,"28":3,"29":1,"30":2,"31":1,"32":2,"33":2,"34":1,"35":1,"36":3,"37":3,"38":3,"39":1,"40":3,"41":3,"42":1,"43":2,"44":1,"45":2,"46":2,"47":2,"48":1},"f":{"0":2,"1":2,"2":2,"3":2,"4":4,"5":2,"6":3,"7":3,"8":2},"b":{"0":[1,1],"1":[1,1],"2":[1,1],"3":[1,1],"4":[1,1],"5":[1,3],"6":[1,2],"7":[1,1],"8":[1,1],"9":[3,2],"10":[1,2],"11":[1,1],"12":[1,1]},"_coverageSchema":"1a1c01bbd47fc00a2c39e90264f33305004495a9","hash":"ed179ae7547e75ede80e7dc91c4c1b6cdda35153"}
,"C:\\Users\\mkhaw\\Documents\\Code\\sistem-apresiasi\\sistem-apresiasi-api\\src\\services\\UsersService.js": {"path":"C:\\Users\\mkhaw\\Documents\\Code\\sistem-apresiasi\\sistem-apresiasi-api\\src\\services\\UsersService.js","statementMap":{"0":{"start":{"line":10,"column":22},"end":{"line":10,"column":40}},"1":{"start":{"line":11,"column":19},"end":{"line":11,"column":50}},"2":{"start":{"line":12,"column":13},"end":{"line":12,"column":44}},"3":{"start":{"line":15,"column":21},"end":{"line":19,"column":6}},"4":{"start":{"line":21,"column":4},"end":{"line":23,"column":5}},"5":{"start":{"line":22,"column":8},"end":{"line":22,"column":48}},"6":{"start":{"line":25,"column":27},"end":{"line":25,"column":58}},"7":{"start":{"line":27,"column":18},"end":{"line":38,"column":6}},"8":{"start":{"line":40,"column":4},"end":{"line":42,"column":5}},"9":{"start":{"line":41,"column":8},"end":{"line":41,"column":55}},"10":{"start":{"line":44,"column":4},"end":{"line":44,"column":19}},"11":{"start":{"line":48,"column":18},"end":{"line":50,"column":6}},"12":{"start":{"line":52,"column":4},"end":{"line":54,"column":5}},"13":{"start":{"line":53,"column":8},"end":{"line":53,"column":39}},"14":{"start":{"line":58,"column":17},"end":{"line":62,"column":6}},"15":{"start":{"line":64,"column":4},"end":{"line":66,"column":5}},"16":{"start":{"line":65,"column":8},"end":{"line":65,"column":54}},"17":{"start":{"line":68,"column":4},"end":{"line":68,"column":15}},"18":{"start":{"line":72,"column":23},"end":{"line":79,"column":6}},"19":{"start":{"line":81,"column":4},"end":{"line":83,"column":5}},"20":{"start":{"line":82,"column":8},"end":{"line":82,"column":55}},"21":{"start":{"line":87,"column":17},"end":{"line":91,"column":6}},"22":{"start":{"line":93,"column":4},"end":{"line":125,"column":5}},"23":{"start":{"line":94,"column":23},"end":{"line":94,"column":55}},"24":{"start":{"line":96,"column":34},"end":{"line":96,"column":66}},"25":{"start":{"line":98,"column":24},"end":{"line":111,"column":10}},"26":{"start":{"line":113,"column":29},"end":{"line":113,"column":36}},"27":{"start":{"line":115,"column":8},"end":{"line":115,"column":27}},"28":{"start":{"line":117,"column":55},"end":{"line":117,"column":59}},"29":{"start":{"line":119,"column":22},"end":{"line":119,"column":68}},"30":{"start":{"line":121,"column":8},"end":{"line":123,"column":9}},"31":{"start":{"line":122,"column":12},"end":{"line":122,"column":87}},"32":{"start":{"line":124,"column":8},"end":{"line":124,"column":27}},"33":{"start":{"line":129,"column":19},"end":{"line":129,"column":70}},"34":{"start":{"line":131,"column":4},"end":{"line":135,"column":5}},"35":{"start":{"line":132,"column":8},"end":{"line":132,"column":83}},"36":{"start":{"line":134,"column":8},"end":{"line":134,"column":26}}},"fnMap":{"0":{"name":"create","decl":{"start":{"line":14,"column":22},"end":{"line":14,"column":28}},"loc":{"start":{"line":14,"column":93},"end":{"line":45,"column":1}},"line":14},"1":{"name":"checkUserIsExit","decl":{"start":{"line":47,"column":22},"end":{"line":47,"column":37}},"loc":{"start":{"line":47,"column":43},"end":{"line":55,"column":1}},"line":47},"2":{"name":"getById","decl":{"start":{"line":57,"column":22},"end":{"line":57,"column":29}},"loc":{"start":{"line":57,"column":34},"end":{"line":69,"column":1}},"line":57},"3":{"name":"update","decl":{"start":{"line":71,"column":22},"end":{"line":71,"column":28}},"loc":{"start":{"line":71,"column":39},"end":{"line":84,"column":1}},"line":71},"4":{"name":"login","decl":{"start":{"line":86,"column":22},"end":{"line":86,"column":27}},"loc":{"start":{"line":86,"column":43},"end":{"line":126,"column":1}},"line":86},"5":{"name":"getUserFromWebService","decl":{"start":{"line":128,"column":22},"end":{"line":128,"column":43}},"loc":{"start":{"line":128,"column":49},"end":{"line":136,"column":1}},"line":128}},"branchMap":{"0":{"loc":{"start":{"line":14,"column":68},"end":{"line":14,"column":82}},"type":"default-arg","locations":[{"start":{"line":14,"column":75},"end":{"line":14,"column":82}}],"line":14},"1":{"loc":{"start":{"line":21,"column":4},"end":{"line":23,"column":5}},"type":"if","locations":[{"start":{"line":21,"column":4},"end":{"line":23,"column":5}},{"start":{},"end":{}}],"line":21},"2":{"loc":{"start":{"line":40,"column":4},"end":{"line":42,"column":5}},"type":"if","locations":[{"start":{"line":40,"column":4},"end":{"line":42,"column":5}},{"start":{},"end":{}}],"line":40},"3":{"loc":{"start":{"line":52,"column":4},"end":{"line":54,"column":5}},"type":"if","locations":[{"start":{"line":52,"column":4},"end":{"line":54,"column":5}},{"start":{},"end":{}}],"line":52},"4":{"loc":{"start":{"line":64,"column":4},"end":{"line":66,"column":5}},"type":"if","locations":[{"start":{"line":64,"column":4},"end":{"line":66,"column":5}},{"start":{},"end":{}}],"line":64},"5":{"loc":{"start":{"line":81,"column":4},"end":{"line":83,"column":5}},"type":"if","locations":[{"start":{"line":81,"column":4},"end":{"line":83,"column":5}},{"start":{},"end":{}}],"line":81},"6":{"loc":{"start":{"line":93,"column":4},"end":{"line":125,"column":5}},"type":"if","locations":[{"start":{"line":93,"column":4},"end":{"line":125,"column":5}},{"start":{"line":116,"column":11},"end":{"line":125,"column":5}}],"line":93},"7":{"loc":{"start":{"line":121,"column":8},"end":{"line":123,"column":9}},"type":"if","locations":[{"start":{"line":121,"column":8},"end":{"line":123,"column":9}},{"start":{},"end":{}}],"line":121},"8":{"loc":{"start":{"line":131,"column":4},"end":{"line":135,"column":5}},"type":"if","locations":[{"start":{"line":131,"column":4},"end":{"line":135,"column":5}},{"start":{"line":133,"column":11},"end":{"line":135,"column":5}}],"line":131}},"s":{"0":1,"1":1,"2":1,"3":3,"4":3,"5":1,"6":2,"7":2,"8":2,"9":1,"10":1,"11":2,"12":2,"13":1,"14":3,"15":3,"16":2,"17":1,"18":2,"19":2,"20":1,"21":2,"22":2,"23":0,"24":0,"25":0,"26":0,"27":0,"28":2,"29":2,"30":2,"31":1,"32":1,"33":0,"34":0,"35":0,"36":0},"f":{"0":3,"1":2,"2":3,"3":2,"4":2,"5":0},"b":{"0":[3],"1":[1,2],"2":[1,1],"3":[1,1],"4":[2,1],"5":[1,1],"6":[0,2],"7":[1,1],"8":[0,0]},"_coverageSchema":"1a1c01bbd47fc00a2c39e90264f33305004495a9","hash":"98a469b68ca1247322630af7c45d8a3864cbe9ef"}
,"C:\\Users\\mkhaw\\Documents\\Code\\sistem-apresiasi\\sistem-apresiasi-api\\src\\utils\\index.js": {"path":"C:\\Users\\mkhaw\\Documents\\Code\\sistem-apresiasi\\sistem-apresiasi-api\\src\\utils\\index.js","statementMap":{"0":{"start":{"line":5,"column":24},"end":{"line":9,"column":1}},"1":{"start":{"line":6,"column":23},"end":{"line":6,"column":53}},"2":{"start":{"line":7,"column":20},"end":{"line":7,"column":42}},"3":{"start":{"line":8,"column":4},"end":{"line":8,"column":18}},"4":{"start":{"line":11,"column":27},"end":{"line":36,"column":1}},"5":{"start":{"line":12,"column":4},"end":{"line":12,"column":37}},"6":{"start":{"line":14,"column":4},"end":{"line":16,"column":5}},"7":{"start":{"line":15,"column":8},"end":{"line":15,"column":35}},"8":{"start":{"line":17,"column":26},"end":{"line":17,"column":82}},"9":{"start":{"line":17,"column":55},"end":{"line":17,"column":81}},"10":{"start":{"line":19,"column":4},"end":{"line":21,"column":5}},"11":{"start":{"line":20,"column":8},"end":{"line":20,"column":59}},"12":{"start":{"line":23,"column":4},"end":{"line":27,"column":5}},"13":{"start":{"line":24,"column":8},"end":{"line":26,"column":38}},"14":{"start":{"line":29,"column":4},"end":{"line":35,"column":5}},"15":{"start":{"line":30,"column":8},"end":{"line":32,"column":42}},"16":{"start":{"line":34,"column":8},"end":{"line":34,"column":67}},"17":{"start":{"line":38,"column":24},"end":{"line":44,"column":1}},"18":{"start":{"line":38,"column":40},"end":{"line":44,"column":1}},"19":{"start":{"line":39,"column":4},"end":{"line":43,"column":5}},"20":{"start":{"line":40,"column":8},"end":{"line":40,"column":34}},"21":{"start":{"line":42,"column":8},"end":{"line":42,"column":26}},"22":{"start":{"line":46,"column":35},"end":{"line":67,"column":1}},"23":{"start":{"line":54,"column":4},"end":{"line":56,"column":5}},"24":{"start":{"line":55,"column":8},"end":{"line":55,"column":80}},"25":{"start":{"line":58,"column":4},"end":{"line":66,"column":5}},"26":{"start":{"line":65,"column":8},"end":{"line":65,"column":81}}},"fnMap":{"0":{"name":"(anonymous_0)","decl":{"start":{"line":5,"column":24},"end":{"line":5,"column":25}},"loc":{"start":{"line":5,"column":34},"end":{"line":9,"column":1}},"line":5},"1":{"name":"(anonymous_1)","decl":{"start":{"line":11,"column":27},"end":{"line":11,"column":28}},"loc":{"start":{"line":11,"column":80},"end":{"line":36,"column":1}},"line":11},"2":{"name":"(anonymous_2)","decl":{"start":{"line":17,"column":45},"end":{"line":17,"column":46}},"loc":{"start":{"line":17,"column":55},"end":{"line":17,"column":81}},"line":17},"3":{"name":"(anonymous_3)","decl":{"start":{"line":38,"column":24},"end":{"line":38,"column":25}},"loc":{"start":{"line":38,"column":40},"end":{"line":44,"column":1}},"line":38},"4":{"name":"(anonymous_4)","decl":{"start":{"line":38,"column":40},"end":{"line":38,"column":41}},"loc":{"start":{"line":38,"column":66},"end":{"line":44,"column":1}},"line":38},"5":{"name":"(anonymous_5)","decl":{"start":{"line":46,"column":35},"end":{"line":46,"column":36}},"loc":{"start":{"line":53,"column":6},"end":{"line":67,"column":1}},"line":53}},"branchMap":{"0":{"loc":{"start":{"line":14,"column":4},"end":{"line":16,"column":5}},"type":"if","locations":[{"start":{"line":14,"column":4},"end":{"line":16,"column":5}},{"start":{},"end":{}}],"line":14},"1":{"loc":{"start":{"line":19,"column":4},"end":{"line":21,"column":5}},"type":"if","locations":[{"start":{"line":19,"column":4},"end":{"line":21,"column":5}},{"start":{},"end":{}}],"line":19},"2":{"loc":{"start":{"line":23,"column":4},"end":{"line":27,"column":5}},"type":"if","locations":[{"start":{"line":23,"column":4},"end":{"line":27,"column":5}},{"start":{},"end":{}}],"line":23},"3":{"loc":{"start":{"line":24,"column":15},"end":{"line":26,"column":38}},"type":"cond-expr","locations":[{"start":{"line":25,"column":14},"end":{"line":25,"column":60}},{"start":{"line":26,"column":14},"end":{"line":26,"column":38}}],"line":24},"4":{"loc":{"start":{"line":29,"column":4},"end":{"line":35,"column":5}},"type":"if","locations":[{"start":{"line":29,"column":4},"end":{"line":35,"column":5}},{"start":{"line":33,"column":11},"end":{"line":35,"column":5}}],"line":29},"5":{"loc":{"start":{"line":30,"column":15},"end":{"line":32,"column":42}},"type":"cond-expr","locations":[{"start":{"line":31,"column":14},"end":{"line":31,"column":64}},{"start":{"line":32,"column":14},"end":{"line":32,"column":42}}],"line":30},"6":{"loc":{"start":{"line":54,"column":4},"end":{"line":56,"column":5}},"type":"if","locations":[{"start":{"line":54,"column":4},"end":{"line":56,"column":5}},{"start":{},"end":{}}],"line":54},"7":{"loc":{"start":{"line":54,"column":8},"end":{"line":54,"column":48}},"type":"binary-expr","locations":[{"start":{"line":54,"column":8},"end":{"line":54,"column":24}},{"start":{"line":54,"column":28},"end":{"line":54,"column":48}}],"line":54},"8":{"loc":{"start":{"line":58,"column":4},"end":{"line":66,"column":5}},"type":"if","locations":[{"start":{"line":58,"column":4},"end":{"line":66,"column":5}},{"start":{},"end":{}}],"line":58},"9":{"loc":{"start":{"line":59,"column":8},"end":{"line":63,"column":25}},"type":"binary-expr","locations":[{"start":{"line":59,"column":8},"end":{"line":59,"column":32}},{"start":{"line":60,"column":8},"end":{"line":60,"column":30}},{"start":{"line":61,"column":8},"end":{"line":61,"column":27}},{"start":{"line":62,"column":8},"end":{"line":62,"column":26}},{"start":{"line":63,"column":8},"end":{"line":63,"column":25}}],"line":59}},"s":{"0":1,"1":1,"2":1,"3":1,"4":1,"5":6,"6":6,"7":5,"8":6,"9":16,"10":6,"11":1,"12":5,"13":2,"14":3,"15":2,"16":1,"17":1,"18":2,"19":2,"20":2,"21":1,"22":1,"23":3,"24":1,"25":2,"26":1},"f":{"0":1,"1":6,"2":16,"3":2,"4":2,"5":3},"b":{"0":[5,1],"1":[1,5],"2":[2,3],"3":[1,1],"4":[2,1],"5":[1,1],"6":[1,2],"7":[3,3],"8":[1,1],"9":[2,1,1,1,1]},"_coverageSchema":"1a1c01bbd47fc00a2c39e90264f33305004495a9","hash":"c825b4cd7b17ca7d7221a2e684d060a0837b1f59"}
,"C:\\Users\\mkhaw\\Documents\\Code\\sistem-apresiasi\\sistem-apresiasi-api\\src\\utils\\mail.utils.js": {"path":"C:\\Users\\mkhaw\\Documents\\Code\\sistem-apresiasi\\sistem-apresiasi-api\\src\\utils\\mail.utils.js","statementMap":{"0":{"start":{"line":4,"column":15},"end":{"line":4,"column":33}},"1":{"start":{"line":7,"column":17},"end":{"line":11,"column":6}},"2":{"start":{"line":13,"column":21},"end":{"line":18,"column":6}},"3":{"start":{"line":20,"column":21},"end":{"line":42,"column":34}},"4":{"start":{"line":44,"column":4},"end":{"line":44,"column":57}},"5":{"start":{"line":48,"column":17},"end":{"line":52,"column":6}},"6":{"start":{"line":54,"column":21},"end":{"line":58,"column":6}},"7":{"start":{"line":60,"column":21},"end":{"line":80,"column":34}},"8":{"start":{"line":82,"column":4},"end":{"line":82,"column":57}},"9":{"start":{"line":86,"column":17},"end":{"line":90,"column":6}},"10":{"start":{"line":92,"column":21},"end":{"line":108,"column":34}},"11":{"start":{"line":110,"column":4},"end":{"line":110,"column":53}}},"fnMap":{"0":{"name":"pushEmailNotificationFaculty","decl":{"start":{"line":6,"column":22},"end":{"line":6,"column":50}},"loc":{"start":{"line":6,"column":66},"end":{"line":45,"column":1}},"line":6},"1":{"name":"pushEmailNotification","decl":{"start":{"line":47,"column":22},"end":{"line":47,"column":43}},"loc":{"start":{"line":47,"column":59},"end":{"line":83,"column":1}},"line":47},"2":{"name":"pushEmailNotificationMahasiswa","decl":{"start":{"line":85,"column":22},"end":{"line":85,"column":52}},"loc":{"start":{"line":85,"column":62},"end":{"line":111,"column":1}},"line":85}},"branchMap":{},"s":{"0":1,"1":3,"2":3,"3":2,"4":2,"5":3,"6":3,"7":3,"8":2,"9":2,"10":2,"11":1},"f":{"0":3,"1":3,"2":2},"b":{},"_coverageSchema":"1a1c01bbd47fc00a2c39e90264f33305004495a9","hash":"ae7df98c60ebad478baa6e15eb22cf1c2040698a"}
,"C:\\Users\\mkhaw\\Documents\\Code\\sistem-apresiasi\\sistem-apresiasi-api\\src\\utils\\user.utils.js": {"path":"C:\\Users\\mkhaw\\Documents\\Code\\sistem-apresiasi\\sistem-apresiasi-api\\src\\utils\\user.utils.js","statementMap":{"0":{"start":{"line":3,"column":4},"end":{"line":12,"column":5}},"1":{"start":{"line":5,"column":12},"end":{"line":5,"column":34}},"2":{"start":{"line":6,"column":12},"end":{"line":6,"column":17}},"3":{"start":{"line":8,"column":12},"end":{"line":8,"column":40}},"4":{"start":{"line":9,"column":12},"end":{"line":9,"column":17}},"5":{"start":{"line":11,"column":12},"end":{"line":11,"column":17}},"6":{"start":{"line":14,"column":4},"end":{"line":14,"column":23}},"7":{"start":{"line":18,"column":4},"end":{"line":27,"column":5}},"8":{"start":{"line":20,"column":12},"end":{"line":20,"column":36}},"9":{"start":{"line":21,"column":12},"end":{"line":21,"column":17}},"10":{"start":{"line":23,"column":12},"end":{"line":23,"column":42}},"11":{"start":{"line":24,"column":12},"end":{"line":24,"column":17}},"12":{"start":{"line":26,"column":12},"end":{"line":26,"column":17}},"13":{"start":{"line":29,"column":4},"end":{"line":29,"column":25}}},"fnMap":{"0":{"name":"generateStatusActive","decl":{"start":{"line":1,"column":16},"end":{"line":1,"column":36}},"loc":{"start":{"line":1,"column":45},"end":{"line":15,"column":1}},"line":1},"1":{"name":"generateStatusGraduate","decl":{"start":{"line":16,"column":16},"end":{"line":16,"column":38}},"loc":{"start":{"line":16,"column":47},"end":{"line":30,"column":1}},"line":16}},"branchMap":{"0":{"loc":{"start":{"line":3,"column":4},"end":{"line":12,"column":5}},"type":"switch","locations":[{"start":{"line":4,"column":8},"end":{"line":6,"column":17}},{"start":{"line":7,"column":8},"end":{"line":9,"column":17}},{"start":{"line":10,"column":8},"end":{"line":11,"column":17}}],"line":3},"1":{"loc":{"start":{"line":18,"column":4},"end":{"line":27,"column":5}},"type":"switch","locations":[{"start":{"line":19,"column":8},"end":{"line":21,"column":17}},{"start":{"line":22,"column":8},"end":{"line":24,"column":17}},{"start":{"line":25,"column":8},"end":{"line":26,"column":17}}],"line":18}},"s":{"0":3,"1":1,"2":1,"3":1,"4":1,"5":1,"6":3,"7":3,"8":1,"9":1,"10":1,"11":1,"12":1,"13":3},"f":{"0":3,"1":3},"b":{"0":[1,1,1],"1":[1,1,1]},"_coverageSchema":"1a1c01bbd47fc00a2c39e90264f33305004495a9","hash":"e30f7cc770aa7ce845c8b7bf9add9742fcffc0b0"}
,"C:\\Users\\mkhaw\\Documents\\Code\\sistem-apresiasi\\sistem-apresiasi-api\\src\\validations\\achievements\\index.js": {"path":"C:\\Users\\mkhaw\\Documents\\Code\\sistem-apresiasi\\sistem-apresiasi-api\\src\\validations\\achievements\\index.js","statementMap":{"0":{"start":{"line":10,"column":36},"end":{"line":50,"column":1}},"1":{"start":{"line":12,"column":29},"end":{"line":12,"column":75}},"2":{"start":{"line":14,"column":4},"end":{"line":16,"column":5}},"3":{"start":{"line":15,"column":6},"end":{"line":15,"column":63}},"4":{"start":{"line":20,"column":6},"end":{"line":20,"column":63}},"5":{"start":{"line":22,"column":4},"end":{"line":24,"column":5}},"6":{"start":{"line":23,"column":6},"end":{"line":23,"column":63}},"7":{"start":{"line":28,"column":6},"end":{"line":28,"column":62}},"8":{"start":{"line":30,"column":4},"end":{"line":32,"column":5}},"9":{"start":{"line":31,"column":6},"end":{"line":31,"column":63}},"10":{"start":{"line":36,"column":6},"end":{"line":36,"column":66}},"11":{"start":{"line":38,"column":4},"end":{"line":40,"column":5}},"12":{"start":{"line":39,"column":6},"end":{"line":39,"column":63}},"13":{"start":{"line":44,"column":6},"end":{"line":44,"column":65}},"14":{"start":{"line":46,"column":4},"end":{"line":48,"column":5}},"15":{"start":{"line":47,"column":6},"end":{"line":47,"column":63}}},"fnMap":{"0":{"name":"(anonymous_0)","decl":{"start":{"line":11,"column":34},"end":{"line":11,"column":35}},"loc":{"start":{"line":11,"column":47},"end":{"line":17,"column":3}},"line":11},"1":{"name":"(anonymous_1)","decl":{"start":{"line":18,"column":45},"end":{"line":18,"column":46}},"loc":{"start":{"line":18,"column":58},"end":{"line":25,"column":3}},"line":18},"2":{"name":"(anonymous_2)","decl":{"start":{"line":26,"column":44},"end":{"line":26,"column":45}},"loc":{"start":{"line":26,"column":57},"end":{"line":33,"column":3}},"line":26},"3":{"name":"(anonymous_3)","decl":{"start":{"line":34,"column":48},"end":{"line":34,"column":49}},"loc":{"start":{"line":34,"column":61},"end":{"line":41,"column":3}},"line":34},"4":{"name":"(anonymous_4)","decl":{"start":{"line":42,"column":47},"end":{"line":42,"column":48}},"loc":{"start":{"line":42,"column":60},"end":{"line":49,"column":3}},"line":42}},"branchMap":{"0":{"loc":{"start":{"line":14,"column":4},"end":{"line":16,"column":5}},"type":"if","locations":[{"start":{"line":14,"column":4},"end":{"line":16,"column":5}},{"start":{},"end":{}}],"line":14},"1":{"loc":{"start":{"line":22,"column":4},"end":{"line":24,"column":5}},"type":"if","locations":[{"start":{"line":22,"column":4},"end":{"line":24,"column":5}},{"start":{},"end":{}}],"line":22},"2":{"loc":{"start":{"line":30,"column":4},"end":{"line":32,"column":5}},"type":"if","locations":[{"start":{"line":30,"column":4},"end":{"line":32,"column":5}},{"start":{},"end":{}}],"line":30},"3":{"loc":{"start":{"line":38,"column":4},"end":{"line":40,"column":5}},"type":"if","locations":[{"start":{"line":38,"column":4},"end":{"line":40,"column":5}},{"start":{},"end":{}}],"line":38},"4":{"loc":{"start":{"line":46,"column":4},"end":{"line":48,"column":5}},"type":"if","locations":[{"start":{"line":46,"column":4},"end":{"line":48,"column":5}},{"start":{},"end":{}}],"line":46}},"s":{"0":1,"1":3,"2":3,"3":2,"4":3,"5":3,"6":2,"7":3,"8":3,"9":2,"10":3,"11":3,"12":2,"13":3,"14":3,"15":2},"f":{"0":3,"1":3,"2":3,"3":3,"4":3},"b":{"0":[2,1],"1":[2,1],"2":[2,1],"3":[2,1],"4":[2,1]},"_coverageSchema":"1a1c01bbd47fc00a2c39e90264f33305004495a9","hash":"0b18fcc699a5e3548d7ed3b3834e9e9c1250f2db"}
,"C:\\Users\\mkhaw\\Documents\\Code\\sistem-apresiasi\\sistem-apresiasi-api\\src\\validations\\activities\\index.js": {"path":"C:\\Users\\mkhaw\\Documents\\Code\\sistem-apresiasi\\sistem-apresiasi-api\\src\\validations\\activities\\index.js","statementMap":{"0":{"start":{"line":7,"column":33},"end":{"line":22,"column":1}},"1":{"start":{"line":9,"column":29},"end":{"line":9,"column":72}},"2":{"start":{"line":11,"column":4},"end":{"line":13,"column":5}},"3":{"start":{"line":12,"column":6},"end":{"line":12,"column":63}},"4":{"start":{"line":16,"column":29},"end":{"line":16,"column":71}},"5":{"start":{"line":18,"column":4},"end":{"line":20,"column":5}},"6":{"start":{"line":19,"column":6},"end":{"line":19,"column":63}}},"fnMap":{"0":{"name":"(anonymous_0)","decl":{"start":{"line":8,"column":31},"end":{"line":8,"column":32}},"loc":{"start":{"line":8,"column":44},"end":{"line":14,"column":3}},"line":8},"1":{"name":"(anonymous_1)","decl":{"start":{"line":15,"column":30},"end":{"line":15,"column":31}},"loc":{"start":{"line":15,"column":43},"end":{"line":21,"column":3}},"line":15}},"branchMap":{"0":{"loc":{"start":{"line":11,"column":4},"end":{"line":13,"column":5}},"type":"if","locations":[{"start":{"line":11,"column":4},"end":{"line":13,"column":5}},{"start":{},"end":{}}],"line":11},"1":{"loc":{"start":{"line":18,"column":4},"end":{"line":20,"column":5}},"type":"if","locations":[{"start":{"line":18,"column":4},"end":{"line":20,"column":5}},{"start":{},"end":{}}],"line":18}},"s":{"0":1,"1":3,"2":3,"3":2,"4":3,"5":3,"6":2},"f":{"0":3,"1":3},"b":{"0":[2,1],"1":[2,1]},"_coverageSchema":"1a1c01bbd47fc00a2c39e90264f33305004495a9","hash":"1b96a79f711461eb013e229e2738f729d2c4c252"}
,"C:\\Users\\mkhaw\\Documents\\Code\\sistem-apresiasi\\sistem-apresiasi-api\\src\\validations\\authentications\\index.js": {"path":"C:\\Users\\mkhaw\\Documents\\Code\\sistem-apresiasi\\sistem-apresiasi-api\\src\\validations\\authentications\\index.js","statementMap":{"0":{"start":{"line":4,"column":40},"end":{"line":12,"column":1}},"1":{"start":{"line":6,"column":29},"end":{"line":6,"column":75}},"2":{"start":{"line":8,"column":4},"end":{"line":10,"column":5}},"3":{"start":{"line":9,"column":6},"end":{"line":9,"column":63}}},"fnMap":{"0":{"name":"(anonymous_0)","decl":{"start":{"line":5,"column":34},"end":{"line":5,"column":35}},"loc":{"start":{"line":5,"column":47},"end":{"line":11,"column":3}},"line":5}},"branchMap":{"0":{"loc":{"start":{"line":8,"column":4},"end":{"line":10,"column":5}},"type":"if","locations":[{"start":{"line":8,"column":4},"end":{"line":10,"column":5}},{"start":{},"end":{}}],"line":8}},"s":{"0":1,"1":3,"2":3,"3":2},"f":{"0":3},"b":{"0":[2,1]},"_coverageSchema":"1a1c01bbd47fc00a2c39e90264f33305004495a9","hash":"7f2e9dbb296d0915a111ad4ef98d3d30af80fd25"}
,"C:\\Users\\mkhaw\\Documents\\Code\\sistem-apresiasi\\sistem-apresiasi-api\\src\\validations\\skpi\\index.js": {"path":"C:\\Users\\mkhaw\\Documents\\Code\\sistem-apresiasi\\sistem-apresiasi-api\\src\\validations\\skpi\\index.js","statementMap":{"0":{"start":{"line":4,"column":29},"end":{"line":12,"column":1}},"1":{"start":{"line":6,"column":29},"end":{"line":6,"column":68}},"2":{"start":{"line":8,"column":4},"end":{"line":10,"column":5}},"3":{"start":{"line":9,"column":6},"end":{"line":9,"column":63}}},"fnMap":{"0":{"name":"(anonymous_0)","decl":{"start":{"line":5,"column":27},"end":{"line":5,"column":28}},"loc":{"start":{"line":5,"column":40},"end":{"line":11,"column":3}},"line":5}},"branchMap":{"0":{"loc":{"start":{"line":8,"column":4},"end":{"line":10,"column":5}},"type":"if","locations":[{"start":{"line":8,"column":4},"end":{"line":10,"column":5}},{"start":{},"end":{}}],"line":8}},"s":{"0":1,"1":3,"2":3,"3":2},"f":{"0":3},"b":{"0":[2,1]},"_coverageSchema":"1a1c01bbd47fc00a2c39e90264f33305004495a9","hash":"3db96752f4c532f7ca400adbd32f31f066fadfd9"}
,"C:\\Users\\mkhaw\\Documents\\Code\\sistem-apresiasi\\sistem-apresiasi-api\\src\\validations\\ttd\\index.js": {"path":"C:\\Users\\mkhaw\\Documents\\Code\\sistem-apresiasi\\sistem-apresiasi-api\\src\\validations\\ttd\\index.js","statementMap":{"0":{"start":{"line":5,"column":29},"end":{"line":5,"column":67}},"1":{"start":{"line":7,"column":4},"end":{"line":9,"column":5}},"2":{"start":{"line":8,"column":8},"end":{"line":8,"column":64}}},"fnMap":{"0":{"name":"validatePostTtdPayload","decl":{"start":{"line":4,"column":16},"end":{"line":4,"column":38}},"loc":{"start":{"line":4,"column":48},"end":{"line":10,"column":1}},"line":4}},"branchMap":{"0":{"loc":{"start":{"line":7,"column":4},"end":{"line":9,"column":5}},"type":"if","locations":[{"start":{"line":7,"column":4},"end":{"line":9,"column":5}},{"start":{},"end":{}}],"line":7}},"s":{"0":3,"1":3,"2":2},"f":{"0":3},"b":{"0":[2,1]},"_coverageSchema":"1a1c01bbd47fc00a2c39e90264f33305004495a9","hash":"922532afbee63a9af51fb13375d9ead2a638ce5a"}
,"C:\\Users\\mkhaw\\Documents\\Code\\sistem-apresiasi\\sistem-apresiasi-api\\src\\validations\\uploads\\index.js": {"path":"C:\\Users\\mkhaw\\Documents\\Code\\sistem-apresiasi\\sistem-apresiasi-api\\src\\validations\\uploads\\index.js","statementMap":{"0":{"start":{"line":4,"column":31},"end":{"line":12,"column":1}},"1":{"start":{"line":6,"column":33},"end":{"line":6,"column":75}},"2":{"start":{"line":8,"column":8},"end":{"line":10,"column":9}},"3":{"start":{"line":9,"column":12},"end":{"line":9,"column":68}}},"fnMap":{"0":{"name":"(anonymous_0)","decl":{"start":{"line":5,"column":32},"end":{"line":5,"column":33}},"loc":{"start":{"line":5,"column":45},"end":{"line":11,"column":5}},"line":5}},"branchMap":{"0":{"loc":{"start":{"line":8,"column":8},"end":{"line":10,"column":9}},"type":"if","locations":[{"start":{"line":8,"column":8},"end":{"line":10,"column":9}},{"start":{},"end":{}}],"line":8}},"s":{"0":1,"1":3,"2":3,"3":2},"f":{"0":3},"b":{"0":[2,1]},"_coverageSchema":"1a1c01bbd47fc00a2c39e90264f33305004495a9","hash":"46203c21235d2147aa356efd376d94fe42a73755"}
,"C:\\Users\\mkhaw\\Documents\\Code\\sistem-apresiasi\\sistem-apresiasi-api\\src\\validations\\users\\index.js": {"path":"C:\\Users\\mkhaw\\Documents\\Code\\sistem-apresiasi\\sistem-apresiasi-api\\src\\validations\\users\\index.js","statementMap":{"0":{"start":{"line":4,"column":30},"end":{"line":20,"column":1}},"1":{"start":{"line":6,"column":28},"end":{"line":6,"column":68}},"2":{"start":{"line":8,"column":4},"end":{"line":10,"column":5}},"3":{"start":{"line":9,"column":6},"end":{"line":9,"column":62}},"4":{"start":{"line":14,"column":29},"end":{"line":14,"column":68}},"5":{"start":{"line":16,"column":4},"end":{"line":18,"column":5}},"6":{"start":{"line":17,"column":6},"end":{"line":17,"column":63}}},"fnMap":{"0":{"name":"(anonymous_0)","decl":{"start":{"line":5,"column":28},"end":{"line":5,"column":29}},"loc":{"start":{"line":5,"column":41},"end":{"line":11,"column":3}},"line":5},"1":{"name":"(anonymous_1)","decl":{"start":{"line":13,"column":27},"end":{"line":13,"column":28}},"loc":{"start":{"line":13,"column":40},"end":{"line":19,"column":3}},"line":13}},"branchMap":{"0":{"loc":{"start":{"line":8,"column":4},"end":{"line":10,"column":5}},"type":"if","locations":[{"start":{"line":8,"column":4},"end":{"line":10,"column":5}},{"start":{},"end":{}}],"line":8},"1":{"loc":{"start":{"line":16,"column":4},"end":{"line":18,"column":5}},"type":"if","locations":[{"start":{"line":16,"column":4},"end":{"line":18,"column":5}},{"start":{},"end":{}}],"line":16}},"s":{"0":1,"1":3,"2":3,"3":2,"4":3,"5":3,"6":2},"f":{"0":3,"1":3},"b":{"0":[2,1],"1":[2,1]},"_coverageSchema":"1a1c01bbd47fc00a2c39e90264f33305004495a9","hash":"42c60dde62259e30aea0d8374613fa06cadfd129"}
}
