{"C:\\Users\\mkhaw\\Documents\\Code\\sistem-apresiasi\\sistem-apresiasi-api\\src\\controllers\\achievementIndependent.js": {"path":"C:\\Users\\mkhaw\\Documents\\Code\\sistem-apresiasi\\sistem-apresiasi-api\\src\\controllers\\achievementIndependent.js","statementMap":{"0":{"start":{"line":7,"column":52},"end":{"line":59,"column":1}},"1":{"start":{"line":8,"column":4},"end":{"line":8,"column":76}},"2":{"start":{"line":23,"column":8},"end":{"line":23,"column":16}},"3":{"start":{"line":25,"column":4},"end":{"line":27,"column":5}},"4":{"start":{"line":26,"column":8},"end":{"line":26,"column":68}},"5":{"start":{"line":29,"column":18},"end":{"line":29,"column":57}},"6":{"start":{"line":31,"column":4},"end":{"line":35,"column":5}},"7":{"start":{"line":32,"column":8},"end":{"line":34,"column":9}},"8":{"start":{"line":33,"column":12},"end":{"line":33,"column":81}},"9":{"start":{"line":37,"column":27},"end":{"line":51,"column":6}},"10":{"start":{"line":52,"column":4},"end":{"line":58,"column":6}},"11":{"start":{"line":61,"column":51},"end":{"line":71,"column":1}},"12":{"start":{"line":62,"column":4},"end":{"line":64,"column":5}},"13":{"start":{"line":63,"column":8},"end":{"line":63,"column":82}},"14":{"start":{"line":65,"column":25},"end":{"line":65,"column":69}},"15":{"start":{"line":67,"column":4},"end":{"line":70,"column":6}},"16":{"start":{"line":73,"column":60},"end":{"line":81,"column":1}},"17":{"start":{"line":74,"column":18},"end":{"line":74,"column":57}},"18":{"start":{"line":75,"column":25},"end":{"line":75,"column":88}},"19":{"start":{"line":77,"column":4},"end":{"line":80,"column":6}},"20":{"start":{"line":83,"column":55},"end":{"line":104,"column":1}},"21":{"start":{"line":84,"column":19},"end":{"line":84,"column":29}},"22":{"start":{"line":86,"column":4},"end":{"line":88,"column":5}},"23":{"start":{"line":87,"column":8},"end":{"line":87,"column":68}},"24":{"start":{"line":90,"column":24},"end":{"line":90,"column":71}},"25":{"start":{"line":92,"column":18},"end":{"line":92,"column":57}},"26":{"start":{"line":94,"column":4},"end":{"line":98,"column":5}},"27":{"start":{"line":95,"column":8},"end":{"line":97,"column":9}},"28":{"start":{"line":96,"column":12},"end":{"line":96,"column":86}},"29":{"start":{"line":100,"column":4},"end":{"line":103,"column":6}},"30":{"start":{"line":106,"column":55},"end":{"line":161,"column":1}},"31":{"start":{"line":107,"column":4},"end":{"line":107,"column":75}},"32":{"start":{"line":108,"column":19},"end":{"line":108,"column":29}},"33":{"start":{"line":123,"column":8},"end":{"line":123,"column":16}},"34":{"start":{"line":125,"column":4},"end":{"line":127,"column":5}},"35":{"start":{"line":126,"column":8},"end":{"line":126,"column":68}},"36":{"start":{"line":129,"column":30},"end":{"line":129,"column":77}},"37":{"start":{"line":130,"column":18},"end":{"line":130,"column":57}},"38":{"start":{"line":132,"column":4},"end":{"line":136,"column":5}},"39":{"start":{"line":133,"column":8},"end":{"line":135,"column":9}},"40":{"start":{"line":134,"column":12},"end":{"line":134,"column":86}},"41":{"start":{"line":138,"column":32},"end":{"line":152,"column":6}},"42":{"start":{"line":154,"column":4},"end":{"line":160,"column":6}},"43":{"start":{"line":163,"column":58},"end":{"line":185,"column":1}},"44":{"start":{"line":164,"column":19},"end":{"line":164,"column":29}},"45":{"start":{"line":166,"column":4},"end":{"line":168,"column":5}},"46":{"start":{"line":167,"column":8},"end":{"line":167,"column":68}},"47":{"start":{"line":170,"column":30},"end":{"line":170,"column":77}},"48":{"start":{"line":171,"column":18},"end":{"line":171,"column":57}},"49":{"start":{"line":173,"column":4},"end":{"line":177,"column":5}},"50":{"start":{"line":174,"column":8},"end":{"line":176,"column":9}},"51":{"start":{"line":175,"column":12},"end":{"line":175,"column":86}},"52":{"start":{"line":179,"column":4},"end":{"line":179,"column":54}},"53":{"start":{"line":181,"column":4},"end":{"line":184,"column":6}}},"fnMap":{"0":{"name":"(anonymous_0)","decl":{"start":{"line":7,"column":52},"end":{"line":7,"column":53}},"loc":{"start":{"line":7,"column":72},"end":{"line":59,"column":1}},"line":7},"1":{"name":"(anonymous_1)","decl":{"start":{"line":61,"column":51},"end":{"line":61,"column":52}},"loc":{"start":{"line":61,"column":71},"end":{"line":71,"column":1}},"line":61},"2":{"name":"(anonymous_2)","decl":{"start":{"line":73,"column":60},"end":{"line":73,"column":61}},"loc":{"start":{"line":73,"column":80},"end":{"line":81,"column":1}},"line":73},"3":{"name":"(anonymous_3)","decl":{"start":{"line":83,"column":55},"end":{"line":83,"column":56}},"loc":{"start":{"line":83,"column":75},"end":{"line":104,"column":1}},"line":83},"4":{"name":"(anonymous_4)","decl":{"start":{"line":106,"column":55},"end":{"line":106,"column":56}},"loc":{"start":{"line":106,"column":75},"end":{"line":161,"column":1}},"line":106},"5":{"name":"(anonymous_5)","decl":{"start":{"line":163,"column":58},"end":{"line":163,"column":59}},"loc":{"start":{"line":163,"column":78},"end":{"line":185,"column":1}},"line":163}},"branchMap":{"0":{"loc":{"start":{"line":25,"column":4},"end":{"line":27,"column":5}},"type":"if","locations":[{"start":{"line":25,"column":4},"end":{"line":27,"column":5}},{"start":{},"end":{}}],"line":25},"1":{"loc":{"start":{"line":25,"column":8},"end":{"line":25,"column":63}},"type":"binary-expr","locations":[{"start":{"line":25,"column":8},"end":{"line":25,"column":35}},{"start":{"line":25,"column":39},"end":{"line":25,"column":63}}],"line":25},"2":{"loc":{"start":{"line":31,"column":4},"end":{"line":35,"column":5}},"type":"if","locations":[{"start":{"line":31,"column":4},"end":{"line":35,"column":5}},{"start":{},"end":{}}],"line":31},"3":{"loc":{"start":{"line":32,"column":8},"end":{"line":34,"column":9}},"type":"if","locations":[{"start":{"line":32,"column":8},"end":{"line":34,"column":9}},{"start":{},"end":{}}],"line":32},"4":{"loc":{"start":{"line":62,"column":4},"end":{"line":64,"column":5}},"type":"if","locations":[{"start":{"line":62,"column":4},"end":{"line":64,"column":5}},{"start":{},"end":{}}],"line":62},"5":{"loc":{"start":{"line":62,"column":8},"end":{"line":62,"column":57}},"type":"binary-expr","locations":[{"start":{"line":62,"column":8},"end":{"line":62,"column":32}},{"start":{"line":62,"column":36},"end":{"line":62,"column":57}}],"line":62},"6":{"loc":{"start":{"line":86,"column":4},"end":{"line":88,"column":5}},"type":"if","locations":[{"start":{"line":86,"column":4},"end":{"line":88,"column":5}},{"start":{},"end":{}}],"line":86},"7":{"loc":{"start":{"line":94,"column":4},"end":{"line":98,"column":5}},"type":"if","locations":[{"start":{"line":94,"column":4},"end":{"line":98,"column":5}},{"start":{},"end":{}}],"line":94},"8":{"loc":{"start":{"line":94,"column":8},"end":{"line":94,"column":60}},"type":"binary-expr","locations":[{"start":{"line":94,"column":8},"end":{"line":94,"column":35}},{"start":{"line":94,"column":39},"end":{"line":94,"column":60}}],"line":94},"9":{"loc":{"start":{"line":95,"column":8},"end":{"line":97,"column":9}},"type":"if","locations":[{"start":{"line":95,"column":8},"end":{"line":97,"column":9}},{"start":{},"end":{}}],"line":95},"10":{"loc":{"start":{"line":125,"column":4},"end":{"line":127,"column":5}},"type":"if","locations":[{"start":{"line":125,"column":4},"end":{"line":127,"column":5}},{"start":{},"end":{}}],"line":125},"11":{"loc":{"start":{"line":125,"column":8},"end":{"line":125,"column":63}},"type":"binary-expr","locations":[{"start":{"line":125,"column":8},"end":{"line":125,"column":35}},{"start":{"line":125,"column":39},"end":{"line":125,"column":63}}],"line":125},"12":{"loc":{"start":{"line":132,"column":4},"end":{"line":136,"column":5}},"type":"if","locations":[{"start":{"line":132,"column":4},"end":{"line":136,"column":5}},{"start":{},"end":{}}],"line":132},"13":{"loc":{"start":{"line":133,"column":8},"end":{"line":135,"column":9}},"type":"if","locations":[{"start":{"line":133,"column":8},"end":{"line":135,"column":9}},{"start":{},"end":{}}],"line":133},"14":{"loc":{"start":{"line":166,"column":4},"end":{"line":168,"column":5}},"type":"if","locations":[{"start":{"line":166,"column":4},"end":{"line":168,"column":5}},{"start":{},"end":{}}],"line":166},"15":{"loc":{"start":{"line":166,"column":8},"end":{"line":166,"column":63}},"type":"binary-expr","locations":[{"start":{"line":166,"column":8},"end":{"line":166,"column":35}},{"start":{"line":166,"column":39},"end":{"line":166,"column":63}}],"line":166},"16":{"loc":{"start":{"line":173,"column":4},"end":{"line":177,"column":5}},"type":"if","locations":[{"start":{"line":173,"column":4},"end":{"line":177,"column":5}},{"start":{},"end":{}}],"line":173},"17":{"loc":{"start":{"line":174,"column":8},"end":{"line":176,"column":9}},"type":"if","locations":[{"start":{"line":174,"column":8},"end":{"line":176,"column":9}},{"start":{},"end":{}}],"line":174}},"s":{"0":1,"1":4,"2":4,"3":4,"4":1,"5":3,"6":3,"7":2,"8":1,"9":2,"10":2,"11":1,"12":2,"13":1,"14":1,"15":1,"16":1,"17":1,"18":1,"19":1,"20":1,"21":4,"22":4,"23":1,"24":3,"25":3,"26":3,"27":2,"28":1,"29":2,"30":1,"31":4,"32":4,"33":4,"34":4,"35":1,"36":3,"37":3,"38":3,"39":2,"40":1,"41":2,"42":2,"43":1,"44":4,"45":4,"46":1,"47":3,"48":3,"49":3,"50":2,"51":1,"52":2,"53":2},"f":{"0":4,"1":2,"2":1,"3":4,"4":4,"5":4},"b":{"0":[1,3],"1":[4,2],"2":[2,1],"3":[1,1],"4":[1,1],"5":[2,1],"6":[1,3],"7":[2,1],"8":[3,1],"9":[1,1],"10":[1,3],"11":[4,2],"12":[2,1],"13":[1,1],"14":[1,3],"15":[4,2],"16":[2,1],"17":[1,1]},"_coverageSchema":"1a1c01bbd47fc00a2c39e90264f33305004495a9","hash":"8bca45b883d11574cd69ee36e028e4b752ea71fb"}
,"C:\\Users\\mkhaw\\Documents\\Code\\sistem-apresiasi\\sistem-apresiasi-api\\src\\controllers\\achievementNonCompetition.js": {"path":"C:\\Users\\mkhaw\\Documents\\Code\\sistem-apresiasi\\sistem-apresiasi-api\\src\\controllers\\achievementNonCompetition.js","statementMap":{"0":{"start":{"line":7,"column":55},"end":{"line":42,"column":1}},"1":{"start":{"line":8,"column":4},"end":{"line":8,"column":79}},"2":{"start":{"line":10,"column":8},"end":{"line":10,"column":16}},"3":{"start":{"line":12,"column":4},"end":{"line":14,"column":5}},"4":{"start":{"line":13,"column":8},"end":{"line":13,"column":68}},"5":{"start":{"line":16,"column":18},"end":{"line":16,"column":57}},"6":{"start":{"line":18,"column":4},"end":{"line":22,"column":5}},"7":{"start":{"line":19,"column":8},"end":{"line":21,"column":9}},"8":{"start":{"line":20,"column":12},"end":{"line":20,"column":81}},"9":{"start":{"line":24,"column":27},"end":{"line":33,"column":6}},"10":{"start":{"line":35,"column":4},"end":{"line":41,"column":6}},"11":{"start":{"line":44,"column":55},"end":{"line":55,"column":1}},"12":{"start":{"line":45,"column":4},"end":{"line":47,"column":5}},"13":{"start":{"line":46,"column":8},"end":{"line":46,"column":82}},"14":{"start":{"line":49,"column":24},"end":{"line":49,"column":71}},"15":{"start":{"line":51,"column":4},"end":{"line":54,"column":6}},"16":{"start":{"line":57,"column":64},"end":{"line":66,"column":1}},"17":{"start":{"line":58,"column":18},"end":{"line":58,"column":57}},"18":{"start":{"line":60,"column":25},"end":{"line":60,"column":91}},"19":{"start":{"line":62,"column":4},"end":{"line":65,"column":6}},"20":{"start":{"line":68,"column":58},"end":{"line":88,"column":1}},"21":{"start":{"line":69,"column":19},"end":{"line":69,"column":29}},"22":{"start":{"line":71,"column":4},"end":{"line":73,"column":5}},"23":{"start":{"line":72,"column":8},"end":{"line":72,"column":68}},"24":{"start":{"line":75,"column":24},"end":{"line":75,"column":74}},"25":{"start":{"line":76,"column":18},"end":{"line":76,"column":57}},"26":{"start":{"line":78,"column":4},"end":{"line":82,"column":5}},"27":{"start":{"line":79,"column":8},"end":{"line":81,"column":9}},"28":{"start":{"line":80,"column":12},"end":{"line":80,"column":86}},"29":{"start":{"line":84,"column":4},"end":{"line":87,"column":6}},"30":{"start":{"line":90,"column":58},"end":{"line":127,"column":1}},"31":{"start":{"line":91,"column":4},"end":{"line":91,"column":68}},"32":{"start":{"line":92,"column":19},"end":{"line":92,"column":29}},"33":{"start":{"line":94,"column":8},"end":{"line":94,"column":16}},"34":{"start":{"line":96,"column":4},"end":{"line":98,"column":5}},"35":{"start":{"line":97,"column":8},"end":{"line":97,"column":68}},"36":{"start":{"line":100,"column":24},"end":{"line":100,"column":74}},"37":{"start":{"line":101,"column":18},"end":{"line":101,"column":57}},"38":{"start":{"line":103,"column":4},"end":{"line":107,"column":5}},"39":{"start":{"line":104,"column":8},"end":{"line":106,"column":9}},"40":{"start":{"line":105,"column":12},"end":{"line":105,"column":86}},"41":{"start":{"line":109,"column":31},"end":{"line":118,"column":6}},"42":{"start":{"line":120,"column":4},"end":{"line":126,"column":6}},"43":{"start":{"line":129,"column":61},"end":{"line":151,"column":1}},"44":{"start":{"line":130,"column":19},"end":{"line":130,"column":29}},"45":{"start":{"line":132,"column":4},"end":{"line":134,"column":5}},"46":{"start":{"line":133,"column":8},"end":{"line":133,"column":68}},"47":{"start":{"line":136,"column":24},"end":{"line":136,"column":74}},"48":{"start":{"line":137,"column":18},"end":{"line":137,"column":57}},"49":{"start":{"line":139,"column":4},"end":{"line":143,"column":5}},"50":{"start":{"line":140,"column":8},"end":{"line":142,"column":9}},"51":{"start":{"line":141,"column":12},"end":{"line":141,"column":86}},"52":{"start":{"line":145,"column":4},"end":{"line":145,"column":57}},"53":{"start":{"line":147,"column":4},"end":{"line":150,"column":6}}},"fnMap":{"0":{"name":"(anonymous_0)","decl":{"start":{"line":7,"column":55},"end":{"line":7,"column":56}},"loc":{"start":{"line":7,"column":75},"end":{"line":42,"column":1}},"line":7},"1":{"name":"(anonymous_1)","decl":{"start":{"line":44,"column":55},"end":{"line":44,"column":56}},"loc":{"start":{"line":44,"column":75},"end":{"line":55,"column":1}},"line":44},"2":{"name":"(anonymous_2)","decl":{"start":{"line":57,"column":64},"end":{"line":57,"column":65}},"loc":{"start":{"line":57,"column":84},"end":{"line":66,"column":1}},"line":57},"3":{"name":"(anonymous_3)","decl":{"start":{"line":68,"column":58},"end":{"line":68,"column":59}},"loc":{"start":{"line":68,"column":78},"end":{"line":88,"column":1}},"line":68},"4":{"name":"(anonymous_4)","decl":{"start":{"line":90,"column":58},"end":{"line":90,"column":59}},"loc":{"start":{"line":90,"column":78},"end":{"line":127,"column":1}},"line":90},"5":{"name":"(anonymous_5)","decl":{"start":{"line":129,"column":61},"end":{"line":129,"column":62}},"loc":{"start":{"line":129,"column":81},"end":{"line":151,"column":1}},"line":129}},"branchMap":{"0":{"loc":{"start":{"line":12,"column":4},"end":{"line":14,"column":5}},"type":"if","locations":[{"start":{"line":12,"column":4},"end":{"line":14,"column":5}},{"start":{},"end":{}}],"line":12},"1":{"loc":{"start":{"line":12,"column":8},"end":{"line":12,"column":63}},"type":"binary-expr","locations":[{"start":{"line":12,"column":8},"end":{"line":12,"column":35}},{"start":{"line":12,"column":39},"end":{"line":12,"column":63}}],"line":12},"2":{"loc":{"start":{"line":18,"column":4},"end":{"line":22,"column":5}},"type":"if","locations":[{"start":{"line":18,"column":4},"end":{"line":22,"column":5}},{"start":{},"end":{}}],"line":18},"3":{"loc":{"start":{"line":19,"column":8},"end":{"line":21,"column":9}},"type":"if","locations":[{"start":{"line":19,"column":8},"end":{"line":21,"column":9}},{"start":{},"end":{}}],"line":19},"4":{"loc":{"start":{"line":45,"column":4},"end":{"line":47,"column":5}},"type":"if","locations":[{"start":{"line":45,"column":4},"end":{"line":47,"column":5}},{"start":{},"end":{}}],"line":45},"5":{"loc":{"start":{"line":45,"column":8},"end":{"line":45,"column":57}},"type":"binary-expr","locations":[{"start":{"line":45,"column":8},"end":{"line":45,"column":32}},{"start":{"line":45,"column":36},"end":{"line":45,"column":57}}],"line":45},"6":{"loc":{"start":{"line":71,"column":4},"end":{"line":73,"column":5}},"type":"if","locations":[{"start":{"line":71,"column":4},"end":{"line":73,"column":5}},{"start":{},"end":{}}],"line":71},"7":{"loc":{"start":{"line":78,"column":4},"end":{"line":82,"column":5}},"type":"if","locations":[{"start":{"line":78,"column":4},"end":{"line":82,"column":5}},{"start":{},"end":{}}],"line":78},"8":{"loc":{"start":{"line":78,"column":8},"end":{"line":78,"column":60}},"type":"binary-expr","locations":[{"start":{"line":78,"column":8},"end":{"line":78,"column":35}},{"start":{"line":78,"column":39},"end":{"line":78,"column":60}}],"line":78},"9":{"loc":{"start":{"line":79,"column":8},"end":{"line":81,"column":9}},"type":"if","locations":[{"start":{"line":79,"column":8},"end":{"line":81,"column":9}},{"start":{},"end":{}}],"line":79},"10":{"loc":{"start":{"line":96,"column":4},"end":{"line":98,"column":5}},"type":"if","locations":[{"start":{"line":96,"column":4},"end":{"line":98,"column":5}},{"start":{},"end":{}}],"line":96},"11":{"loc":{"start":{"line":96,"column":8},"end":{"line":96,"column":63}},"type":"binary-expr","locations":[{"start":{"line":96,"column":8},"end":{"line":96,"column":35}},{"start":{"line":96,"column":39},"end":{"line":96,"column":63}}],"line":96},"12":{"loc":{"start":{"line":103,"column":4},"end":{"line":107,"column":5}},"type":"if","locations":[{"start":{"line":103,"column":4},"end":{"line":107,"column":5}},{"start":{},"end":{}}],"line":103},"13":{"loc":{"start":{"line":104,"column":8},"end":{"line":106,"column":9}},"type":"if","locations":[{"start":{"line":104,"column":8},"end":{"line":106,"column":9}},{"start":{},"end":{}}],"line":104},"14":{"loc":{"start":{"line":132,"column":4},"end":{"line":134,"column":5}},"type":"if","locations":[{"start":{"line":132,"column":4},"end":{"line":134,"column":5}},{"start":{},"end":{}}],"line":132},"15":{"loc":{"start":{"line":132,"column":8},"end":{"line":132,"column":63}},"type":"binary-expr","locations":[{"start":{"line":132,"column":8},"end":{"line":132,"column":35}},{"start":{"line":132,"column":39},"end":{"line":132,"column":63}}],"line":132},"16":{"loc":{"start":{"line":139,"column":4},"end":{"line":143,"column":5}},"type":"if","locations":[{"start":{"line":139,"column":4},"end":{"line":143,"column":5}},{"start":{},"end":{}}],"line":139},"17":{"loc":{"start":{"line":140,"column":8},"end":{"line":142,"column":9}},"type":"if","locations":[{"start":{"line":140,"column":8},"end":{"line":142,"column":9}},{"start":{},"end":{}}],"line":140}},"s":{"0":1,"1":4,"2":4,"3":4,"4":1,"5":3,"6":3,"7":2,"8":1,"9":2,"10":2,"11":1,"12":2,"13":1,"14":1,"15":1,"16":1,"17":1,"18":1,"19":1,"20":1,"21":4,"22":4,"23":1,"24":3,"25":3,"26":3,"27":2,"28":1,"29":2,"30":1,"31":4,"32":4,"33":4,"34":4,"35":1,"36":3,"37":3,"38":3,"39":2,"40":1,"41":2,"42":2,"43":1,"44":4,"45":4,"46":1,"47":3,"48":3,"49":3,"50":2,"51":1,"52":2,"53":2},"f":{"0":4,"1":2,"2":1,"3":4,"4":4,"5":4},"b":{"0":[1,3],"1":[4,2],"2":[2,1],"3":[1,1],"4":[1,1],"5":[2,1],"6":[1,3],"7":[2,1],"8":[3,1],"9":[1,1],"10":[1,3],"11":[4,2],"12":[2,1],"13":[1,1],"14":[1,3],"15":[4,2],"16":[2,1],"17":[1,1]},"_coverageSchema":"1a1c01bbd47fc00a2c39e90264f33305004495a9","hash":"fb901c573698b44baa33431397f8d20d52775216"}
,"C:\\Users\\mkhaw\\Documents\\Code\\sistem-apresiasi\\sistem-apresiasi-api\\src\\controllers\\activities.js": {"path":"C:\\Users\\mkhaw\\Documents\\Code\\sistem-apresiasi\\sistem-apresiasi-api\\src\\controllers\\activities.js","statementMap":{"0":{"start":{"line":7,"column":38},"end":{"line":33,"column":1}},"1":{"start":{"line":8,"column":2},"end":{"line":8,"column":58}},"2":{"start":{"line":10,"column":17},"end":{"line":10,"column":27}},"3":{"start":{"line":11,"column":99},"end":{"line":11,"column":107}},"4":{"start":{"line":13,"column":22},"end":{"line":23,"column":4}},"5":{"start":{"line":25,"column":2},"end":{"line":25,"column":18}},"6":{"start":{"line":26,"column":2},"end":{"line":32,"column":5}},"7":{"start":{"line":35,"column":39},"end":{"line":46,"column":1}},"8":{"start":{"line":36,"column":17},"end":{"line":36,"column":27}},"9":{"start":{"line":38,"column":21},"end":{"line":38,"column":65}},"10":{"start":{"line":40,"column":2},"end":{"line":45,"column":5}},"11":{"start":{"line":48,"column":41},"end":{"line":59,"column":1}},"12":{"start":{"line":49,"column":17},"end":{"line":49,"column":27}},"13":{"start":{"line":51,"column":19},"end":{"line":51,"column":54}},"14":{"start":{"line":53,"column":2},"end":{"line":58,"column":5}},"15":{"start":{"line":61,"column":45},"end":{"line":72,"column":1}},"16":{"start":{"line":62,"column":17},"end":{"line":62,"column":27}},"17":{"start":{"line":64,"column":17},"end":{"line":64,"column":62}},"18":{"start":{"line":66,"column":2},"end":{"line":71,"column":5}},"19":{"start":{"line":74,"column":43},"end":{"line":93,"column":1}},"20":{"start":{"line":75,"column":2},"end":{"line":75,"column":57}},"21":{"start":{"line":77,"column":31},"end":{"line":77,"column":34}},"22":{"start":{"line":78,"column":17},"end":{"line":78,"column":27}},"23":{"start":{"line":79,"column":30},"end":{"line":79,"column":38}},"24":{"start":{"line":81,"column":2},"end":{"line":83,"column":3}},"25":{"start":{"line":82,"column":4},"end":{"line":82,"column":78}},"26":{"start":{"line":85,"column":2},"end":{"line":85,"column":51}},"27":{"start":{"line":87,"column":2},"end":{"line":87,"column":63}},"28":{"start":{"line":89,"column":2},"end":{"line":92,"column":5}},"29":{"start":{"line":95,"column":45},"end":{"line":106,"column":1}},"30":{"start":{"line":96,"column":17},"end":{"line":96,"column":27}},"31":{"start":{"line":98,"column":29},"end":{"line":98,"column":79}},"32":{"start":{"line":100,"column":2},"end":{"line":105,"column":5}},"33":{"start":{"line":108,"column":47},"end":{"line":119,"column":1}},"34":{"start":{"line":109,"column":17},"end":{"line":109,"column":27}},"35":{"start":{"line":111,"column":27},"end":{"line":111,"column":76}},"36":{"start":{"line":113,"column":2},"end":{"line":118,"column":5}},"37":{"start":{"line":121,"column":48},"end":{"line":138,"column":1}},"38":{"start":{"line":122,"column":31},"end":{"line":122,"column":34}},"39":{"start":{"line":124,"column":2},"end":{"line":126,"column":3}},"40":{"start":{"line":125,"column":4},"end":{"line":125,"column":77}},"41":{"start":{"line":128,"column":16},"end":{"line":128,"column":51}},"42":{"start":{"line":130,"column":21},"end":{"line":130,"column":72}},"43":{"start":{"line":132,"column":2},"end":{"line":137,"column":5}}},"fnMap":{"0":{"name":"(anonymous_0)","decl":{"start":{"line":7,"column":38},"end":{"line":7,"column":39}},"loc":{"start":{"line":7,"column":58},"end":{"line":33,"column":1}},"line":7},"1":{"name":"(anonymous_1)","decl":{"start":{"line":35,"column":39},"end":{"line":35,"column":40}},"loc":{"start":{"line":35,"column":59},"end":{"line":46,"column":1}},"line":35},"2":{"name":"(anonymous_2)","decl":{"start":{"line":48,"column":41},"end":{"line":48,"column":42}},"loc":{"start":{"line":48,"column":61},"end":{"line":59,"column":1}},"line":48},"3":{"name":"(anonymous_3)","decl":{"start":{"line":61,"column":45},"end":{"line":61,"column":46}},"loc":{"start":{"line":61,"column":65},"end":{"line":72,"column":1}},"line":61},"4":{"name":"(anonymous_4)","decl":{"start":{"line":74,"column":43},"end":{"line":74,"column":44}},"loc":{"start":{"line":74,"column":63},"end":{"line":93,"column":1}},"line":74},"5":{"name":"(anonymous_5)","decl":{"start":{"line":95,"column":45},"end":{"line":95,"column":46}},"loc":{"start":{"line":95,"column":65},"end":{"line":106,"column":1}},"line":95},"6":{"name":"(anonymous_6)","decl":{"start":{"line":108,"column":47},"end":{"line":108,"column":48}},"loc":{"start":{"line":108,"column":67},"end":{"line":119,"column":1}},"line":108},"7":{"name":"(anonymous_7)","decl":{"start":{"line":121,"column":48},"end":{"line":121,"column":49}},"loc":{"start":{"line":121,"column":68},"end":{"line":138,"column":1}},"line":121}},"branchMap":{"0":{"loc":{"start":{"line":81,"column":2},"end":{"line":83,"column":3}},"type":"if","locations":[{"start":{"line":81,"column":2},"end":{"line":83,"column":3}},{"start":{},"end":{}}],"line":81},"1":{"loc":{"start":{"line":124,"column":2},"end":{"line":126,"column":3}},"type":"if","locations":[{"start":{"line":124,"column":2},"end":{"line":126,"column":3}},{"start":{},"end":{}}],"line":124}},"s":{"0":1,"1":1,"2":1,"3":1,"4":1,"5":1,"6":1,"7":1,"8":1,"9":1,"10":1,"11":1,"12":1,"13":1,"14":1,"15":1,"16":1,"17":1,"18":1,"19":1,"20":2,"21":2,"22":2,"23":2,"24":2,"25":1,"26":1,"27":1,"28":1,"29":1,"30":1,"31":1,"32":1,"33":1,"34":1,"35":1,"36":1,"37":1,"38":2,"39":2,"40":1,"41":1,"42":1,"43":1},"f":{"0":1,"1":1,"2":1,"3":1,"4":2,"5":1,"6":1,"7":2},"b":{"0":[1,1],"1":[1,1]},"_coverageSchema":"1a1c01bbd47fc00a2c39e90264f33305004495a9","hash":"046e2b5168e4d1063a820fe7490f383c260de058"}
,"C:\\Users\\mkhaw\\Documents\\Code\\sistem-apresiasi\\sistem-apresiasi-api\\src\\controllers\\authentications.js": {"path":"C:\\Users\\mkhaw\\Documents\\Code\\sistem-apresiasi\\sistem-apresiasi-api\\src\\controllers\\authentications.js","statementMap":{"0":{"start":{"line":5,"column":34},"end":{"line":25,"column":1}},"1":{"start":{"line":6,"column":4},"end":{"line":6,"column":69}},"2":{"start":{"line":8,"column":30},"end":{"line":8,"column":38}},"3":{"start":{"line":10,"column":25},"end":{"line":10,"column":65}},"4":{"start":{"line":12,"column":18},"end":{"line":14,"column":6}},"5":{"start":{"line":16,"column":4},"end":{"line":16,"column":19}},"6":{"start":{"line":17,"column":4},"end":{"line":24,"column":6}}},"fnMap":{"0":{"name":"(anonymous_0)","decl":{"start":{"line":5,"column":34},"end":{"line":5,"column":35}},"loc":{"start":{"line":5,"column":54},"end":{"line":25,"column":1}},"line":5}},"branchMap":{},"s":{"0":1,"1":3,"2":2,"3":2,"4":1,"5":1,"6":1},"f":{"0":3},"b":{},"_coverageSchema":"1a1c01bbd47fc00a2c39e90264f33305004495a9","hash":"8dbf853aca28d259722546c2801f4b7b460e4fa7"}
,"C:\\Users\\mkhaw\\Documents\\Code\\sistem-apresiasi\\sistem-apresiasi-api\\src\\controllers\\exports.js": {"path":"C:\\Users\\mkhaw\\Documents\\Code\\sistem-apresiasi\\sistem-apresiasi-api\\src\\controllers\\exports.js","statementMap":{"0":{"start":{"line":7,"column":17},"end":{"line":13,"column":1}},"1":{"start":{"line":15,"column":58},"end":{"line":97,"column":1}},"2":{"start":{"line":16,"column":33},"end":{"line":16,"column":36}},"3":{"start":{"line":18,"column":4},"end":{"line":20,"column":5}},"4":{"start":{"line":19,"column":8},"end":{"line":19,"column":87}},"5":{"start":{"line":22,"column":4},"end":{"line":59,"column":5}},"6":{"start":{"line":23,"column":22},"end":{"line":23,"column":56}},"7":{"start":{"line":25,"column":32},"end":{"line":25,"column":95}},"8":{"start":{"line":27,"column":42},"end":{"line":27,"column":88}},"9":{"start":{"line":27,"column":83},"end":{"line":27,"column":87}},"10":{"start":{"line":29,"column":25},"end":{"line":29,"column":47}},"11":{"start":{"line":30,"column":26},"end":{"line":30,"column":55}},"12":{"start":{"line":32,"column":8},"end":{"line":45,"column":9}},"13":{"start":{"line":47,"column":8},"end":{"line":49,"column":10}},"14":{"start":{"line":48,"column":12},"end":{"line":48,"column":33}},"15":{"start":{"line":51,"column":8},"end":{"line":54,"column":9}},"16":{"start":{"line":55,"column":8},"end":{"line":55,"column":88}},"17":{"start":{"line":57,"column":8},"end":{"line":57,"column":38}},"18":{"start":{"line":58,"column":8},"end":{"line":58,"column":17}},"19":{"start":{"line":61,"column":4},"end":{"line":96,"column":5}},"20":{"start":{"line":62,"column":32},"end":{"line":62,"column":76}},"21":{"start":{"line":64,"column":42},"end":{"line":64,"column":88}},"22":{"start":{"line":64,"column":83},"end":{"line":64,"column":87}},"23":{"start":{"line":66,"column":25},"end":{"line":66,"column":47}},"24":{"start":{"line":67,"column":26},"end":{"line":67,"column":55}},"25":{"start":{"line":69,"column":8},"end":{"line":82,"column":9}},"26":{"start":{"line":84,"column":8},"end":{"line":86,"column":10}},"27":{"start":{"line":85,"column":12},"end":{"line":85,"column":33}},"28":{"start":{"line":88,"column":8},"end":{"line":91,"column":9}},"29":{"start":{"line":92,"column":8},"end":{"line":92,"column":88}},"30":{"start":{"line":94,"column":8},"end":{"line":94,"column":38}},"31":{"start":{"line":95,"column":8},"end":{"line":95,"column":17}},"32":{"start":{"line":99,"column":70},"end":{"line":188,"column":1}},"33":{"start":{"line":100,"column":33},"end":{"line":100,"column":36}},"34":{"start":{"line":101,"column":25},"end":{"line":101,"column":35}},"35":{"start":{"line":103,"column":26},"end":{"line":103,"column":44}},"36":{"start":{"line":105,"column":4},"end":{"line":107,"column":5}},"37":{"start":{"line":106,"column":8},"end":{"line":106,"column":87}},"38":{"start":{"line":109,"column":4},"end":{"line":148,"column":5}},"39":{"start":{"line":110,"column":22},"end":{"line":110,"column":56}},"40":{"start":{"line":112,"column":32},"end":{"line":112,"column":98}},"41":{"start":{"line":114,"column":40},"end":{"line":116,"column":9}},"42":{"start":{"line":115,"column":29},"end":{"line":115,"column":67}},"43":{"start":{"line":118,"column":42},"end":{"line":118,"column":96}},"44":{"start":{"line":118,"column":91},"end":{"line":118,"column":95}},"45":{"start":{"line":120,"column":25},"end":{"line":120,"column":47}},"46":{"start":{"line":121,"column":26},"end":{"line":121,"column":55}},"47":{"start":{"line":123,"column":8},"end":{"line":131,"column":9}},"48":{"start":{"line":133,"column":8},"end":{"line":135,"column":10}},"49":{"start":{"line":134,"column":12},"end":{"line":134,"column":33}},"50":{"start":{"line":137,"column":8},"end":{"line":140,"column":9}},"51":{"start":{"line":141,"column":8},"end":{"line":144,"column":9}},"52":{"start":{"line":146,"column":8},"end":{"line":146,"column":38}},"53":{"start":{"line":147,"column":8},"end":{"line":147,"column":17}},"54":{"start":{"line":150,"column":4},"end":{"line":187,"column":5}},"55":{"start":{"line":151,"column":32},"end":{"line":151,"column":79}},"56":{"start":{"line":153,"column":40},"end":{"line":155,"column":9}},"57":{"start":{"line":154,"column":29},"end":{"line":154,"column":67}},"58":{"start":{"line":157,"column":42},"end":{"line":157,"column":96}},"59":{"start":{"line":157,"column":91},"end":{"line":157,"column":95}},"60":{"start":{"line":159,"column":25},"end":{"line":159,"column":47}},"61":{"start":{"line":160,"column":26},"end":{"line":160,"column":55}},"62":{"start":{"line":162,"column":8},"end":{"line":170,"column":9}},"63":{"start":{"line":172,"column":8},"end":{"line":174,"column":10}},"64":{"start":{"line":173,"column":12},"end":{"line":173,"column":33}},"65":{"start":{"line":176,"column":8},"end":{"line":179,"column":9}},"66":{"start":{"line":180,"column":8},"end":{"line":183,"column":9}},"67":{"start":{"line":185,"column":8},"end":{"line":185,"column":38}},"68":{"start":{"line":186,"column":8},"end":{"line":186,"column":17}}},"fnMap":{"0":{"name":"(anonymous_0)","decl":{"start":{"line":15,"column":58},"end":{"line":15,"column":59}},"loc":{"start":{"line":15,"column":78},"end":{"line":97,"column":1}},"line":15},"1":{"name":"(anonymous_1)","decl":{"start":{"line":27,"column":62},"end":{"line":27,"column":63}},"loc":{"start":{"line":27,"column":83},"end":{"line":27,"column":87}},"line":27},"2":{"name":"(anonymous_2)","decl":{"start":{"line":47,"column":42},"end":{"line":47,"column":43}},"loc":{"start":{"line":47,"column":51},"end":{"line":49,"column":9}},"line":47},"3":{"name":"(anonymous_3)","decl":{"start":{"line":64,"column":62},"end":{"line":64,"column":63}},"loc":{"start":{"line":64,"column":83},"end":{"line":64,"column":87}},"line":64},"4":{"name":"(anonymous_4)","decl":{"start":{"line":84,"column":42},"end":{"line":84,"column":43}},"loc":{"start":{"line":84,"column":51},"end":{"line":86,"column":9}},"line":84},"5":{"name":"(anonymous_5)","decl":{"start":{"line":99,"column":70},"end":{"line":99,"column":71}},"loc":{"start":{"line":99,"column":90},"end":{"line":188,"column":1}},"line":99},"6":{"name":"(anonymous_6)","decl":{"start":{"line":115,"column":12},"end":{"line":115,"column":13}},"loc":{"start":{"line":115,"column":29},"end":{"line":115,"column":67}},"line":115},"7":{"name":"(anonymous_7)","decl":{"start":{"line":118,"column":70},"end":{"line":118,"column":71}},"loc":{"start":{"line":118,"column":91},"end":{"line":118,"column":95}},"line":118},"8":{"name":"(anonymous_8)","decl":{"start":{"line":133,"column":42},"end":{"line":133,"column":43}},"loc":{"start":{"line":133,"column":51},"end":{"line":135,"column":9}},"line":133},"9":{"name":"(anonymous_9)","decl":{"start":{"line":154,"column":12},"end":{"line":154,"column":13}},"loc":{"start":{"line":154,"column":29},"end":{"line":154,"column":67}},"line":154},"10":{"name":"(anonymous_10)","decl":{"start":{"line":157,"column":70},"end":{"line":157,"column":71}},"loc":{"start":{"line":157,"column":91},"end":{"line":157,"column":95}},"line":157},"11":{"name":"(anonymous_11)","decl":{"start":{"line":172,"column":42},"end":{"line":172,"column":43}},"loc":{"start":{"line":172,"column":51},"end":{"line":174,"column":9}},"line":172}},"branchMap":{"0":{"loc":{"start":{"line":18,"column":4},"end":{"line":20,"column":5}},"type":"if","locations":[{"start":{"line":18,"column":4},"end":{"line":20,"column":5}},{"start":{},"end":{}}],"line":18},"1":{"loc":{"start":{"line":18,"column":8},"end":{"line":18,"column":55}},"type":"binary-expr","locations":[{"start":{"line":18,"column":8},"end":{"line":18,"column":28}},{"start":{"line":18,"column":32},"end":{"line":18,"column":55}}],"line":18},"2":{"loc":{"start":{"line":22,"column":4},"end":{"line":59,"column":5}},"type":"if","locations":[{"start":{"line":22,"column":4},"end":{"line":59,"column":5}},{"start":{},"end":{}}],"line":22},"3":{"loc":{"start":{"line":61,"column":4},"end":{"line":96,"column":5}},"type":"if","locations":[{"start":{"line":61,"column":4},"end":{"line":96,"column":5}},{"start":{},"end":{}}],"line":61},"4":{"loc":{"start":{"line":105,"column":4},"end":{"line":107,"column":5}},"type":"if","locations":[{"start":{"line":105,"column":4},"end":{"line":107,"column":5}},{"start":{},"end":{}}],"line":105},"5":{"loc":{"start":{"line":105,"column":8},"end":{"line":105,"column":55}},"type":"binary-expr","locations":[{"start":{"line":105,"column":8},"end":{"line":105,"column":28}},{"start":{"line":105,"column":32},"end":{"line":105,"column":55}}],"line":105},"6":{"loc":{"start":{"line":109,"column":4},"end":{"line":148,"column":5}},"type":"if","locations":[{"start":{"line":109,"column":4},"end":{"line":148,"column":5}},{"start":{},"end":{}}],"line":109},"7":{"loc":{"start":{"line":150,"column":4},"end":{"line":187,"column":5}},"type":"if","locations":[{"start":{"line":150,"column":4},"end":{"line":187,"column":5}},{"start":{},"end":{}}],"line":150}},"s":{"0":1,"1":1,"2":3,"3":3,"4":1,"5":2,"6":1,"7":1,"8":1,"9":1,"10":1,"11":1,"12":1,"13":1,"14":1,"15":1,"16":1,"17":1,"18":1,"19":2,"20":1,"21":1,"22":1,"23":1,"24":1,"25":1,"26":1,"27":1,"28":1,"29":1,"30":1,"31":1,"32":1,"33":3,"34":3,"35":3,"36":3,"37":1,"38":2,"39":1,"40":1,"41":1,"42":1,"43":1,"44":1,"45":1,"46":1,"47":1,"48":1,"49":1,"50":1,"51":1,"52":1,"53":1,"54":2,"55":1,"56":1,"57":1,"58":1,"59":1,"60":1,"61":1,"62":1,"63":1,"64":1,"65":1,"66":1,"67":1,"68":1},"f":{"0":3,"1":1,"2":1,"3":1,"4":1,"5":3,"6":1,"7":1,"8":1,"9":1,"10":1,"11":1},"b":{"0":[1,2],"1":[3,2],"2":[1,1],"3":[1,1],"4":[1,2],"5":[3,2],"6":[1,1],"7":[1,1]},"_coverageSchema":"1a1c01bbd47fc00a2c39e90264f33305004495a9","hash":"f96d2ef11d52a66b974d976dd84745d84c04867c"}
,"C:\\Users\\mkhaw\\Documents\\Code\\sistem-apresiasi\\sistem-apresiasi-api\\src\\controllers\\skpi.js": {"path":"C:\\Users\\mkhaw\\Documents\\Code\\sistem-apresiasi\\sistem-apresiasi-api\\src\\controllers\\skpi.js","statementMap":{"0":{"start":{"line":7,"column":34},"end":{"line":41,"column":1}},"1":{"start":{"line":8,"column":19},"end":{"line":8,"column":29}},"2":{"start":{"line":9,"column":27},"end":{"line":9,"column":72}},"3":{"start":{"line":11,"column":28},"end":{"line":11,"column":60}},"4":{"start":{"line":13,"column":8},"end":{"line":13,"column":79}},"5":{"start":{"line":15,"column":8},"end":{"line":15,"column":97}},"6":{"start":{"line":17,"column":8},"end":{"line":17,"column":97}},"7":{"start":{"line":18,"column":26},"end":{"line":18,"column":73}},"8":{"start":{"line":19,"column":24},"end":{"line":19,"column":61}},"9":{"start":{"line":21,"column":4},"end":{"line":21,"column":37}},"10":{"start":{"line":22,"column":20},"end":{"line":30,"column":6}},"11":{"start":{"line":32,"column":4},"end":{"line":32,"column":19}},"12":{"start":{"line":33,"column":4},"end":{"line":40,"column":6}},"13":{"start":{"line":43,"column":33},"end":{"line":77,"column":1}},"14":{"start":{"line":44,"column":33},"end":{"line":44,"column":36}},"15":{"start":{"line":46,"column":4},"end":{"line":56,"column":5}},"16":{"start":{"line":47,"column":22},"end":{"line":47,"column":57}},"17":{"start":{"line":48,"column":21},"end":{"line":48,"column":66}},"18":{"start":{"line":50,"column":8},"end":{"line":55,"column":10}},"19":{"start":{"line":58,"column":4},"end":{"line":67,"column":5}},"20":{"start":{"line":59,"column":21},"end":{"line":59,"column":47}},"21":{"start":{"line":61,"column":8},"end":{"line":66,"column":10}},"22":{"start":{"line":69,"column":17},"end":{"line":69,"column":55}},"23":{"start":{"line":71,"column":4},"end":{"line":76,"column":6}},"24":{"start":{"line":79,"column":37},"end":{"line":90,"column":1}},"25":{"start":{"line":80,"column":19},"end":{"line":80,"column":29}},"26":{"start":{"line":82,"column":17},"end":{"line":82,"column":46}},"27":{"start":{"line":84,"column":4},"end":{"line":89,"column":6}},"28":{"start":{"line":92,"column":43},"end":{"line":140,"column":1}},"29":{"start":{"line":93,"column":19},"end":{"line":93,"column":29}},"30":{"start":{"line":94,"column":25},"end":{"line":94,"column":28}},"31":{"start":{"line":95,"column":17},"end":{"line":95,"column":41}},"32":{"start":{"line":97,"column":17},"end":{"line":97,"column":46}},"33":{"start":{"line":99,"column":4},"end":{"line":132,"column":5}},"34":{"start":{"line":100,"column":8},"end":{"line":131,"column":9}},"35":{"start":{"line":102,"column":16},"end":{"line":104,"column":17}},"36":{"start":{"line":103,"column":20},"end":{"line":103,"column":88}},"37":{"start":{"line":105,"column":16},"end":{"line":105,"column":47}},"38":{"start":{"line":106,"column":16},"end":{"line":106,"column":21}},"39":{"start":{"line":109,"column":16},"end":{"line":111,"column":17}},"40":{"start":{"line":110,"column":20},"end":{"line":110,"column":88}},"41":{"start":{"line":112,"column":16},"end":{"line":112,"column":41}},"42":{"start":{"line":113,"column":16},"end":{"line":113,"column":21}},"43":{"start":{"line":116,"column":16},"end":{"line":118,"column":17}},"44":{"start":{"line":117,"column":20},"end":{"line":117,"column":88}},"45":{"start":{"line":119,"column":16},"end":{"line":119,"column":44}},"46":{"start":{"line":120,"column":16},"end":{"line":120,"column":21}},"47":{"start":{"line":123,"column":16},"end":{"line":125,"column":17}},"48":{"start":{"line":124,"column":20},"end":{"line":124,"column":88}},"49":{"start":{"line":126,"column":16},"end":{"line":126,"column":36}},"50":{"start":{"line":127,"column":16},"end":{"line":127,"column":21}},"51":{"start":{"line":130,"column":16},"end":{"line":130,"column":83}},"52":{"start":{"line":134,"column":4},"end":{"line":134,"column":45}},"53":{"start":{"line":136,"column":4},"end":{"line":139,"column":6}}},"fnMap":{"0":{"name":"(anonymous_0)","decl":{"start":{"line":7,"column":34},"end":{"line":7,"column":35}},"loc":{"start":{"line":7,"column":54},"end":{"line":41,"column":1}},"line":7},"1":{"name":"(anonymous_1)","decl":{"start":{"line":43,"column":33},"end":{"line":43,"column":34}},"loc":{"start":{"line":43,"column":53},"end":{"line":77,"column":1}},"line":43},"2":{"name":"(anonymous_2)","decl":{"start":{"line":79,"column":37},"end":{"line":79,"column":38}},"loc":{"start":{"line":79,"column":57},"end":{"line":90,"column":1}},"line":79},"3":{"name":"(anonymous_3)","decl":{"start":{"line":92,"column":43},"end":{"line":92,"column":44}},"loc":{"start":{"line":92,"column":63},"end":{"line":140,"column":1}},"line":92}},"branchMap":{"0":{"loc":{"start":{"line":13,"column":8},"end":{"line":13,"column":79}},"type":"binary-expr","locations":[{"start":{"line":13,"column":8},"end":{"line":13,"column":74}},{"start":{"line":13,"column":78},"end":{"line":13,"column":79}}],"line":13},"1":{"loc":{"start":{"line":15,"column":8},"end":{"line":15,"column":97}},"type":"binary-expr","locations":[{"start":{"line":15,"column":8},"end":{"line":15,"column":92}},{"start":{"line":15,"column":96},"end":{"line":15,"column":97}}],"line":15},"2":{"loc":{"start":{"line":17,"column":8},"end":{"line":17,"column":97}},"type":"binary-expr","locations":[{"start":{"line":17,"column":8},"end":{"line":17,"column":92}},{"start":{"line":17,"column":96},"end":{"line":17,"column":97}}],"line":17},"3":{"loc":{"start":{"line":18,"column":26},"end":{"line":18,"column":73}},"type":"binary-expr","locations":[{"start":{"line":18,"column":26},"end":{"line":18,"column":68}},{"start":{"line":18,"column":72},"end":{"line":18,"column":73}}],"line":18},"4":{"loc":{"start":{"line":19,"column":24},"end":{"line":19,"column":61}},"type":"binary-expr","locations":[{"start":{"line":19,"column":24},"end":{"line":19,"column":56}},{"start":{"line":19,"column":60},"end":{"line":19,"column":61}}],"line":19},"5":{"loc":{"start":{"line":46,"column":4},"end":{"line":56,"column":5}},"type":"if","locations":[{"start":{"line":46,"column":4},"end":{"line":56,"column":5}},{"start":{},"end":{}}],"line":46},"6":{"loc":{"start":{"line":46,"column":8},"end":{"line":46,"column":52}},"type":"binary-expr","locations":[{"start":{"line":46,"column":8},"end":{"line":46,"column":25}},{"start":{"line":46,"column":29},"end":{"line":46,"column":52}}],"line":46},"7":{"loc":{"start":{"line":58,"column":4},"end":{"line":67,"column":5}},"type":"if","locations":[{"start":{"line":58,"column":4},"end":{"line":67,"column":5}},{"start":{},"end":{}}],"line":58},"8":{"loc":{"start":{"line":58,"column":8},"end":{"line":58,"column":49}},"type":"binary-expr","locations":[{"start":{"line":58,"column":8},"end":{"line":58,"column":25}},{"start":{"line":58,"column":29},"end":{"line":58,"column":49}}],"line":58},"9":{"loc":{"start":{"line":99,"column":4},"end":{"line":132,"column":5}},"type":"if","locations":[{"start":{"line":99,"column":4},"end":{"line":132,"column":5}},{"start":{},"end":{}}],"line":99},"10":{"loc":{"start":{"line":100,"column":8},"end":{"line":131,"column":9}},"type":"switch","locations":[{"start":{"line":101,"column":12},"end":{"line":106,"column":21}},{"start":{"line":108,"column":12},"end":{"line":113,"column":21}},{"start":{"line":115,"column":12},"end":{"line":120,"column":21}},{"start":{"line":122,"column":12},"end":{"line":127,"column":21}},{"start":{"line":129,"column":12},"end":{"line":130,"column":83}}],"line":100},"11":{"loc":{"start":{"line":102,"column":16},"end":{"line":104,"column":17}},"type":"if","locations":[{"start":{"line":102,"column":16},"end":{"line":104,"column":17}},{"start":{},"end":{}}],"line":102},"12":{"loc":{"start":{"line":109,"column":16},"end":{"line":111,"column":17}},"type":"if","locations":[{"start":{"line":109,"column":16},"end":{"line":111,"column":17}},{"start":{},"end":{}}],"line":109},"13":{"loc":{"start":{"line":116,"column":16},"end":{"line":118,"column":17}},"type":"if","locations":[{"start":{"line":116,"column":16},"end":{"line":118,"column":17}},{"start":{},"end":{}}],"line":116},"14":{"loc":{"start":{"line":123,"column":16},"end":{"line":125,"column":17}},"type":"if","locations":[{"start":{"line":123,"column":16},"end":{"line":125,"column":17}},{"start":{},"end":{}}],"line":123}},"s":{"0":1,"1":3,"2":3,"3":3,"4":3,"5":3,"6":3,"7":3,"8":3,"9":3,"10":1,"11":1,"12":1,"13":1,"14":3,"15":3,"16":1,"17":1,"18":1,"19":2,"20":1,"21":1,"22":1,"23":1,"24":1,"25":1,"26":1,"27":1,"28":1,"29":10,"30":10,"31":10,"32":10,"33":10,"34":9,"35":2,"36":1,"37":1,"38":1,"39":2,"40":1,"41":1,"42":1,"43":2,"44":1,"45":1,"46":1,"47":2,"48":1,"49":1,"50":1,"51":1,"52":5,"53":5},"f":{"0":3,"1":3,"2":1,"3":10},"b":{"0":[3,1],"1":[3,1],"2":[3,1],"3":[3,1],"4":[3,1],"5":[1,2],"6":[3,2],"7":[1,1],"8":[2,1],"9":[9,1],"10":[2,2,2,2,1],"11":[1,1],"12":[1,1],"13":[1,1],"14":[1,1]},"_coverageSchema":"1a1c01bbd47fc00a2c39e90264f33305004495a9","hash":"e5eacac04b556c08f17d1968f3e6ff310151afce"}
,"C:\\Users\\mkhaw\\Documents\\Code\\sistem-apresiasi\\sistem-apresiasi-api\\src\\controllers\\ttd.js": {"path":"C:\\Users\\mkhaw\\Documents\\Code\\sistem-apresiasi\\sistem-apresiasi-api\\src\\controllers\\ttd.js","statementMap":{"0":{"start":{"line":6,"column":4},"end":{"line":6,"column":36}},"1":{"start":{"line":8,"column":20},"end":{"line":8,"column":28}},"2":{"start":{"line":9,"column":19},"end":{"line":9,"column":29}},"3":{"start":{"line":11,"column":23},"end":{"line":11,"column":60}},"4":{"start":{"line":12,"column":4},"end":{"line":12,"column":19}},"5":{"start":{"line":13,"column":4},"end":{"line":16,"column":6}},"6":{"start":{"line":20,"column":17},"end":{"line":20,"column":39}},"7":{"start":{"line":22,"column":4},"end":{"line":24,"column":5}},"8":{"start":{"line":23,"column":8},"end":{"line":23,"column":58}},"9":{"start":{"line":26,"column":16},"end":{"line":26,"column":49}},"10":{"start":{"line":28,"column":4},"end":{"line":31,"column":6}}},"fnMap":{"0":{"name":"create","decl":{"start":{"line":5,"column":22},"end":{"line":5,"column":28}},"loc":{"start":{"line":5,"column":39},"end":{"line":17,"column":1}},"line":5},"1":{"name":"getByRole","decl":{"start":{"line":19,"column":22},"end":{"line":19,"column":31}},"loc":{"start":{"line":19,"column":42},"end":{"line":32,"column":1}},"line":19}},"branchMap":{"0":{"loc":{"start":{"line":22,"column":4},"end":{"line":24,"column":5}},"type":"if","locations":[{"start":{"line":22,"column":4},"end":{"line":24,"column":5}},{"start":{},"end":{}}],"line":22}},"s":{"0":1,"1":1,"2":1,"3":1,"4":1,"5":1,"6":2,"7":2,"8":1,"9":1,"10":1},"f":{"0":1,"1":2},"b":{"0":[1,1]},"_coverageSchema":"1a1c01bbd47fc00a2c39e90264f33305004495a9","hash":"aba095379ccbdac4e03ca0f74303d98d22b53172"}
,"C:\\Users\\mkhaw\\Documents\\Code\\sistem-apresiasi\\sistem-apresiasi-api\\src\\controllers\\uploads.js": {"path":"C:\\Users\\mkhaw\\Documents\\Code\\sistem-apresiasi\\sistem-apresiasi-api\\src\\controllers\\uploads.js","statementMap":{"0":{"start":{"line":3,"column":37},"end":{"line":14,"column":1}},"1":{"start":{"line":4,"column":4},"end":{"line":4,"column":66}},"2":{"start":{"line":6,"column":21},"end":{"line":6,"column":93}},"3":{"start":{"line":8,"column":4},"end":{"line":13,"column":6}}},"fnMap":{"0":{"name":"(anonymous_0)","decl":{"start":{"line":3,"column":37},"end":{"line":3,"column":38}},"loc":{"start":{"line":3,"column":57},"end":{"line":14,"column":1}},"line":3}},"branchMap":{},"s":{"0":1,"1":1,"2":1,"3":1},"f":{"0":1},"b":{},"_coverageSchema":"1a1c01bbd47fc00a2c39e90264f33305004495a9","hash":"00a80d7190252eb263445d1032239b4851586830"}
,"C:\\Users\\mkhaw\\Documents\\Code\\sistem-apresiasi\\sistem-apresiasi-api\\src\\controllers\\users.js": {"path":"C:\\Users\\mkhaw\\Documents\\Code\\sistem-apresiasi\\sistem-apresiasi-api\\src\\controllers\\users.js","statementMap":{"0":{"start":{"line":4,"column":35},"end":{"line":27,"column":1}},"1":{"start":{"line":5,"column":4},"end":{"line":5,"column":53}},"2":{"start":{"line":7,"column":65},"end":{"line":7,"column":73}},"3":{"start":{"line":9,"column":19},"end":{"line":17,"column":6}},"4":{"start":{"line":19,"column":4},"end":{"line":19,"column":19}},"5":{"start":{"line":20,"column":4},"end":{"line":26,"column":6}},"6":{"start":{"line":29,"column":37},"end":{"line":40,"column":1}},"7":{"start":{"line":30,"column":19},"end":{"line":30,"column":29}},"8":{"start":{"line":32,"column":17},"end":{"line":32,"column":48}},"9":{"start":{"line":34,"column":4},"end":{"line":39,"column":6}},"10":{"start":{"line":42,"column":38},"end":{"line":54,"column":1}},"11":{"start":{"line":43,"column":4},"end":{"line":43,"column":52}},"12":{"start":{"line":45,"column":19},"end":{"line":45,"column":29}},"13":{"start":{"line":46,"column":21},"end":{"line":46,"column":29}},"14":{"start":{"line":48,"column":4},"end":{"line":48,"column":40}},"15":{"start":{"line":50,"column":4},"end":{"line":53,"column":6}}},"fnMap":{"0":{"name":"(anonymous_0)","decl":{"start":{"line":4,"column":35},"end":{"line":4,"column":36}},"loc":{"start":{"line":4,"column":55},"end":{"line":27,"column":1}},"line":4},"1":{"name":"(anonymous_1)","decl":{"start":{"line":29,"column":37},"end":{"line":29,"column":38}},"loc":{"start":{"line":29,"column":57},"end":{"line":40,"column":1}},"line":29},"2":{"name":"(anonymous_2)","decl":{"start":{"line":42,"column":38},"end":{"line":42,"column":39}},"loc":{"start":{"line":42,"column":58},"end":{"line":54,"column":1}},"line":42}},"branchMap":{},"s":{"0":1,"1":1,"2":1,"3":1,"4":1,"5":1,"6":1,"7":1,"8":1,"9":1,"10":1,"11":1,"12":1,"13":1,"14":1,"15":1},"f":{"0":1,"1":1,"2":1},"b":{},"_coverageSchema":"1a1c01bbd47fc00a2c39e90264f33305004495a9","hash":"333576fb767b7784bd6f3d9082e8ef10fb0e65b4"}
,"C:\\Users\\mkhaw\\Documents\\Code\\sistem-apresiasi\\sistem-apresiasi-api\\src\\exceptions\\AuthenticationError.js": {"path":"C:\\Users\\mkhaw\\Documents\\Code\\sistem-apresiasi\\sistem-apresiasi-api\\src\\exceptions\\AuthenticationError.js","statementMap":{"0":{"start":{"line":5,"column":4},"end":{"line":5,"column":24}},"1":{"start":{"line":6,"column":4},"end":{"line":6,"column":38}}},"fnMap":{"0":{"name":"(anonymous_0)","decl":{"start":{"line":4,"column":2},"end":{"line":4,"column":3}},"loc":{"start":{"line":4,"column":23},"end":{"line":7,"column":3}},"line":4}},"branchMap":{},"s":{"0":8,"1":8},"f":{"0":8},"b":{},"_coverageSchema":"1a1c01bbd47fc00a2c39e90264f33305004495a9","hash":"c9b536e9e59cfdb71d4fa9c34dd1fda0e3fa7e03"}
,"C:\\Users\\mkhaw\\Documents\\Code\\sistem-apresiasi\\sistem-apresiasi-api\\src\\exceptions\\AuthorizationError.js": {"path":"C:\\Users\\mkhaw\\Documents\\Code\\sistem-apresiasi\\sistem-apresiasi-api\\src\\exceptions\\AuthorizationError.js","statementMap":{"0":{"start":{"line":5,"column":4},"end":{"line":5,"column":24}},"1":{"start":{"line":6,"column":4},"end":{"line":6,"column":37}}},"fnMap":{"0":{"name":"(anonymous_0)","decl":{"start":{"line":4,"column":2},"end":{"line":4,"column":3}},"loc":{"start":{"line":4,"column":23},"end":{"line":7,"column":3}},"line":4}},"branchMap":{},"s":{"0":24,"1":24},"f":{"0":24},"b":{},"_coverageSchema":"1a1c01bbd47fc00a2c39e90264f33305004495a9","hash":"1f00a586dd105ede6d09692ef2ecb7eb93ef764d"}
,"C:\\Users\\mkhaw\\Documents\\Code\\sistem-apresiasi\\sistem-apresiasi-api\\src\\exceptions\\ClientError.js": {"path":"C:\\Users\\mkhaw\\Documents\\Code\\sistem-apresiasi\\sistem-apresiasi-api\\src\\exceptions\\ClientError.js","statementMap":{"0":{"start":{"line":3,"column":4},"end":{"line":3,"column":19}},"1":{"start":{"line":4,"column":4},"end":{"line":4,"column":33}},"2":{"start":{"line":5,"column":4},"end":{"line":5,"column":30}}},"fnMap":{"0":{"name":"(anonymous_0)","decl":{"start":{"line":2,"column":2},"end":{"line":2,"column":3}},"loc":{"start":{"line":2,"column":41},"end":{"line":6,"column":3}},"line":2}},"branchMap":{"0":{"loc":{"start":{"line":2,"column":23},"end":{"line":2,"column":39}},"type":"default-arg","locations":[{"start":{"line":2,"column":36},"end":{"line":2,"column":39}}],"line":2}},"s":{"0":104,"1":104,"2":104},"f":{"0":104},"b":{"0":[53]},"_coverageSchema":"1a1c01bbd47fc00a2c39e90264f33305004495a9","hash":"1de87af207a34bbede185fa5b579d128d15d7a6a"}
,"C:\\Users\\mkhaw\\Documents\\Code\\sistem-apresiasi\\sistem-apresiasi-api\\src\\exceptions\\InvariantError.js": {"path":"C:\\Users\\mkhaw\\Documents\\Code\\sistem-apresiasi\\sistem-apresiasi-api\\src\\exceptions\\InvariantError.js","statementMap":{"0":{"start":{"line":5,"column":4},"end":{"line":5,"column":19}},"1":{"start":{"line":6,"column":4},"end":{"line":6,"column":33}}},"fnMap":{"0":{"name":"(anonymous_0)","decl":{"start":{"line":4,"column":2},"end":{"line":4,"column":3}},"loc":{"start":{"line":4,"column":23},"end":{"line":7,"column":3}},"line":4}},"branchMap":{},"s":{"0":52,"1":52},"f":{"0":52},"b":{},"_coverageSchema":"1a1c01bbd47fc00a2c39e90264f33305004495a9","hash":"562cc700c3f998bc6c1caa4e92ac2cfe8ab4919b"}
,"C:\\Users\\mkhaw\\Documents\\Code\\sistem-apresiasi\\sistem-apresiasi-api\\src\\exceptions\\NotFoundError.js": {"path":"C:\\Users\\mkhaw\\Documents\\Code\\sistem-apresiasi\\sistem-apresiasi-api\\src\\exceptions\\NotFoundError.js","statementMap":{"0":{"start":{"line":5,"column":4},"end":{"line":5,"column":24}},"1":{"start":{"line":6,"column":4},"end":{"line":6,"column":32}}},"fnMap":{"0":{"name":"(anonymous_0)","decl":{"start":{"line":4,"column":2},"end":{"line":4,"column":3}},"loc":{"start":{"line":4,"column":23},"end":{"line":7,"column":3}},"line":4}},"branchMap":{},"s":{"0":17,"1":17},"f":{"0":17},"b":{},"_coverageSchema":"1a1c01bbd47fc00a2c39e90264f33305004495a9","hash":"21f0a644c66c1b9d8351722a6e67035a316ca94b"}
,"C:\\Users\\mkhaw\\Documents\\Code\\sistem-apresiasi\\sistem-apresiasi-api\\src\\middleware\\authenticateToken.js": {"path":"C:\\Users\\mkhaw\\Documents\\Code\\sistem-apresiasi\\sistem-apresiasi-api\\src\\middleware\\authenticateToken.js","statementMap":{"0":{"start":{"line":5,"column":28},"end":{"line":5,"column":39}},"1":{"start":{"line":7,"column":2},"end":{"line":7,"column":78}},"2":{"start":{"line":7,"column":22},"end":{"line":7,"column":78}},"3":{"start":{"line":9,"column":16},"end":{"line":9,"column":43}},"4":{"start":{"line":11,"column":2},"end":{"line":17,"column":5}},"5":{"start":{"line":12,"column":4},"end":{"line":12,"column":60}},"6":{"start":{"line":12,"column":13},"end":{"line":12,"column":60}},"7":{"start":{"line":14,"column":4},"end":{"line":14,"column":25}},"8":{"start":{"line":15,"column":4},"end":{"line":15,"column":29}},"9":{"start":{"line":16,"column":4},"end":{"line":16,"column":11}}},"fnMap":{"0":{"name":"authenticateToken","decl":{"start":{"line":4,"column":16},"end":{"line":4,"column":33}},"loc":{"start":{"line":4,"column":50},"end":{"line":18,"column":1}},"line":4},"1":{"name":"(anonymous_1)","decl":{"start":{"line":11,"column":50},"end":{"line":11,"column":51}},"loc":{"start":{"line":11,"column":65},"end":{"line":17,"column":3}},"line":11}},"branchMap":{"0":{"loc":{"start":{"line":7,"column":2},"end":{"line":7,"column":78}},"type":"if","locations":[{"start":{"line":7,"column":2},"end":{"line":7,"column":78}},{"start":{},"end":{}}],"line":7},"1":{"loc":{"start":{"line":12,"column":4},"end":{"line":12,"column":60}},"type":"if","locations":[{"start":{"line":12,"column":4},"end":{"line":12,"column":60}},{"start":{},"end":{}}],"line":12}},"s":{"0":5,"1":5,"2":2,"3":3,"4":3,"5":3,"6":2,"7":1,"8":1,"9":1},"f":{"0":5,"1":3},"b":{"0":[2,3],"1":[2,1]},"_coverageSchema":"1a1c01bbd47fc00a2c39e90264f33305004495a9","hash":"0927c1f6a62094aa8b463555fdd54aa32faecbf4"}
,"C:\\Users\\mkhaw\\Documents\\Code\\sistem-apresiasi\\sistem-apresiasi-api\\src\\middleware\\errorHandler.js": {"path":"C:\\Users\\mkhaw\\Documents\\Code\\sistem-apresiasi\\sistem-apresiasi-api\\src\\middleware\\errorHandler.js","statementMap":{"0":{"start":{"line":3,"column":28},"end":{"line":12,"column":1}},"1":{"start":{"line":4,"column":2},"end":{"line":9,"column":3}},"2":{"start":{"line":5,"column":4},"end":{"line":8,"column":7}},"3":{"start":{"line":11,"column":2},"end":{"line":11,"column":45}}},"fnMap":{"0":{"name":"(anonymous_0)","decl":{"start":{"line":3,"column":28},"end":{"line":3,"column":29}},"loc":{"start":{"line":3,"column":55},"end":{"line":12,"column":1}},"line":3}},"branchMap":{"0":{"loc":{"start":{"line":4,"column":2},"end":{"line":9,"column":3}},"type":"if","locations":[{"start":{"line":4,"column":2},"end":{"line":9,"column":3}},{"start":{},"end":{}}],"line":4}},"s":{"0":10,"1":34,"2":33,"3":1},"f":{"0":34},"b":{"0":[33,1]},"_coverageSchema":"1a1c01bbd47fc00a2c39e90264f33305004495a9","hash":"21f00c8ef5731a28abebdd852cd009d7288a8519"}
,"C:\\Users\\mkhaw\\Documents\\Code\\sistem-apresiasi\\sistem-apresiasi-api\\src\\middleware\\uploadImage.js": {"path":"C:\\Users\\mkhaw\\Documents\\Code\\sistem-apresiasi\\sistem-apresiasi-api\\src\\middleware\\uploadImage.js","statementMap":{"0":{"start":{"line":5,"column":35},"end":{"line":10,"column":1}},"1":{"start":{"line":6,"column":26},"end":{"line":6,"column":44}},"2":{"start":{"line":7,"column":4},"end":{"line":9,"column":5}},"3":{"start":{"line":8,"column":8},"end":{"line":8,"column":56}},"4":{"start":{"line":13,"column":0},"end":{"line":13,"column":21}},"5":{"start":{"line":15,"column":16},"end":{"line":25,"column":2}},"6":{"start":{"line":17,"column":8},"end":{"line":17,"column":36}},"7":{"start":{"line":20,"column":8},"end":{"line":23,"column":9}},"8":{"start":{"line":27,"column":15},"end":{"line":27,"column":34}}},"fnMap":{"0":{"name":"(anonymous_0)","decl":{"start":{"line":5,"column":35},"end":{"line":5,"column":36}},"loc":{"start":{"line":5,"column":41},"end":{"line":10,"column":1}},"line":5},"1":{"name":"(anonymous_1)","decl":{"start":{"line":16,"column":17},"end":{"line":16,"column":18}},"loc":{"start":{"line":16,"column":36},"end":{"line":18,"column":5}},"line":16},"2":{"name":"(anonymous_2)","decl":{"start":{"line":19,"column":14},"end":{"line":19,"column":15}},"loc":{"start":{"line":19,"column":33},"end":{"line":24,"column":5}},"line":19}},"branchMap":{"0":{"loc":{"start":{"line":7,"column":4},"end":{"line":9,"column":5}},"type":"if","locations":[{"start":{"line":7,"column":4},"end":{"line":9,"column":5}},{"start":{},"end":{}}],"line":7}},"s":{"0":1,"1":3,"2":3,"3":2,"4":1,"5":1,"6":0,"7":0,"8":1},"f":{"0":3,"1":0,"2":0},"b":{"0":[2,1]},"_coverageSchema":"1a1c01bbd47fc00a2c39e90264f33305004495a9","hash":"d37a940a8fa00c00c58e2cc8e3ac77d79c54c85f"}
,"C:\\Users\\mkhaw\\Documents\\Code\\sistem-apresiasi\\sistem-apresiasi-api\\src\\pkg\\mail.js": {"path":"C:\\Users\\mkhaw\\Documents\\Code\\sistem-apresiasi\\sistem-apresiasi-api\\src\\pkg\\mail.js","statementMap":{"0":{"start":{"line":5,"column":27},"end":{"line":11,"column":2}}},"fnMap":{},"branchMap":{},"s":{"0":3},"f":{},"b":{},"_coverageSchema":"1a1c01bbd47fc00a2c39e90264f33305004495a9","hash":"0827da2b2a99c1bcdf696a0f076a66ce398cdaa2"}
,"C:\\Users\\mkhaw\\Documents\\Code\\sistem-apresiasi\\sistem-apresiasi-api\\src\\pkg\\sendMail.js": {"path":"C:\\Users\\mkhaw\\Documents\\Code\\sistem-apresiasi\\sistem-apresiasi-api\\src\\pkg\\sendMail.js","statementMap":{"0":{"start":{"line":4,"column":4},"end":{"line":20,"column":5}},"1":{"start":{"line":6,"column":28},"end":{"line":11,"column":9}},"2":{"start":{"line":14,"column":8},"end":{"line":14,"column":47}},"3":{"start":{"line":16,"column":8},"end":{"line":16,"column":37}},"4":{"start":{"line":18,"column":8},"end":{"line":18,"column":52}},"5":{"start":{"line":19,"column":8},"end":{"line":19,"column":19}}},"fnMap":{"0":{"name":"sendNotificationEmail","decl":{"start":{"line":3,"column":22},"end":{"line":3,"column":43}},"loc":{"start":{"line":3,"column":61},"end":{"line":21,"column":1}},"line":3}},"branchMap":{},"s":{"0":2,"1":2,"2":2,"3":1,"4":1,"5":1},"f":{"0":2},"b":{},"_coverageSchema":"1a1c01bbd47fc00a2c39e90264f33305004495a9","hash":"5025336fd91e44f9b034191df3af4fdf7b25a352"}
,"C:\\Users\\mkhaw\\Documents\\Code\\sistem-apresiasi\\sistem-apresiasi-api\\src\\services\\AchievementIndependentService.js": {"path":"C:\\Users\\mkhaw\\Documents\\Code\\sistem-apresiasi\\sistem-apresiasi-api\\src\\services\\AchievementIndependentService.js","statementMap":{"0":{"start":{"line":5,"column":15},"end":{"line":5,"column":33}},"1":{"start":{"line":22,"column":27},"end":{"line":38,"column":6}},"2":{"start":{"line":40,"column":4},"end":{"line":42,"column":5}},"3":{"start":{"line":41,"column":8},"end":{"line":41,"column":62}},"4":{"start":{"line":44,"column":4},"end":{"line":44,"column":25}},"5":{"start":{"line":65,"column":31},"end":{"line":82,"column":6}},"6":{"start":{"line":84,"column":4},"end":{"line":84,"column":29}},"7":{"start":{"line":88,"column":25},"end":{"line":88,"column":73}},"8":{"start":{"line":89,"column":4},"end":{"line":89,"column":23}},"9":{"start":{"line":93,"column":24},"end":{"line":95,"column":6}},"10":{"start":{"line":97,"column":4},"end":{"line":99,"column":5}},"11":{"start":{"line":98,"column":8},"end":{"line":98,"column":72}},"12":{"start":{"line":101,"column":4},"end":{"line":101,"column":22}},"13":{"start":{"line":105,"column":25},"end":{"line":107,"column":6}},"14":{"start":{"line":109,"column":4},"end":{"line":109,"column":23}},"15":{"start":{"line":113,"column":31},"end":{"line":115,"column":6}},"16":{"start":{"line":117,"column":4},"end":{"line":119,"column":5}},"17":{"start":{"line":118,"column":8},"end":{"line":118,"column":64}}},"fnMap":{"0":{"name":"create","decl":{"start":{"line":7,"column":22},"end":{"line":7,"column":28}},"loc":{"start":{"line":21,"column":3},"end":{"line":45,"column":1}},"line":21},"1":{"name":"update","decl":{"start":{"line":47,"column":22},"end":{"line":47,"column":28}},"loc":{"start":{"line":64,"column":2},"end":{"line":85,"column":1}},"line":64},"2":{"name":"getAll","decl":{"start":{"line":87,"column":22},"end":{"line":87,"column":28}},"loc":{"start":{"line":87,"column":31},"end":{"line":90,"column":1}},"line":87},"3":{"name":"getById","decl":{"start":{"line":92,"column":22},"end":{"line":92,"column":29}},"loc":{"start":{"line":92,"column":34},"end":{"line":102,"column":1}},"line":92},"4":{"name":"getByFaculty","decl":{"start":{"line":104,"column":22},"end":{"line":104,"column":34}},"loc":{"start":{"line":104,"column":44},"end":{"line":110,"column":1}},"line":104},"5":{"name":"deleteById","decl":{"start":{"line":112,"column":22},"end":{"line":112,"column":32}},"loc":{"start":{"line":112,"column":37},"end":{"line":120,"column":1}},"line":112}},"branchMap":{"0":{"loc":{"start":{"line":40,"column":4},"end":{"line":42,"column":5}},"type":"if","locations":[{"start":{"line":40,"column":4},"end":{"line":42,"column":5}},{"start":{},"end":{}}],"line":40},"1":{"loc":{"start":{"line":97,"column":4},"end":{"line":99,"column":5}},"type":"if","locations":[{"start":{"line":97,"column":4},"end":{"line":99,"column":5}},{"start":{},"end":{}}],"line":97},"2":{"loc":{"start":{"line":117,"column":4},"end":{"line":119,"column":5}},"type":"if","locations":[{"start":{"line":117,"column":4},"end":{"line":119,"column":5}},{"start":{},"end":{}}],"line":117}},"s":{"0":3,"1":2,"2":2,"3":1,"4":1,"5":1,"6":1,"7":1,"8":1,"9":2,"10":2,"11":1,"12":1,"13":1,"14":1,"15":2,"16":2,"17":1},"f":{"0":2,"1":1,"2":1,"3":2,"4":1,"5":2},"b":{"0":[1,1],"1":[1,1],"2":[1,1]},"_coverageSchema":"1a1c01bbd47fc00a2c39e90264f33305004495a9","hash":"98332f8f10cdb2e8f218851bf7cd6dc16836a427"}
,"C:\\Users\\mkhaw\\Documents\\Code\\sistem-apresiasi\\sistem-apresiasi-api\\src\\services\\AchievementNonCompetitionService.js": {"path":"C:\\Users\\mkhaw\\Documents\\Code\\sistem-apresiasi\\sistem-apresiasi-api\\src\\services\\AchievementNonCompetitionService.js","statementMap":{"0":{"start":{"line":5,"column":15},"end":{"line":5,"column":33}},"1":{"start":{"line":17,"column":27},"end":{"line":28,"column":6}},"2":{"start":{"line":30,"column":4},"end":{"line":32,"column":5}},"3":{"start":{"line":31,"column":8},"end":{"line":31,"column":61}},"4":{"start":{"line":34,"column":4},"end":{"line":34,"column":25}},"5":{"start":{"line":38,"column":25},"end":{"line":38,"column":74}},"6":{"start":{"line":40,"column":4},"end":{"line":40,"column":23}},"7":{"start":{"line":44,"column":24},"end":{"line":48,"column":6}},"8":{"start":{"line":50,"column":4},"end":{"line":52,"column":5}},"9":{"start":{"line":51,"column":8},"end":{"line":51,"column":74}},"10":{"start":{"line":54,"column":4},"end":{"line":54,"column":22}},"11":{"start":{"line":58,"column":25},"end":{"line":62,"column":6}},"12":{"start":{"line":64,"column":4},"end":{"line":64,"column":23}},"13":{"start":{"line":71,"column":31},"end":{"line":85,"column":6}},"14":{"start":{"line":87,"column":4},"end":{"line":87,"column":29}},"15":{"start":{"line":91,"column":31},"end":{"line":95,"column":6}},"16":{"start":{"line":97,"column":4},"end":{"line":99,"column":5}},"17":{"start":{"line":98,"column":8},"end":{"line":98,"column":64}},"18":{"start":{"line":101,"column":4},"end":{"line":101,"column":29}}},"fnMap":{"0":{"name":"create","decl":{"start":{"line":7,"column":22},"end":{"line":7,"column":28}},"loc":{"start":{"line":16,"column":3},"end":{"line":35,"column":1}},"line":16},"1":{"name":"getAll","decl":{"start":{"line":37,"column":22},"end":{"line":37,"column":28}},"loc":{"start":{"line":37,"column":31},"end":{"line":41,"column":1}},"line":37},"2":{"name":"getById","decl":{"start":{"line":43,"column":22},"end":{"line":43,"column":29}},"loc":{"start":{"line":43,"column":34},"end":{"line":55,"column":1}},"line":43},"3":{"name":"getByFaculty","decl":{"start":{"line":57,"column":22},"end":{"line":57,"column":34}},"loc":{"start":{"line":57,"column":44},"end":{"line":65,"column":1}},"line":57},"4":{"name":"update","decl":{"start":{"line":67,"column":22},"end":{"line":67,"column":28}},"loc":{"start":{"line":70,"column":2},"end":{"line":88,"column":1}},"line":70},"5":{"name":"deleteById","decl":{"start":{"line":90,"column":22},"end":{"line":90,"column":32}},"loc":{"start":{"line":90,"column":37},"end":{"line":102,"column":1}},"line":90}},"branchMap":{"0":{"loc":{"start":{"line":30,"column":4},"end":{"line":32,"column":5}},"type":"if","locations":[{"start":{"line":30,"column":4},"end":{"line":32,"column":5}},{"start":{},"end":{}}],"line":30},"1":{"loc":{"start":{"line":50,"column":4},"end":{"line":52,"column":5}},"type":"if","locations":[{"start":{"line":50,"column":4},"end":{"line":52,"column":5}},{"start":{},"end":{}}],"line":50},"2":{"loc":{"start":{"line":97,"column":4},"end":{"line":99,"column":5}},"type":"if","locations":[{"start":{"line":97,"column":4},"end":{"line":99,"column":5}},{"start":{},"end":{}}],"line":97}},"s":{"0":3,"1":2,"2":2,"3":1,"4":1,"5":1,"6":1,"7":2,"8":2,"9":1,"10":1,"11":1,"12":1,"13":1,"14":1,"15":2,"16":2,"17":1,"18":1},"f":{"0":2,"1":1,"2":2,"3":1,"4":1,"5":2},"b":{"0":[1,1],"1":[1,1],"2":[1,1]},"_coverageSchema":"1a1c01bbd47fc00a2c39e90264f33305004495a9","hash":"ab016feaac9103c330dda2cd6cba85f829771eab"}
,"C:\\Users\\mkhaw\\Documents\\Code\\sistem-apresiasi\\sistem-apresiasi-api\\src\\services\\ActivitiesService.js": {"path":"C:\\Users\\mkhaw\\Documents\\Code\\sistem-apresiasi\\sistem-apresiasi-api\\src\\services\\ActivitiesService.js","statementMap":{"0":{"start":{"line":7,"column":24},"end":{"line":14,"column":1}},"1":{"start":{"line":16,"column":15},"end":{"line":16,"column":33}},"2":{"start":{"line":31,"column":4},"end":{"line":38,"column":5}},"3":{"start":{"line":32,"column":8},"end":{"line":32,"column":18}},"4":{"start":{"line":34,"column":21},"end":{"line":34,"column":55}},"5":{"start":{"line":35,"column":21},"end":{"line":35,"column":35}},"6":{"start":{"line":37,"column":8},"end":{"line":37,"column":76}},"7":{"start":{"line":39,"column":29},"end":{"line":39,"column":59}},"8":{"start":{"line":41,"column":24},"end":{"line":55,"column":6}},"9":{"start":{"line":57,"column":4},"end":{"line":59,"column":5}},"10":{"start":{"line":58,"column":8},"end":{"line":58,"column":60}},"11":{"start":{"line":61,"column":4},"end":{"line":64,"column":5}},"12":{"start":{"line":68,"column":22},"end":{"line":72,"column":6}},"13":{"start":{"line":74,"column":4},"end":{"line":76,"column":5}},"14":{"start":{"line":75,"column":8},"end":{"line":75,"column":53}},"15":{"start":{"line":78,"column":4},"end":{"line":78,"column":20}},"16":{"start":{"line":82,"column":23},"end":{"line":91,"column":6}},"17":{"start":{"line":93,"column":4},"end":{"line":95,"column":5}},"18":{"start":{"line":94,"column":8},"end":{"line":94,"column":55}},"19":{"start":{"line":97,"column":4},"end":{"line":97,"column":21}},"20":{"start":{"line":101,"column":21},"end":{"line":114,"column":6}},"21":{"start":{"line":116,"column":4},"end":{"line":118,"column":5}},"22":{"start":{"line":117,"column":8},"end":{"line":117,"column":68}},"23":{"start":{"line":120,"column":4},"end":{"line":120,"column":19}},"24":{"start":{"line":124,"column":19},"end":{"line":128,"column":6}},"25":{"start":{"line":130,"column":4},"end":{"line":132,"column":5}},"26":{"start":{"line":131,"column":8},"end":{"line":131,"column":68}},"27":{"start":{"line":134,"column":4},"end":{"line":141,"column":6}},"28":{"start":{"line":143,"column":4},"end":{"line":145,"column":5}},"29":{"start":{"line":144,"column":8},"end":{"line":144,"column":61}},"30":{"start":{"line":147,"column":4},"end":{"line":155,"column":5}},"31":{"start":{"line":148,"column":8},"end":{"line":154,"column":10}},"32":{"start":{"line":159,"column":23},"end":{"line":164,"column":6}},"33":{"start":{"line":166,"column":4},"end":{"line":170,"column":5}},"34":{"start":{"line":167,"column":8},"end":{"line":169,"column":9}},"35":{"start":{"line":172,"column":34},"end":{"line":177,"column":10}},"36":{"start":{"line":173,"column":43},"end":{"line":173,"column":51}},"37":{"start":{"line":175,"column":8},"end":{"line":175,"column":65}},"38":{"start":{"line":176,"column":8},"end":{"line":176,"column":18}},"39":{"start":{"line":179,"column":4},"end":{"line":179,"column":32}},"40":{"start":{"line":183,"column":21},"end":{"line":187,"column":6}},"41":{"start":{"line":189,"column":4},"end":{"line":191,"column":5}},"42":{"start":{"line":190,"column":8},"end":{"line":190,"column":58}},"43":{"start":{"line":193,"column":4},"end":{"line":195,"column":5}},"44":{"start":{"line":194,"column":8},"end":{"line":194,"column":87}},"45":{"start":{"line":199,"column":18},"end":{"line":203,"column":6}},"46":{"start":{"line":204,"column":21},"end":{"line":211,"column":6}},"47":{"start":{"line":213,"column":4},"end":{"line":215,"column":5}},"48":{"start":{"line":214,"column":8},"end":{"line":214,"column":80}}},"fnMap":{"0":{"name":"create","decl":{"start":{"line":18,"column":22},"end":{"line":18,"column":28}},"loc":{"start":{"line":28,"column":3},"end":{"line":65,"column":1}},"line":28},"1":{"name":"getByOwnerId","decl":{"start":{"line":67,"column":22},"end":{"line":67,"column":34}},"loc":{"start":{"line":67,"column":44},"end":{"line":79,"column":1}},"line":67},"2":{"name":"getByFaculty","decl":{"start":{"line":81,"column":22},"end":{"line":81,"column":34}},"loc":{"start":{"line":81,"column":44},"end":{"line":98,"column":1}},"line":81},"3":{"name":"getById","decl":{"start":{"line":100,"column":22},"end":{"line":100,"column":29}},"loc":{"start":{"line":100,"column":34},"end":{"line":121,"column":1}},"line":100},"4":{"name":"processActivity","decl":{"start":{"line":123,"column":22},"end":{"line":123,"column":37}},"loc":{"start":{"line":123,"column":59},"end":{"line":156,"column":1}},"line":123},"5":{"name":"getTotalPoint","decl":{"start":{"line":158,"column":22},"end":{"line":158,"column":35}},"loc":{"start":{"line":158,"column":45},"end":{"line":180,"column":1}},"line":158},"6":{"name":"(anonymous_6)","decl":{"start":{"line":172,"column":52},"end":{"line":172,"column":53}},"loc":{"start":{"line":172,"column":71},"end":{"line":177,"column":5}},"line":172},"7":{"name":"verifyOwner","decl":{"start":{"line":182,"column":22},"end":{"line":182,"column":33}},"loc":{"start":{"line":182,"column":47},"end":{"line":196,"column":1}},"line":182},"8":{"name":"verifyAccess","decl":{"start":{"line":198,"column":22},"end":{"line":198,"column":34}},"loc":{"start":{"line":198,"column":47},"end":{"line":216,"column":1}},"line":198}},"branchMap":{"0":{"loc":{"start":{"line":31,"column":4},"end":{"line":38,"column":5}},"type":"if","locations":[{"start":{"line":31,"column":4},"end":{"line":38,"column":5}},{"start":{"line":33,"column":11},"end":{"line":38,"column":5}}],"line":31},"1":{"loc":{"start":{"line":57,"column":4},"end":{"line":59,"column":5}},"type":"if","locations":[{"start":{"line":57,"column":4},"end":{"line":59,"column":5}},{"start":{},"end":{}}],"line":57},"2":{"loc":{"start":{"line":74,"column":4},"end":{"line":76,"column":5}},"type":"if","locations":[{"start":{"line":74,"column":4},"end":{"line":76,"column":5}},{"start":{},"end":{}}],"line":74},"3":{"loc":{"start":{"line":93,"column":4},"end":{"line":95,"column":5}},"type":"if","locations":[{"start":{"line":93,"column":4},"end":{"line":95,"column":5}},{"start":{},"end":{}}],"line":93},"4":{"loc":{"start":{"line":116,"column":4},"end":{"line":118,"column":5}},"type":"if","locations":[{"start":{"line":116,"column":4},"end":{"line":118,"column":5}},{"start":{},"end":{}}],"line":116},"5":{"loc":{"start":{"line":130,"column":4},"end":{"line":132,"column":5}},"type":"if","locations":[{"start":{"line":130,"column":4},"end":{"line":132,"column":5}},{"start":{},"end":{}}],"line":130},"6":{"loc":{"start":{"line":143,"column":4},"end":{"line":145,"column":5}},"type":"if","locations":[{"start":{"line":143,"column":4},"end":{"line":145,"column":5}},{"start":{},"end":{}}],"line":143},"7":{"loc":{"start":{"line":147,"column":4},"end":{"line":155,"column":5}},"type":"if","locations":[{"start":{"line":147,"column":4},"end":{"line":155,"column":5}},{"start":{},"end":{}}],"line":147},"8":{"loc":{"start":{"line":166,"column":4},"end":{"line":170,"column":5}},"type":"if","locations":[{"start":{"line":166,"column":4},"end":{"line":170,"column":5}},{"start":{},"end":{}}],"line":166},"9":{"loc":{"start":{"line":175,"column":31},"end":{"line":175,"column":55}},"type":"binary-expr","locations":[{"start":{"line":175,"column":31},"end":{"line":175,"column":50}},{"start":{"line":175,"column":54},"end":{"line":175,"column":55}}],"line":175},"10":{"loc":{"start":{"line":189,"column":4},"end":{"line":191,"column":5}},"type":"if","locations":[{"start":{"line":189,"column":4},"end":{"line":191,"column":5}},{"start":{},"end":{}}],"line":189},"11":{"loc":{"start":{"line":193,"column":4},"end":{"line":195,"column":5}},"type":"if","locations":[{"start":{"line":193,"column":4},"end":{"line":195,"column":5}},{"start":{},"end":{}}],"line":193},"12":{"loc":{"start":{"line":213,"column":4},"end":{"line":215,"column":5}},"type":"if","locations":[{"start":{"line":213,"column":4},"end":{"line":215,"column":5}},{"start":{},"end":{}}],"line":213}},"s":{"0":3,"1":3,"2":2,"3":1,"4":1,"5":1,"6":1,"7":2,"8":2,"9":2,"10":1,"11":1,"12":2,"13":2,"14":1,"15":1,"16":2,"17":2,"18":1,"19":1,"20":2,"21":2,"22":1,"23":1,"24":4,"25":4,"26":1,"27":3,"28":3,"29":1,"30":2,"31":1,"32":2,"33":2,"34":1,"35":1,"36":3,"37":3,"38":3,"39":1,"40":3,"41":3,"42":1,"43":2,"44":1,"45":2,"46":2,"47":2,"48":1},"f":{"0":2,"1":2,"2":2,"3":2,"4":4,"5":2,"6":3,"7":3,"8":2},"b":{"0":[1,1],"1":[1,1],"2":[1,1],"3":[1,1],"4":[1,1],"5":[1,3],"6":[1,2],"7":[1,1],"8":[1,1],"9":[3,2],"10":[1,2],"11":[1,1],"12":[1,1]},"_coverageSchema":"1a1c01bbd47fc00a2c39e90264f33305004495a9","hash":"ed179ae7547e75ede80e7dc91c4c1b6cdda35153"}
,"C:\\Users\\mkhaw\\Documents\\Code\\sistem-apresiasi\\sistem-apresiasi-api\\src\\services\\RejectedActivityService.js": {"path":"C:\\Users\\mkhaw\\Documents\\Code\\sistem-apresiasi\\sistem-apresiasi-api\\src\\services\\RejectedActivityService.js","statementMap":{"0":{"start":{"line":4,"column":15},"end":{"line":4,"column":33}},"1":{"start":{"line":7,"column":23},"end":{"line":22,"column":6}},"2":{"start":{"line":24,"column":4},"end":{"line":24,"column":21}},"3":{"start":{"line":28,"column":21},"end":{"line":32,"column":6}},"4":{"start":{"line":34,"column":4},"end":{"line":36,"column":5}},"5":{"start":{"line":35,"column":8},"end":{"line":35,"column":71}},"6":{"start":{"line":38,"column":4},"end":{"line":38,"column":19}}},"fnMap":{"0":{"name":"getByOwnerId","decl":{"start":{"line":6,"column":22},"end":{"line":6,"column":34}},"loc":{"start":{"line":6,"column":44},"end":{"line":25,"column":1}},"line":6},"1":{"name":"getByActivityId","decl":{"start":{"line":27,"column":22},"end":{"line":27,"column":37}},"loc":{"start":{"line":27,"column":50},"end":{"line":39,"column":1}},"line":27}},"branchMap":{"0":{"loc":{"start":{"line":34,"column":4},"end":{"line":36,"column":5}},"type":"if","locations":[{"start":{"line":34,"column":4},"end":{"line":36,"column":5}},{"start":{},"end":{}}],"line":34}},"s":{"0":2,"1":2,"2":2,"3":2,"4":2,"5":1,"6":1},"f":{"0":2,"1":2},"b":{"0":[1,1]},"_coverageSchema":"1a1c01bbd47fc00a2c39e90264f33305004495a9","hash":"c77ab17e2d3cb927d14dded194e0daa0999da870"}
,"C:\\Users\\mkhaw\\Documents\\Code\\sistem-apresiasi\\sistem-apresiasi-api\\src\\services\\SkpiService.js": {"path":"C:\\Users\\mkhaw\\Documents\\Code\\sistem-apresiasi\\sistem-apresiasi-api\\src\\services\\SkpiService.js","statementMap":{"0":{"start":{"line":7,"column":15},"end":{"line":7,"column":33}},"1":{"start":{"line":18,"column":4},"end":{"line":25,"column":6}},"2":{"start":{"line":27,"column":20},"end":{"line":38,"column":6}},"3":{"start":{"line":40,"column":4},"end":{"line":42,"column":5}},"4":{"start":{"line":41,"column":8},"end":{"line":41,"column":54}},"5":{"start":{"line":44,"column":4},"end":{"line":44,"column":68}},"6":{"start":{"line":46,"column":4},"end":{"line":49,"column":5}},"7":{"start":{"line":53,"column":17},"end":{"line":66,"column":6}},"8":{"start":{"line":68,"column":4},"end":{"line":68,"column":59}},"9":{"start":{"line":68,"column":33},"end":{"line":68,"column":58}},"10":{"start":{"line":72,"column":17},"end":{"line":90,"column":6}},"11":{"start":{"line":92,"column":4},"end":{"line":92,"column":59}},"12":{"start":{"line":92,"column":33},"end":{"line":92,"column":58}},"13":{"start":{"line":96,"column":17},"end":{"line":100,"column":6}},"14":{"start":{"line":102,"column":4},"end":{"line":104,"column":5}},"15":{"start":{"line":103,"column":8},"end":{"line":103,"column":49}},"16":{"start":{"line":106,"column":4},"end":{"line":106,"column":15}},"17":{"start":{"line":110,"column":17},"end":{"line":124,"column":6}},"18":{"start":{"line":126,"column":4},"end":{"line":128,"column":5}},"19":{"start":{"line":127,"column":8},"end":{"line":127,"column":49}},"20":{"start":{"line":130,"column":4},"end":{"line":130,"column":15}},"21":{"start":{"line":134,"column":23},"end":{"line":141,"column":6}},"22":{"start":{"line":143,"column":4},"end":{"line":145,"column":5}},"23":{"start":{"line":144,"column":8},"end":{"line":144,"column":62}},"24":{"start":{"line":147,"column":4},"end":{"line":170,"column":5}},"25":{"start":{"line":149,"column":12},"end":{"line":149,"column":78}},"26":{"start":{"line":150,"column":12},"end":{"line":150,"column":17}},"27":{"start":{"line":153,"column":12},"end":{"line":153,"column":83}},"28":{"start":{"line":154,"column":12},"end":{"line":154,"column":17}},"29":{"start":{"line":157,"column":12},"end":{"line":157,"column":79}},"30":{"start":{"line":158,"column":12},"end":{"line":158,"column":17}},"31":{"start":{"line":161,"column":12},"end":{"line":161,"column":76}},"32":{"start":{"line":162,"column":12},"end":{"line":162,"column":17}},"33":{"start":{"line":165,"column":12},"end":{"line":165,"column":79}},"34":{"start":{"line":166,"column":12},"end":{"line":166,"column":17}},"35":{"start":{"line":169,"column":12},"end":{"line":169,"column":59}},"36":{"start":{"line":174,"column":17},"end":{"line":178,"column":6}},"37":{"start":{"line":180,"column":4},"end":{"line":182,"column":5}},"38":{"start":{"line":181,"column":8},"end":{"line":181,"column":69}}},"fnMap":{"0":{"name":"create","decl":{"start":{"line":9,"column":22},"end":{"line":9,"column":28}},"loc":{"start":{"line":17,"column":3},"end":{"line":50,"column":1}},"line":17},"1":{"name":"getAll","decl":{"start":{"line":52,"column":22},"end":{"line":52,"column":28}},"loc":{"start":{"line":52,"column":31},"end":{"line":69,"column":1}},"line":52},"2":{"name":"(anonymous_2)","decl":{"start":{"line":68,"column":23},"end":{"line":68,"column":24}},"loc":{"start":{"line":68,"column":33},"end":{"line":68,"column":58}},"line":68},"3":{"name":"getByFaculty","de
[...]
,"C:\\Users\\mkhaw\\Documents\\Code\\sistem-apresiasi\\sistem-apresiasi-api\\src\\utils\\mail.utils.js": {"path":"C:\\Users\\mkhaw\\Documents\\Code\\sistem-apresiasi\\sistem-apresiasi-api\\src\\utils\\mail.utils.js","statementMap":{"0":{"start":{"line":4,"column":15},"end":{"line":4,"column":33}},"1":{"start":{"line":7,"column":17},"end":{"line":11,"column":6}},"2":{"start":{"line":13,"column":21},"end":{"line":18,"column":6}},"3":{"start":{"line":20,"column":21},"end":{"line":42,"column":34}},"4":{"start":{"line":44,"column":4},"end":{"line":44,"column":57}},"5":{"start":{"line":48,"column":17},"end":{"line":52,"column":6}},"6":{"start":{"line":54,"column":21},"end":{"line":58,"column":6}},"7":{"start":{"line":60,"column":21},"end":{"line":80,"column":34}},"8":{"start":{"line":82,"column":4},"end":{"line":82,"column":57}},"9":{"start":{"line":86,"column":17},"end":{"line":90,"column":6}},"10":{"start":{"line":92,"column":21},"end":{"line":108,"column":34}},"11":{"start":{"line":110,"column":4},"end":{"line":110,"column":53}},"12":{"start":{"line":114,"column":17},"end":{"line":118,"column":6}},"13":{"start":{"line":120,"column":21},"end":{"line":136,"column":34}},"14":{"start":{"line":138,"column":4},"end":{"line":138,"column":53}}},"fnMap":{"0":{"name":"pushEmailNotificationFaculty","decl":{"start":{"line":6,"column":22},"end":{"line":6,"column":50}},"loc":{"start":{"line":6,"column":66},"end":{"line":45,"column":1}},"line":6},"1":{"name":"pushEmailNotification","decl":{"start":{"line":47,"column":22},"end":{"line":47,"column":43}},"loc":{"start":{"line":47,"column":59},"end":{"line":83,"column":1}},"line":47},"2":{"name":"pushEmailNotificationMahasiswa","decl":{"start":{"line":85,"column":22},"end":{"line":85,"column":52}},"loc":{"start":{"line":85,"column":62},"end":{"line":111,"column":1}},"line":85},"3":{"name":"pushEmailNotificationRejected","decl":{"start":{"line":113,"column":22},"end":{"line":113,"column":51}},"loc":{"start":{"line":113,"column":61},"end":{"line":139,"column":1}},"line":113}},"branchMap":{},"s":{"0":3,"1":3,"2":3,"3":2,"4":2,"5":3,"6":3,"7":3,"8":2,"9":2,"10":2,"11":1,"12":2,"13":2,"14":1},"f":{"0":3,"1":3,"2":2,"3":2},"b":{},"_coverageSchema":"1a1c01bbd47fc00a2c39e90264f33305004495a9","hash":"07f802473c38a5433e737cbbcbc1577b2e245bdd"}
,"C:\\Users\\mkhaw\\Documents\\Code\\sistem-apresiasi\\sistem-apresiasi-api\\src\\utils\\user.utils.js": {"path":"C:\\Users\\mkhaw\\Documents\\Code\\sistem-apresiasi\\sistem-apresiasi-api\\src\\utils\\user.utils.js","statementMap":{"0":{"start":{"line":3,"column":4},"end":{"line":12,"column":5}},"1":{"start":{"line":5,"column":12},"end":{"line":5,"column":34}},"2":{"start":{"line":6,"column":12},"end":{"line":6,"column":17}},"3":{"start":{"line":8,"column":12},"end":{"line":8,"column":40}},"4":{"start":{"line":9,"column":12},"end":{"line":9,"column":17}},"5":{"start":{"line":11,"column":12},"end":{"line":11,"column":17}},"6":{"start":{"line":14,"column":4},"end":{"line":14,"column":23}},"7":{"start":{"line":18,"column":4},"end":{"line":27,"column":5}},"8":{"start":{"line":20,"column":12},"end":{"line":20,"column":36}},"9":{"start":{"line":21,"column":12},"end":{"line":21,"column":17}},"10":{"start":{"line":23,"column":12},"end":{"line":23,"column":42}},"11":{"start":{"line":24,"column":12},"end":{"line":24,"column":17}},"12":{"start":{"line":26,"column":12},"end":{"line":26,"column":17}},"13":{"start":{"line":29,"column":4},"end":{"line":29,"column":25}}},"fnMap":{"0":{"name":"generateStatusActive","decl":{"start":{"line":1,"column":16},"end":{"line":1,"column":36}},"loc":{"start":{"line":1,"column":45},"end":{"line":15,"column":1}},"line":1},"1":{"name":"generateStatusGraduate","decl":{"start":{"line":16,"column":16},"end":{"line":16,"column":38}},"loc":{"start":{"line":16,"column":47},"end":{"line":30,"column":1}},"line":16}},"branchMap":{"0":{"loc":{"start":{"line":3,"column":4},"end":{"line":12,"column":5}},"type":"switch","locations":[{"start":{"line":4,"column":8},"end":{"line":6,"column":17}},{"start":{"line":7,"column":8},"end":{"line":9,"column":17}},{"start":{"line":10,"column":8},"end":{"line":11,"column":17}}],"line":3},"1":{"loc":{"start":{"line":18,"column":4},"end":{"line":27,"column":5}},"type":"switch","locations":[{"start":{"line":19,"column":8},"end":{"line":21,"column":17}},{"start":{"line":22,"column":8},"end":{"line":24,"column":17}},{"start":{"line":25,"column":8},"end":{"line":26,"column":17}}],"line":18}},"s":{"0":3,"1":1,"2":1,"3":1,"4":1,"5":1,"6":3,"7":3,"8":1,"9":1,"10":1,"11":1,"12":1,"13":3},"f":{"0":3,"1":3},"b":{"0":[1,1,1],"1":[1,1,1]},"_coverageSchema":"1a1c01bbd47fc00a2c39e90264f33305004495a9","hash":"e30f7cc770aa7ce845c8b7bf9add9742fcffc0b0"}
,"C:\\Users\\mkhaw\\Documents\\Code\\sistem-apresiasi\\sistem-apresiasi-api\\src\\validations\\achievements\\index.js": {"path":"C:\\Users\\mkhaw\\Documents\\Code\\sistem-apresiasi\\sistem-apresiasi-api\\src\\validations\\achievements\\index.js","statementMap":{"0":{"start":{"line":10,"column":36},"end":{"line":50,"column":1}},"1":{"start":{"line":12,"column":29},"end":{"line":12,"column":75}},"2":{"start":{"line":14,"column":4},"end":{"line":16,"column":5}},"3":{"start":{"line":15,"column":6},"end":{"line":15,"column":63}},"4":{"start":{"line":20,"column":6},"end":{"line":20,"column":63}},"5":{"start":{"line":22,"column":4},"end":{"line":24,"column":5}},"6":{"start":{"line":23,"column":6},"end":{"line":23,"column":63}},"7":{"start":{"line":28,"column":6},"end":{"line":28,"column":62}},"8":{"start":{"line":30,"column":4},"end":{"line":32,"column":5}},"9":{"start":{"line":31,"column":6},"end":{"line":31,"column":63}},"10":{"start":{"line":36,"column":6},"end":{"line":36,"column":66}},"11":{"start":{"line":38,"column":4},"end":{"line":40,"column":5}},"12":{"start":{"line":39,"column":6},"end":{"line":39,"column":63}},"13":{"start":{"line":44,"column":6},"end":{"line":44,"column":65}},"14":{"start":{"line":46,"column":4},"end":{"line":48,"column":5}},"15":{"start":{"line":47,"column":6},"end":{"line":47,"column":63}}},"fnMap":{"0":{"name":"(anonymous_0)","decl":{"start":{"line":11,"column":34},"end":{"line":11,"column":35}},"loc":{"start":{"line":11,"column":47},"end":{"line":17,"column":3}},"line":11},"1":{"name":"(anonymous_1)","decl":{"start":{"line":18,"column":45},"end":{"line":18,"column":46}},"loc":{"start":{"line":18,"column":58},"end":{"line":25,"column":3}},"line":18},"2":{"name":"(anonymous_2)","decl":{"start":{"line":26,"column":44},"end":{"line":26,"column":45}},"loc":{"start":{"line":26,"column":57},"end":{"line":33,"column":3}},"line":26},"3":{"name":"(anonymous_3)","decl":{"start":{"line":34,"column":48},"end":{"line":34,"column":49}},"loc":{"start":{"line":34,"column":61},"end":{"line":41,"column":3}},"line":34},"4":{"name":"(anonymous_4)","decl":{"start":{"line":42,"column":47},"end":{"line":42,"column":48}},"loc":{"start":{"line":42,"column":60},"end":{"line":49,"column":3}},"line":42}},"branchMap":{"0":{"loc":{"start":{"line":14,"column":4},"end":{"line":16,"column":5}},"type":"if","locations":[{"start":{"line":14,"column":4},"end":{"line":16,"column":5}},{"start":{},"end":{}}],"line":14},"1":{"loc":{"start":{"line":22,"column":4},"end":{"line":24,"column":5}},"type":"if","locations":[{"start":{"line":22,"column":4},"end":{"line":24,"column":5}},{"start":{},"end":{}}],"line":22},"2":{"loc":{"start":{"line":30,"column":4},"end":{"line":32,"column":5}},"type":"if","locations":[{"start":{"line":30,"column":4},"end":{"line":32,"column":5}},{"start":{},"end":{}}],"line":30},"3":{"loc":{"start":{"line":38,"column":4},"end":{"line":40,"column":5}},"type":"if","locations":[{"start":{"line":38,"column":4},"end":{"line":40,"column":5}},{"start":{},"end":{}}],"line":38},"4":{"loc":{"start":{"line":46,"column":4},"end":{"line":48,"column":5}},"type":"if","locations":[{"start":{"line":46,"column":4},"end":{"line":48,"column":5}},{"start":{},"end":{}}],"line":46}},"s":{"0":3,"1":3,"2":3,"3":2,"4":7,"5":7,"6":2,"7":7,"8":7,"9":2,"10":7,"11":7,"12":2,"13":3,"14":3,"15":2},"f":{"0":3,"1":7,"2":7,"3":7,"4":3},"b":{"0":[2,1],"1":[2,5],"2":[2,5],"3":[2,5],"4":[2,1]},"_coverageSchema":"1a1c01bbd47fc00a2c39e90264f33305004495a9","hash":"0b18fcc699a5e3548d7ed3b3834e9e9c1250f2db"}
,"C:\\Users\\mkhaw\\Documents\\Code\\sistem-apresiasi\\sistem-apresiasi-api\\src\\validations\\achievements\\schema.js": {"path":"C:\\Users\\mkhaw\\Documents\\Code\\sistem-apresiasi\\sistem-apresiasi-api\\src\\validations\\achievements\\schema.js","statementMap":{"0":{"start":{"line":3,"column":27},"end":{"line":7,"column":2}},"1":{"start":{"line":9,"column":44},"end":{"line":12,"column":2}},"2":{"start":{"line":14,"column":55},"end":{"line":28,"column":2}},"3":{"start":{"line":30,"column":54},"end":{"line":44,"column":2}},"4":{"start":{"line":46,"column":58},"end":{"line":79,"column":2}},"5":{"start":{"line":81,"column":57},"end":{"line":110,"column":2}}},"fnMap":{},"branchMap":{},"s":{"0":2,"1":2,"2":2,"3":2,"4":2,"5":2},"f":{},"b":{},"_coverageSchema":"1a1c01bbd47fc00a2c39e90264f33305004495a9","hash":"f2a26fcf264c019f21e30908958c81a854ae28aa"}
,"C:\\Users\\mkhaw\\Documents\\Code\\sistem-apresiasi\\sistem-apresiasi-api\\src\\validations\\activities\\index.js": {"path":"C:\\Users\\mkhaw\\Documents\\Code\\sistem-apresiasi\\sistem-apresiasi-api\\src\\validations\\activities\\index.js","statementMap":{"0":{"start":{"line":7,"column":33},"end":{"line":22,"column":1}},"1":{"start":{"line":9,"column":29},"end":{"line":9,"column":72}},"2":{"start":{"line":11,"column":4},"end":{"line":13,"column":5}},"3":{"start":{"line":12,"column":6},"end":{"line":12,"column":63}},"4":{"start":{"line":16,"column":29},"end":{"line":16,"column":71}},"5":{"start":{"line":18,"column":4},"end":{"line":20,"column":5}},"6":{"start":{"line":19,"column":6},"end":{"line":19,"column":63}}},"fnMap":{"0":{"name":"(anonymous_0)","decl":{"start":{"line":8,"column":31},"end":{"line":8,"column":32}},"loc":{"start":{"line":8,"column":44},"end":{"line":14,"column":3}},"line":8},"1":{"name":"(anonymous_1)","decl":{"start":{"line":15,"column":30},"end":{"line":15,"column":31}},"loc":{"start":{"line":15,"column":43},"end":{"line":21,"column":3}},"line":15}},"branchMap":{"0":{"loc":{"start":{"line":11,"column":4},"end":{"line":13,"column":5}},"type":"if","locations":[{"start":{"line":11,"column":4},"end":{"line":13,"column":5}},{"start":{},"end":{}}],"line":11},"1":{"loc":{"start":{"line":18,"column":4},"end":{"line":20,"column":5}},"type":"if","locations":[{"start":{"line":18,"column":4},"end":{"line":20,"column":5}},{"start":{},"end":{}}],"line":18}},"s":{"0":2,"1":4,"2":4,"3":2,"4":5,"5":5,"6":2},"f":{"0":4,"1":5},"b":{"0":[2,2],"1":[2,3]},"_coverageSchema":"1a1c01bbd47fc00a2c39e90264f33305004495a9","hash":"1b96a79f711461eb013e229e2738f729d2c4c252"}
,"C:\\Users\\mkhaw\\Documents\\Code\\sistem-apresiasi\\sistem-apresiasi-api\\src\\validations\\activities\\schema.js": {"path":"C:\\Users\\mkhaw\\Documents\\Code\\sistem-apresiasi\\sistem-apresiasi-api\\src\\validations\\activities\\schema.js","statementMap":{"0":{"start":{"line":3,"column":41},"end":{"line":12,"column":2}},"1":{"start":{"line":14,"column":40},"end":{"line":21,"column":2}}},"fnMap":{},"branchMap":{},"s":{"0":1,"1":1},"f":{},"b":{},"_coverageSchema":"1a1c01bbd47fc00a2c39e90264f33305004495a9","hash":"0b529929e8f1c418297f86fa1f9c2dd83e220b7d"}
,"C:\\Users\\mkhaw\\Documents\\Code\\sistem-apresiasi\\sistem-apresiasi-api\\src\\validations\\authentications\\index.js": {"path":"C:\\Users\\mkhaw\\Documents\\Code\\sistem-apresiasi\\sistem-apresiasi-api\\src\\validations\\authentications\\index.js","statementMap":{"0":{"start":{"line":4,"column":40},"end":{"line":12,"column":1}},"1":{"start":{"line":6,"column":29},"end":{"line":6,"column":75}},"2":{"start":{"line":8,"column":4},"end":{"line":10,"column":5}},"3":{"start":{"line":9,"column":6},"end":{"line":9,"column":63}}},"fnMap":{"0":{"name":"(anonymous_0)","decl":{"start":{"line":5,"column":34},"end":{"line":5,"column":35}},"loc":{"start":{"line":5,"column":47},"end":{"line":11,"column":3}},"line":5}},"branchMap":{"0":{"loc":{"start":{"line":8,"column":4},"end":{"line":10,"column":5}},"type":"if","locations":[{"start":{"line":8,"column":4},"end":{"line":10,"column":5}},{"start":{},"end":{}}],"line":8}},"s":{"0":2,"1":3,"2":3,"3":2},"f":{"0":3},"b":{"0":[2,1]},"_coverageSchema":"1a1c01bbd47fc00a2c39e90264f33305004495a9","hash":"7f2e9dbb296d0915a111ad4ef98d3d30af80fd25"}
,"C:\\Users\\mkhaw\\Documents\\Code\\sistem-apresiasi\\sistem-apresiasi-api\\src\\validations\\authentications\\schema.js": {"path":"C:\\Users\\mkhaw\\Documents\\Code\\sistem-apresiasi\\sistem-apresiasi-api\\src\\validations\\authentications\\schema.js","statementMap":{"0":{"start":{"line":3,"column":44},"end":{"line":6,"column":2}}},"fnMap":{},"branchMap":{},"s":{"0":1},"f":{},"b":{},"_coverageSchema":"1a1c01bbd47fc00a2c39e90264f33305004495a9","hash":"28ce59b1396b0932a3ca796c8d0a9a8f8aab0e3c"}
,"C:\\Users\\mkhaw\\Documents\\Code\\sistem-apresiasi\\sistem-apresiasi-api\\src\\validations\\skpi\\index.js": {"path":"C:\\Users\\mkhaw\\Documents\\Code\\sistem-apresiasi\\sistem-apresiasi-api\\src\\validations\\skpi\\index.js","statementMap":{"0":{"start":{"line":4,"column":29},"end":{"line":12,"column":1}},"1":{"start":{"line":6,"column":29},"end":{"line":6,"column":68}},"2":{"start":{"line":8,"column":4},"end":{"line":10,"column":5}},"3":{"start":{"line":9,"column":6},"end":{"line":9,"column":63}}},"fnMap":{"0":{"name":"(anonymous_0)","decl":{"start":{"line":5,"column":27},"end":{"line":5,"column":28}},"loc":{"start":{"line":5,"column":40},"end":{"line":11,"column":3}},"line":5}},"branchMap":{"0":{"loc":{"start":{"line":8,"column":4},"end":{"line":10,"column":5}},"type":"if","locations":[{"start":{"line":8,"column":4},"end":{"line":10,"column":5}},{"start":{},"end":{}}],"line":8}},"s":{"0":1,"1":3,"2":3,"3":2},"f":{"0":3},"b":{"0":[2,1]},"_coverageSchema":"1a1c01bbd47fc00a2c39e90264f33305004495a9","hash":"3db96752f4c532f7ca400adbd32f31f066fadfd9"}
,"C:\\Users\\mkhaw\\Documents\\Code\\sistem-apresiasi\\sistem-apresiasi-api\\src\\validations\\ttd\\index.js": {"path":"C:\\Users\\mkhaw\\Documents\\Code\\sistem-apresiasi\\sistem-apresiasi-api\\src\\validations\\ttd\\index.js","statementMap":{"0":{"start":{"line":5,"column":29},"end":{"line":5,"column":67}},"1":{"start":{"line":7,"column":4},"end":{"line":9,"column":5}},"2":{"start":{"line":8,"column":8},"end":{"line":8,"column":64}}},"fnMap":{"0":{"name":"validatePostTtdPayload","decl":{"start":{"line":4,"column":16},"end":{"line":4,"column":38}},"loc":{"start":{"line":4,"column":48},"end":{"line":10,"column":1}},"line":4}},"branchMap":{"0":{"loc":{"start":{"line":7,"column":4},"end":{"line":9,"column":5}},"type":"if","locations":[{"start":{"line":7,"column":4},"end":{"line":9,"column":5}},{"start":{},"end":{}}],"line":7}},"s":{"0":4,"1":4,"2":2},"f":{"0":4},"b":{"0":[2,2]},"_coverageSchema":"1a1c01bbd47fc00a2c39e90264f33305004495a9","hash":"922532afbee63a9af51fb13375d9ead2a638ce5a"}
,"C:\\Users\\mkhaw\\Documents\\Code\\sistem-apresiasi\\sistem-apresiasi-api\\src\\validations\\ttd\\schema.js": {"path":"C:\\Users\\mkhaw\\Documents\\Code\\sistem-apresiasi\\sistem-apresiasi-api\\src\\validations\\ttd\\schema.js","statementMap":{"0":{"start":{"line":3,"column":36},"end":{"line":5,"column":2}}},"fnMap":{},"branchMap":{},"s":{"0":1},"f":{},"b":{},"_coverageSchema":"1a1c01bbd47fc00a2c39e90264f33305004495a9","hash":"c9d1779dddaf31bd48119b83ac19b3179566c209"}
,"C:\\Users\\mkhaw\\Documents\\Code\\sistem-apresiasi\\sistem-apresiasi-api\\src\\validations\\uploads\\index.js": {"path":"C:\\Users\\mkhaw\\Documents\\Code\\sistem-apresiasi\\sistem-apresiasi-api\\src\\validations\\uploads\\index.js","statementMap":{"0":{"start":{"line":4,"column":31},"end":{"line":12,"column":1}},"1":{"start":{"line":6,"column":33},"end":{"line":6,"column":75}},"2":{"start":{"line":8,"column":8},"end":{"line":10,"column":9}},"3":{"start":{"line":9,"column":12},"end":{"line":9,"column":68}}},"fnMap":{"0":{"name":"(anonymous_0)","decl":{"start":{"line":5,"column":32},"end":{"line":5,"column":33}},"loc":{"start":{"line":5,"column":45},"end":{"line":11,"column":5}},"line":5}},"branchMap":{"0":{"loc":{"start":{"line":8,"column":8},"end":{"line":10,"column":9}},"type":"if","locations":[{"start":{"line":8,"column":8},"end":{"line":10,"column":9}},{"start":{},"end":{}}],"line":8}},"s":{"0":2,"1":3,"2":3,"3":2},"f":{"0":3},"b":{"0":[2,1]},"_coverageSchema":"1a1c01bbd47fc00a2c39e90264f33305004495a9","hash":"46203c21235d2147aa356efd376d94fe42a73755"}
,"C:\\Users\\mkhaw\\Documents\\Code\\sistem-apresiasi\\sistem-apresiasi-api\\src\\validations\\uploads\\schema.js": {"path":"C:\\Users\\mkhaw\\Documents\\Code\\sistem-apresiasi\\sistem-apresiasi-api\\src\\validations\\uploads\\schema.js","statementMap":{"0":{"start":{"line":3,"column":40},"end":{"line":11,"column":2}}},"fnMap":{},"branchMap":{},"s":{"0":1},"f":{},"b":{},"_coverageSchema":"1a1c01bbd47fc00a2c39e90264f33305004495a9","hash":"1f6889ab4842e81229cb088ddd7939d1c2c808ea"}
,"C:\\Users\\mkhaw\\Documents\\Code\\sistem-apresiasi\\sistem-apresiasi-api\\src\\validations\\users\\index.js": {"path":"C:\\Users\\mkhaw\\Documents\\Code\\sistem-apresiasi\\sistem-apresiasi-api\\src\\validations\\users\\index.js","statementMap":{"0":{"start":{"line":4,"column":30},"end":{"line":20,"column":1}},"1":{"start":{"line":6,"column":28},"end":{"line":6,"column":68}},"2":{"start":{"line":8,"column":4},"end":{"line":10,"column":5}},"3":{"start":{"line":9,"column":6},"end":{"line":9,"column":62}},"4":{"start":{"line":14,"column":29},"end":{"line":14,"column":68}},"5":{"start":{"line":16,"column":4},"end":{"line":18,"column":5}},"6":{"start":{"line":17,"column":6},"end":{"line":17,"column":63}}},"fnMap":{"0":{"name":"(anonymous_0)","decl":{"start":{"line":5,"column":28},"end":{"line":5,"column":29}},"loc":{"start":{"line":5,"column":41},"end":{"line":11,"column":3}},"line":5},"1":{"name":"(anonymous_1)","decl":{"start":{"line":13,"column":27},"end":{"line":13,"column":28}},"loc":{"start":{"line":13,"column":40},"end":{"line":19,"column":3}},"line":13}},"branchMap":{"0":{"loc":{"start":{"line":8,"column":4},"end":{"line":10,"column":5}},"type":"if","locations":[{"start":{"line":8,"column":4},"end":{"line":10,"column":5}},{"start":{},"end":{}}],"line":8},"1":{"loc":{"start":{"line":16,"column":4},"end":{"line":18,"column":5}},"type":"if","locations":[{"start":{"line":16,"column":4},"end":{"line":18,"column":5}},{"start":{},"end":{}}],"line":16}},"s":{"0":2,"1":4,"2":4,"3":2,"4":4,"5":4,"6":2},"f":{"0":4,"1":4},"b":{"0":[2,2],"1":[2,2]},"_coverageSchema":"1a1c01bbd47fc00a2c39e90264f33305004495a9","hash":"42c60dde62259e30aea0d8374613fa06cadfd129"}
,"C:\\Users\\mkhaw\\Documents\\Code\\sistem-apresiasi\\sistem-apresiasi-api\\src\\validations\\users\\schema.js": {"path":"C:\\Users\\mkhaw\\Documents\\Code\\sistem-apresiasi\\sistem-apresiasi-api\\src\\validations\\users\\schema.js","statementMap":{"0":{"start":{"line":3,"column":38},"end":{"line":14,"column":2}},"1":{"start":{"line":16,"column":37},"end":{"line":18,"column":2}}},"fnMap":{},"branchMap":{},"s":{"0":1,"1":1},"f":{},"b":{},"_coverageSchema":"1a1c01bbd47fc00a2c39e90264f33305004495a9","hash":"c15adce1a129eac33841120b54ee41a1263af62a"}
}
