TN:
SF:src\exceptions\AuthenticationError.js
FN:4,(anonymous_0)
FNF:1
FNH:1
FNDA:6,(anonymous_0)
DA:5,6
DA:6,6
LF:2
LH:2
BRF:0
BRH:0
end_of_record
TN:
SF:src\exceptions\AuthorizationError.js
FN:4,(anonymous_0)
FNF:1
FNH:1
FNDA:4,(anonymous_0)
DA:5,4
DA:6,4
LF:2
LH:2
BRF:0
BRH:0
end_of_record
TN:
SF:src\exceptions\ClientError.js
FN:2,(anonymous_0)
FNF:1
FNH:1
FNDA:67,(anonymous_0)
DA:3,67
DA:4,67
DA:5,67
LF:3
LH:3
BRDA:2,0,0,40
BRF:1
BRH:1
end_of_record
TN:
SF:src\exceptions\InvariantError.js
FN:4,(anonymous_0)
FNF:1
FNH:1
FNDA:39,(anonymous_0)
DA:5,39
DA:6,39
LF:2
LH:2
BRF:0
BRH:0
end_of_record
TN:
SF:src\exceptions\NotFoundError.js
FN:4,(anonymous_0)
FNF:1
FNH:1
FNDA:15,(anonymous_0)
DA:5,15
DA:6,15
LF:2
LH:2
BRF:0
BRH:0
end_of_record
TN:
SF:src\middleware\authenticateToken.js
FN:4,authenticateToken
FN:11,(anonymous_1)
FNF:2
FNH:2
FNDA:5,authenticateToken
FNDA:3,(anonymous_1)
DA:5,5
DA:7,5
DA:9,3
DA:11,3
DA:12,3
DA:14,1
DA:15,1
DA:16,1
LF:8
LH:8
BRDA:7,0,0,2
BRDA:7,0,1,3
BRDA:12,1,0,2
BRDA:12,1,1,1
BRF:4
BRH:4
end_of_record
TN:
SF:src\middleware\errorHandler.js
FN:3,(anonymous_0)
FNF:1
FNH:1
FNDA:2,(anonymous_0)
DA:3,1
DA:4,2
DA:5,1
DA:11,1
LF:4
LH:4
BRDA:4,0,0,1
BRDA:4,0,1,1
BRF:2
BRH:2
end_of_record
TN:
SF:src\middleware\uploadImage.js
FN:5,(anonymous_0)
FN:16,(anonymous_1)
FN:19,(anonymous_2)
FNF:3
FNH:1
FNDA:3,(anonymous_0)
FNDA:0,(anonymous_1)
FNDA:0,(anonymous_2)
DA:5,1
DA:6,3
DA:7,3
DA:8,2
DA:13,1
DA:15,1
DA:17,0
DA:20,0
DA:27,1
LF:9
LH:7
BRDA:7,0,0,2
BRDA:7,0,1,1
BRF:2
BRH:2
end_of_record
TN:
SF:src\pkg\mail.js
FN:13,sendNotificationEmail
FNF:1
FNH:0
FNDA:0,sendNotificationEmail
DA:5,1
DA:14,0
DA:16,0
DA:24,0
DA:26,0
DA:28,0
DA:29,0
LF:7
LH:1
BRF:0
BRH:0
end_of_record
TN:
SF:src\services\AchievementsService.js
FN:8,create
FN:26,getAll
FN:50,getById
FN:68,getByFaculty
FN:97,verifyAccess
FN:127,isActivityExist
FNF:6
FNH:6
FNDA:2,create
FNDA:1,getAll
FNDA:2,getById
FNDA:1,getByFaculty
FNDA:5,verifyAccess
FNDA:2,isActivityExist
DA:6,1
DA:9,2
DA:16,2
DA:17,1
DA:20,1
DA:27,1
DA:47,1
DA:51,2
DA:61,2
DA:62,1
DA:65,1
DA:69,1
DA:94,1
DA:98,5
DA:104,5
DA:110,5
DA:111,1
DA:114,4
DA:120,4
DA:121,3
DA:122,1
DA:128,2
DA:134,2
DA:135,1
LF:24
LH:24
BRDA:16,0,0,1
BRDA:16,0,1,1
BRDA:61,1,0,1
BRDA:61,1,1,1
BRDA:110,2,0,1
BRDA:110,2,1,4
BRDA:120,3,0,3
BRDA:120,3,1,1
BRDA:120,4,0,4
BRDA:120,4,1,3
BRDA:121,5,0,1
BRDA:121,5,1,2
BRDA:134,6,0,1
BRDA:134,6,1,1
BRF:14
BRH:14
end_of_record
TN:
SF:src\services\ActivitiesService.js
FN:18,create
FN:67,getByOwnerId
FN:81,getByFaculty
FN:100,getById
FN:123,processActivity
FN:158,getTotalPoint
FN:172,(anonymous_6)
FN:182,verifyOwner
FN:198,verifyAccess
FNF:9
FNH:9
FNDA:2,create
FNDA:2,getByOwnerId
FNDA:2,getByFaculty
FNDA:2,getById
FNDA:4,processActivity
FNDA:2,getTotalPoint
FNDA:3,(anonymous_6)
FNDA:3,verifyOwner
FNDA:2,verifyAccess
DA:7,1
DA:16,1
DA:31,2
DA:32,1
DA:34,1
DA:35,1
DA:37,1
DA:39,2
DA:41,2
DA:57,2
DA:58,1
DA:61,1
DA:68,2
DA:74,2
DA:75,1
DA:78,1
DA:82,2
DA:93,2
DA:94,1
DA:97,1
DA:101,2
DA:116,2
DA:117,1
DA:120,1
DA:124,4
DA:130,4
DA:131,1
DA:134,3
DA:143,3
DA:144,1
DA:147,2
DA:148,1
DA:159,2
DA:166,2
DA:167,1
DA:172,1
DA:173,3
DA:175,3
DA:176,3
DA:179,1
DA:183,3
DA:189,3
DA:190,1
DA:193,2
DA:194,1
DA:199,2
DA:204,2
DA:213,2
DA:214,1
LF:49
LH:49
BRDA:31,0,0,1
BRDA:31,0,1,1
BRDA:57,1,0,1
BRDA:57,1,1,1
BRDA:74,2,0,1
BRDA:74,2,1,1
BRDA:93,3,0,1
BRDA:93,3,1,1
BRDA:116,4,0,1
BRDA:116,4,1,1
BRDA:130,5,0,1
BRDA:130,5,1,3
BRDA:143,6,0,1
BRDA:143,6,1,2
BRDA:147,7,0,1
BRDA:147,7,1,1
BRDA:166,8,0,1
BRDA:166,8,1,1
BRDA:175,9,0,3
BRDA:175,9,1,2
BRDA:189,10,0,1
BRDA:189,10,1,2
BRDA:193,11,0,1
BRDA:193,11,1,1
BRDA:213,12,0,1
BRDA:213,12,1,1
BRF:26
BRH:26
end_of_record
TN:
SF:src\services\SkpiService.js
FN:9,create
FN:52,getAll
FN:71,getByFaculty
FN:95,getByOwnerId
FN:109,getById
FN:133,processSkpi
FN:173,isExist
FNF:7
FNH:7
FNDA:2,create
FNDA:2,getAll
FNDA:2,getByFaculty
FNDA:2,getByOwnerId
FNDA:2,getById
FNDA:7,processSkpi
FNDA:2,isExist
DA:7,1
DA:18,2
DA:27,2
DA:40,2
DA:41,1
DA:44,1
DA:46,1
DA:53,2
DA:68,2
DA:72,2
DA:92,2
DA:96,2
DA:102,2
DA:103,1
DA:106,1
DA:110,2
DA:126,2
DA:127,1
DA:130,1
DA:134,7
DA:143,7
DA:144,1
DA:147,6
DA:149,1
DA:150,1
DA:153,1
DA:154,1
DA:157,1
DA:158,1
DA:161,1
DA:162,1
DA:165,1
DA:166,1
DA:169,1
DA:174,2
DA:180,2
DA:181,1
LF:37
LH:37
BRDA:40,0,0,1
BRDA:40,0,1,1
BRDA:102,1,0,1
BRDA:102,1,1,1
BRDA:126,2,0,1
BRDA:126,2,1,1
BRDA:143,3,0,1
BRDA:143,3,1,6
BRDA:147,4,0,1
BRDA:147,4,1,1
BRDA:147,4,2,1
BRDA:147,4,3,1
BRDA:147,4,4,1
BRDA:147,4,5,1
BRDA:180,5,0,1
BRDA:180,5,1,1
BRF:16
BRH:16
end_of_record
TN:
SF:src\services\UsersService.js
FN:14,create
FN:47,checkUserIsExit
FN:57,getById
FN:71,update
FN:86,login
FN:128,getUserFromWebService
FNF:6
FNH:5
FNDA:3,create
FNDA:2,checkUserIsExit
FNDA:3,getById
FNDA:2,update
FNDA:2,login
FNDA:0,getUserFromWebService
DA:10,1
DA:11,1
DA:12,1
DA:15,3
DA:21,3
DA:22,1
DA:25,2
DA:27,2
DA:40,2
DA:41,1
DA:44,1
DA:48,2
DA:52,2
DA:53,1
DA:58,3
DA:64,3
DA:65,2
DA:68,1
DA:72,2
DA:81,2
DA:82,1
DA:87,2
DA:93,2
DA:94,0
DA:96,0
DA:98,0
DA:113,0
DA:115,0
DA:117,2
DA:119,2
DA:121,2
DA:122,1
DA:124,1
DA:129,0
DA:131,0
DA:132,0
DA:134,0
LF:37
LH:28
BRDA:14,0,0,3
BRDA:21,1,0,1
BRDA:21,1,1,2
BRDA:40,2,0,1
BRDA:40,2,1,1
BRDA:52,3,0,1
BRDA:52,3,1,1
BRDA:64,4,0,2
BRDA:64,4,1,1
BRDA:81,5,0,1
BRDA:81,5,1,1
BRDA:93,6,0,0
BRDA:93,6,1,2
BRDA:121,7,0,1
BRDA:121,7,1,1
BRDA:131,8,0,0
BRDA:131,8,1,0
BRF:17
BRH:14
end_of_record
TN:
SF:src\utils\index.js
FN:5,(anonymous_0)
FN:11,(anonymous_1)
FN:17,(anonymous_2)
FN:38,(anonymous_3)
FN:38,(anonymous_4)
FN:46,(anonymous_5)
FNF:6
FNH:6
FNDA:1,(anonymous_0)
FNDA:6,(anonymous_1)
FNDA:16,(anonymous_2)
FNDA:2,(anonymous_3)
FNDA:2,(anonymous_4)
FNDA:3,(anonymous_5)
DA:5,2
DA:6,1
DA:7,1
DA:8,1
DA:11,2
DA:12,6
DA:14,6
DA:15,5
DA:17,16
DA:19,6
DA:20,1
DA:23,5
DA:24,2
DA:29,3
DA:30,2
DA:34,1
DA:38,2
DA:39,2
DA:40,2
DA:42,1
DA:46,2
DA:54,3
DA:55,1
DA:58,2
DA:65,1
LF:25
LH:25
BRDA:14,0,0,5
BRDA:14,0,1,1
BRDA:19,1,0,1
BRDA:19,1,1,5
BRDA:23,2,0,2
BRDA:23,2,1,3
BRDA:24,3,0,1
BRDA:24,3,1,1
BRDA:29,4,0,2
BRDA:29,4,1,1
BRDA:30,5,0,1
BRDA:30,5,1,1
BRDA:54,6,0,1
BRDA:54,6,1,2
BRDA:54,7,0,3
BRDA:54,7,1,3
BRDA:58,8,0,1
BRDA:58,8,1,1
BRDA:59,9,0,2
BRDA:59,9,1,1
BRDA:59,9,2,1
BRDA:59,9,3,1
BRDA:59,9,4,1
BRF:23
BRH:23
end_of_record
TN:
SF:src\utils\mail.utils.js
FN:6,pushEmailNotificationFaculty
FN:47,pushEmailNotification
FN:85,pushEmailNotificationMahasiswa
FN:113,pushEmailNotificationRejected
FNF:4
FNH:4
FNDA:3,pushEmailNotificationFaculty
FNDA:3,pushEmailNotification
FNDA:2,pushEmailNotificationMahasiswa
FNDA:2,pushEmailNotificationRejected
DA:4,2
DA:7,3
DA:13,3
DA:20,2
DA:44,2
DA:48,3
DA:54,3
DA:60,3
DA:82,2
DA:86,2
DA:92,2
DA:110,1
DA:114,2
DA:120,2
DA:138,1
LF:15
LH:15
BRF:0
BRH:0
end_of_record
TN:
SF:src\utils\user.utils.js
FN:1,generateStatusActive
FN:16,generateStatusGraduate
FNF:2
FNH:2
FNDA:3,generateStatusActive
FNDA:3,generateStatusGraduate
DA:3,3
DA:5,1
DA:6,1
DA:8,1
DA:9,1
DA:11,1
DA:14,3
DA:18,3
DA:20,1
DA:21,1
DA:23,1
DA:24,1
DA:26,1
DA:29,3
LF:14
LH:14
BRDA:3,0,0,1
BRDA:3,0,1,1
BRDA:3,0,2,1
BRDA:18,1,0,1
BRDA:18,1,1,1
BRDA:18,1,2,1
BRF:6
BRH:6
end_of_record
TN:
SF:src\validations\achievements\index.js
FN:11,(anonymous_0)
FN:18,(anonymous_1)
FN:26,(anonymous_2)
FN:34,(anonymous_3)
FN:42,(anonymous_4)
FNF:5
FNH:5
FNDA:3,(anonymous_0)
FNDA:3,(anonymous_1)
FNDA:3,(anonymous_2)
FNDA:3,(anonymous_3)
FNDA:3,(anonymous_4)
DA:10,1
DA:12,3
DA:14,3
DA:15,2
DA:20,3
DA:22,3
DA:23,2
DA:28,3
DA:30,3
DA:31,2
DA:36,3
DA:38,3
DA:39,2
DA:44,3
DA:46,3
DA:47,2
LF:16
LH:16
BRDA:14,0,0,2
BRDA:14,0,1,1
BRDA:22,1,0,2
BRDA:22,1,1,1
BRDA:30,2,0,2
BRDA:30,2,1,1
BRDA:38,3,0,2
BRDA:38,3,1,1
BRDA:46,4,0,2
BRDA:46,4,1,1
BRF:10
BRH:10
end_of_record
TN:
SF:src\validations\activities\index.js
FN:8,(anonymous_0)
FN:15,(anonymous_1)
FNF:2
FNH:2
FNDA:3,(anonymous_0)
FNDA:3,(anonymous_1)
DA:7,1
DA:9,3
DA:11,3
DA:12,2
DA:16,3
DA:18,3
DA:19,2
LF:7
LH:7
BRDA:11,0,0,2
BRDA:11,0,1,1
BRDA:18,1,0,2
BRDA:18,1,1,1
BRF:4
BRH:4
end_of_record
TN:
SF:src\validations\authentications\index.js
FN:5,(anonymous_0)
FNF:1
FNH:1
FNDA:3,(anonymous_0)
DA:4,1
DA:6,3
DA:8,3
DA:9,2
LF:4
LH:4
BRDA:8,0,0,2
BRDA:8,0,1,1
BRF:2
BRH:2
end_of_record
TN:
SF:src\validations\skpi\index.js
FN:5,(anonymous_0)
FNF:1
FNH:1
FNDA:3,(anonymous_0)
DA:4,1
DA:6,3
DA:8,3
DA:9,2
LF:4
LH:4
BRDA:8,0,0,2
BRDA:8,0,1,1
BRF:2
BRH:2
end_of_record
TN:
SF:src\validations\ttd\index.js
FN:4,validatePostTtdPayload
FNF:1
FNH:1
FNDA:3,validatePostTtdPayload
DA:5,3
DA:7,3
DA:8,2
LF:3
LH:3
BRDA:7,0,0,2
BRDA:7,0,1,1
BRF:2
BRH:2
end_of_record
TN:
SF:src\validations\uploads\index.js
FN:5,(anonymous_0)
FNF:1
FNH:1
FNDA:3,(anonymous_0)
DA:4,1
DA:6,3
DA:8,3
DA:9,2
LF:4
LH:4
BRDA:8,0,0,2
BRDA:8,0,1,1
BRF:2
BRH:2
end_of_record
TN:
SF:src\validations\users\index.js
FN:5,(anonymous_0)
FN:13,(anonymous_1)
FNF:2
FNH:2
FNDA:3,(anonymous_0)
FNDA:3,(anonymous_1)
DA:4,1
DA:6,3
DA:8,3
DA:9,2
DA:14,3
DA:16,3
DA:17,2
LF:7
LH:7
BRDA:8,0,0,2
BRDA:8,0,1,1
BRDA:16,1,0,2
BRDA:16,1,1,1
BRF:4
BRH:4
end_of_record
