TN:
SF:src\controllers\achievementIndependent.js
FN:7,(anonymous_0)
FN:61,(anonymous_1)
FN:73,(anonymous_2)
FN:83,(anonymous_3)
FN:106,(anonymous_4)
FN:163,(anonymous_5)
FNF:6
FNH:6
FNDA:4,(anonymous_0)
FNDA:2,(anonymous_1)
FNDA:1,(anonymous_2)
FNDA:4,(anonymous_3)
FNDA:4,(anonymous_4)
FNDA:4,(anonymous_5)
DA:7,1
DA:8,4
DA:23,4
DA:25,4
DA:26,1
DA:29,3
DA:31,3
DA:32,2
DA:33,1
DA:37,2
DA:52,2
DA:61,1
DA:62,2
DA:63,1
DA:65,1
DA:67,1
DA:73,1
DA:74,1
DA:75,1
DA:77,1
DA:83,1
DA:84,4
DA:86,4
DA:87,1
DA:90,3
DA:92,3
DA:94,3
DA:95,2
DA:96,1
DA:100,2
DA:106,1
DA:107,4
DA:108,4
DA:123,4
DA:125,4
DA:126,1
DA:129,3
DA:130,3
DA:132,3
DA:133,2
DA:134,1
DA:138,2
DA:154,2
DA:163,1
DA:164,4
DA:166,4
DA:167,1
DA:170,3
DA:171,3
DA:173,3
DA:174,2
DA:175,1
DA:179,2
DA:181,2
LF:54
LH:54
BRDA:25,0,0,1
BRDA:25,0,1,3
BRDA:25,1,0,4
BRDA:25,1,1,2
BRDA:31,2,0,2
BRDA:31,2,1,1
BRDA:32,3,0,1
BRDA:32,3,1,1
BRDA:62,4,0,1
BRDA:62,4,1,1
BRDA:62,5,0,2
BRDA:62,5,1,1
BRDA:86,6,0,1
BRDA:86,6,1,3
BRDA:94,7,0,2
BRDA:94,7,1,1
BRDA:94,8,0,3
BRDA:94,8,1,1
BRDA:95,9,0,1
BRDA:95,9,1,1
BRDA:125,10,0,1
BRDA:125,10,1,3
BRDA:125,11,0,4
BRDA:125,11,1,2
BRDA:132,12,0,2
BRDA:132,12,1,1
BRDA:133,13,0,1
BRDA:133,13,1,1
BRDA:166,14,0,1
BRDA:166,14,1,3
BRDA:166,15,0,4
BRDA:166,15,1,2
BRDA:173,16,0,2
BRDA:173,16,1,1
BRDA:174,17,0,1
BRDA:174,17,1,1
BRF:36
BRH:36
end_of_record
TN:
SF:src\controllers\achievementNonCompetition.js
FN:7,(anonymous_0)
FN:44,(anonymous_1)
FN:57,(anonymous_2)
FN:68,(anonymous_3)
FN:90,(anonymous_4)
FN:129,(anonymous_5)
FNF:6
FNH:6
FNDA:4,(anonymous_0)
FNDA:2,(anonymous_1)
FNDA:1,(anonymous_2)
FNDA:4,(anonymous_3)
FNDA:4,(anonymous_4)
FNDA:4,(anonymous_5)
DA:7,1
DA:8,4
DA:10,4
DA:12,4
DA:13,1
DA:16,3
DA:18,3
DA:19,2
DA:20,1
DA:24,2
DA:35,2
DA:44,1
DA:45,2
DA:46,1
DA:49,1
DA:51,1
DA:57,1
DA:58,1
DA:60,1
DA:62,1
DA:68,1
DA:69,4
DA:71,4
DA:72,1
DA:75,3
DA:76,3
DA:78,3
DA:79,2
DA:80,1
DA:84,2
DA:90,1
DA:91,4
DA:92,4
DA:94,4
DA:96,4
DA:97,1
DA:100,3
DA:101,3
DA:103,3
DA:104,2
DA:105,1
DA:109,2
DA:120,2
DA:129,1
DA:130,4
DA:132,4
DA:133,1
DA:136,3
DA:137,3
DA:139,3
DA:140,2
DA:141,1
DA:145,2
DA:147,2
LF:54
LH:54
BRDA:12,0,0,1
BRDA:12,0,1,3
BRDA:12,1,0,4
BRDA:12,1,1,2
BRDA:18,2,0,2
BRDA:18,2,1,1
BRDA:19,3,0,1
BRDA:19,3,1,1
BRDA:45,4,0,1
BRDA:45,4,1,1
BRDA:45,5,0,2
BRDA:45,5,1,1
BRDA:71,6,0,1
BRDA:71,6,1,3
BRDA:78,7,0,2
BRDA:78,7,1,1
BRDA:78,8,0,3
BRDA:78,8,1,1
BRDA:79,9,0,1
BRDA:79,9,1,1
BRDA:96,10,0,1
BRDA:96,10,1,3
BRDA:96,11,0,4
BRDA:96,11,1,2
BRDA:103,12,0,2
BRDA:103,12,1,1
BRDA:104,13,0,1
BRDA:104,13,1,1
BRDA:132,14,0,1
BRDA:132,14,1,3
BRDA:132,15,0,4
BRDA:132,15,1,2
BRDA:139,16,0,2
BRDA:139,16,1,1
BRDA:140,17,0,1
BRDA:140,17,1,1
BRF:36
BRH:36
end_of_record
TN:
SF:src\controllers\activities.js
FN:7,(anonymous_0)
FN:35,(anonymous_1)
FN:48,(anonymous_2)
FN:61,(anonymous_3)
FN:74,(anonymous_4)
FN:95,(anonymous_5)
FN:108,(anonymous_6)
FN:121,(anonymous_7)
FNF:8
FNH:8
FNDA:1,(anonymous_0)
FNDA:1,(anonymous_1)
FNDA:1,(anonymous_2)
FNDA:1,(anonymous_3)
FNDA:2,(anonymous_4)
FNDA:1,(anonymous_5)
FNDA:1,(anonymous_6)
FNDA:2,(anonymous_7)
DA:7,1
DA:8,1
DA:10,1
DA:11,1
DA:13,1
DA:25,1
DA:26,1
DA:35,1
DA:36,1
DA:38,1
DA:40,1
DA:48,1
DA:49,1
DA:51,1
DA:53,1
DA:61,1
DA:62,1
DA:64,1
DA:66,1
DA:74,1
DA:75,2
DA:77,2
DA:78,2
DA:79,2
DA:81,2
DA:82,1
DA:85,1
DA:87,1
DA:89,1
DA:95,1
DA:96,1
DA:98,1
DA:100,1
DA:108,1
DA:109,1
DA:111,1
DA:113,1
DA:121,1
DA:122,2
DA:124,2
DA:125,1
DA:128,1
DA:130,1
DA:132,1
LF:44
LH:44
BRDA:81,0,0,1
BRDA:81,0,1,1
BRDA:124,1,0,1
BRDA:124,1,1,1
BRF:4
BRH:4
end_of_record
TN:
SF:src\controllers\authentications.js
FN:5,(anonymous_0)
FNF:1
FNH:1
FNDA:3,(anonymous_0)
DA:5,1
DA:6,3
DA:8,2
DA:10,2
DA:12,1
DA:16,1
DA:17,1
LF:7
LH:7
BRF:0
BRH:0
end_of_record
TN:
SF:src\controllers\exports.js
FN:15,(anonymous_0)
FN:27,(anonymous_1)
FN:47,(anonymous_2)
FN:64,(anonymous_3)
FN:84,(anonymous_4)
FN:99,(anonymous_5)
FN:115,(anonymous_6)
FN:118,(anonymous_7)
FN:133,(anonymous_8)
FN:154,(anonymous_9)
FN:157,(anonymous_10)
FN:172,(anonymous_11)
FNF:12
FNH:12
FNDA:3,(anonymous_0)
FNDA:1,(anonymous_1)
FNDA:1,(anonymous_2)
FNDA:1,(anonymous_3)
FNDA:1,(anonymous_4)
FNDA:3,(anonymous_5)
FNDA:1,(anonymous_6)
FNDA:1,(anonymous_7)
FNDA:1,(anonymous_8)
FNDA:1,(anonymous_9)
FNDA:1,(anonymous_10)
FNDA:1,(anonymous_11)
DA:7,1
DA:15,1
DA:16,3
DA:18,3
DA:19,1
DA:22,2
DA:23,1
DA:25,1
DA:27,1
DA:29,1
DA:30,1
DA:32,1
DA:47,1
DA:48,1
DA:51,1
DA:55,1
DA:57,1
DA:58,1
DA:61,2
DA:62,1
DA:64,1
DA:66,1
DA:67,1
DA:69,1
DA:84,1
DA:85,1
DA:88,1
DA:92,1
DA:94,1
DA:95,1
DA:99,1
DA:100,3
DA:101,3
DA:103,3
DA:105,3
DA:106,1
DA:109,2
DA:110,1
DA:112,1
DA:114,1
DA:115,1
DA:118,1
DA:120,1
DA:121,1
DA:123,1
DA:133,1
DA:134,1
DA:137,1
DA:141,1
DA:146,1
DA:147,1
DA:150,2
DA:151,1
DA:153,1
DA:154,1
DA:157,1
DA:159,1
DA:160,1
DA:162,1
DA:172,1
DA:173,1
DA:176,1
DA:180,1
DA:185,1
DA:186,1
LF:65
LH:65
BRDA:18,0,0,1
BRDA:18,0,1,2
BRDA:18,1,0,3
BRDA:18,1,1,2
BRDA:22,2,0,1
BRDA:22,2,1,1
BRDA:61,3,0,1
BRDA:61,3,1,1
BRDA:105,4,0,1
BRDA:105,4,1,2
BRDA:105,5,0,3
BRDA:105,5,1,2
BRDA:109,6,0,1
BRDA:109,6,1,1
BRDA:150,7,0,1
BRDA:150,7,1,1
BRF:16
BRH:16
end_of_record
TN:
SF:src\controllers\skpi.js
FN:7,(anonymous_0)
FN:43,(anonymous_1)
FN:79,(anonymous_2)
FN:92,(anonymous_3)
FNF:4
FNH:4
FNDA:3,(anonymous_0)
FNDA:3,(anonymous_1)
FNDA:1,(anonymous_2)
FNDA:10,(anonymous_3)
DA:7,1
DA:8,3
DA:9,3
DA:11,3
DA:13,3
DA:15,3
DA:17,3
DA:18,3
DA:19,3
DA:21,3
DA:22,1
DA:32,1
DA:33,1
DA:43,1
DA:44,3
DA:46,3
DA:47,1
DA:48,1
DA:50,1
DA:58,2
DA:59,1
DA:61,1
DA:69,1
DA:71,1
DA:79,1
DA:80,1
DA:82,1
DA:84,1
DA:92,1
DA:93,10
DA:94,10
DA:95,10
DA:97,10
DA:99,10
DA:100,9
DA:102,2
DA:103,1
DA:105,1
DA:106,1
DA:109,2
DA:110,1
DA:112,1
DA:113,1
DA:116,2
DA:117,1
DA:119,1
DA:120,1
DA:123,2
DA:124,1
DA:126,1
DA:127,1
DA:130,1
DA:134,5
DA:136,5
LF:54
LH:54
BRDA:13,0,0,3
BRDA:13,0,1,1
BRDA:15,1,0,3
BRDA:15,1,1,1
BRDA:17,2,0,3
BRDA:17,2,1,1
BRDA:18,3,0,3
BRDA:18,3,1,1
BRDA:19,4,0,3
BRDA:19,4,1,1
BRDA:46,5,0,1
BRDA:46,5,1,2
BRDA:46,6,0,3
BRDA:46,6,1,2
BRDA:58,7,0,1
BRDA:58,7,1,1
BRDA:58,8,0,2
BRDA:58,8,1,1
BRDA:99,9,0,9
BRDA:99,9,1,1
BRDA:100,10,0,2
BRDA:100,10,1,2
BRDA:100,10,2,2
BRDA:100,10,3,2
BRDA:100,10,4,1
BRDA:102,11,0,1
BRDA:102,11,1,1
BRDA:109,12,0,1
BRDA:109,12,1,1
BRDA:116,13,0,1
BRDA:116,13,1,1
BRDA:123,14,0,1
BRDA:123,14,1,1
BRF:33
BRH:33
end_of_record
TN:
SF:src\controllers\ttd.js
FN:5,create
FN:19,getByRole
FNF:2
FNH:2
FNDA:1,create
FNDA:2,getByRole
DA:6,1
DA:8,1
DA:9,1
DA:11,1
DA:12,1
DA:13,1
DA:20,2
DA:22,2
DA:23,1
DA:26,1
DA:28,1
LF:11
LH:11
BRDA:22,0,0,1
BRDA:22,0,1,1
BRF:2
BRH:2
end_of_record
TN:
SF:src\controllers\uploads.js
FN:3,(anonymous_0)
FNF:1
FNH:1
FNDA:1,(anonymous_0)
DA:3,1
DA:4,1
DA:6,1
DA:8,1
LF:4
LH:4
BRF:0
BRH:0
end_of_record
TN:
SF:src\controllers\users.js
FN:4,(anonymous_0)
FN:29,(anonymous_1)
FN:42,(anonymous_2)
FNF:3
FNH:3
FNDA:1,(anonymous_0)
FNDA:1,(anonymous_1)
FNDA:1,(anonymous_2)
DA:4,1
DA:5,1
DA:7,1
DA:9,1
DA:19,1
DA:20,1
DA:29,1
DA:30,1
DA:32,1
DA:34,1
DA:42,1
DA:43,1
DA:45,1
DA:46,1
DA:48,1
DA:50,1
LF:16
LH:16
BRF:0
BRH:0
end_of_record
TN:
SF:src\exceptions\AuthenticationError.js
FN:4,(anonymous_0)
FNF:1
FNH:1
FNDA:8,(anonymous_0)
DA:5,8
DA:6,8
LF:2
LH:2
BRF:0
BRH:0
end_of_record
TN:
SF:src\exceptions\AuthorizationError.js
FN:4,(anonymous_0)
FNF:1
FNH:1
FNDA:24,(anonymous_0)
DA:5,24
DA:6,24
LF:2
LH:2
BRF:0
BRH:0
end_of_record
TN:
SF:src\exceptions\ClientError.js
FN:2,(anonymous_0)
FNF:1
FNH:1
FNDA:104,(anonymous_0)
DA:3,104
DA:4,104
DA:5,104
LF:3
LH:3
BRDA:2,0,0,53
BRF:1
BRH:1
end_of_record
TN:
SF:src\exceptions\InvariantError.js
FN:4,(anonymous_0)
FNF:1
FNH:1
FNDA:52,(anonymous_0)
DA:5,52
DA:6,52
LF:2
LH:2
BRF:0
BRH:0
end_of_record
TN:
SF:src\exceptions\NotFoundError.js
FN:4,(anonymous_0)
FNF:1
FNH:1
FNDA:17,(anonymous_0)
DA:5,17
DA:6,17
LF:2
LH:2
BRF:0
BRH:0
end_of_record
TN:
SF:src\middleware\authenticateToken.js
FN:4,authenticateToken
FN:11,(anonymous_1)
FNF:2
FNH:2
FNDA:5,authenticateToken
FNDA:3,(anonymous_1)
DA:5,5
DA:7,5
DA:9,3
DA:11,3
DA:12,3
DA:14,1
DA:15,1
DA:16,1
LF:8
LH:8
BRDA:7,0,0,2
BRDA:7,0,1,3
BRDA:12,1,0,2
BRDA:12,1,1,1
BRF:4
BRH:4
end_of_record
TN:
SF:src\middleware\errorHandler.js
FN:3,(anonymous_0)
FNF:1
FNH:1
FNDA:34,(anonymous_0)
DA:3,10
DA:4,34
DA:5,33
DA:11,1
LF:4
LH:4
BRDA:4,0,0,33
BRDA:4,0,1,1
BRF:2
BRH:2
end_of_record
TN:
SF:src\pkg\mail.js
FNF:0
FNH:0
DA:5,3
LF:1
LH:1
BRF:0
BRH:0
end_of_record
TN:
SF:src\pkg\sendMail.js
FN:3,sendNotificationEmail
FNF:1
FNH:1
FNDA:2,sendNotificationEmail
DA:4,2
DA:6,2
DA:14,2
DA:16,1
DA:19,1
LF:5
LH:5
BRF:0
BRH:0
end_of_record
TN:
SF:src\services\AchievementIndependentService.js
FN:7,create
FN:47,update
FN:87,getAll
FN:92,getById
FN:104,getByFaculty
FN:112,deleteById
FNF:6
FNH:6
FNDA:2,create
FNDA:1,update
FNDA:1,getAll
FNDA:2,getById
FNDA:1,getByFaculty
FNDA:2,deleteById
DA:5,3
DA:22,2
DA:40,2
DA:41,1
DA:44,1
DA:65,1
DA:84,1
DA:88,1
DA:89,1
DA:93,2
DA:97,2
DA:98,1
DA:101,1
DA:105,1
DA:109,1
DA:113,2
DA:117,2
DA:118,1
LF:18
LH:18
BRDA:40,0,0,1
BRDA:40,0,1,1
BRDA:97,1,0,1
BRDA:97,1,1,1
BRDA:117,2,0,1
BRDA:117,2,1,1
BRF:6
BRH:6
end_of_record
TN:
SF:src\services\AchievementNonCompetitionService.js
FN:7,create
FN:37,getAll
FN:43,getById
FN:57,getByFaculty
FN:67,update
FN:90,deleteById
FNF:6
FNH:6
FNDA:2,create
FNDA:1,getAll
FNDA:2,getById
FNDA:1,getByFaculty
FNDA:1,update
FNDA:2,deleteById
DA:5,3
DA:17,2
DA:30,2
DA:31,1
DA:34,1
DA:38,1
DA:40,1
DA:44,2
DA:50,2
DA:51,1
DA:54,1
DA:58,1
DA:64,1
DA:71,1
DA:87,1
DA:91,2
DA:97,2
DA:98,1
DA:101,1
LF:19
LH:19
BRDA:30,0,0,1
BRDA:30,0,1,1
BRDA:50,1,0,1
BRDA:50,1,1,1
BRDA:97,2,0,1
BRDA:97,2,1,1
BRF:6
BRH:6
end_of_record
TN:
SF:src\services\ActivitiesService.js
FN:18,create
FN:57,getByOwnerId
FN:71,getByFaculty
FN:90,getById
FN:113,processActivity
FN:148,getTotalPoint
FN:162,(anonymous_6)
FN:172,verifyOwner
FN:188,verifyAccess
FNF:9
FNH:9
FNDA:2,create
FNDA:2,getByOwnerId
FNDA:2,getByFaculty
FNDA:2,getById
FNDA:4,processActivity
FNDA:2,getTotalPoint
FNDA:3,(anonymous_6)
FNDA:3,verifyOwner
FNDA:2,verifyAccess
DA:7,3
DA:16,3
DA:21,2
DA:22,1
DA:24,1
DA:25,1
DA:27,1
DA:29,2
DA:31,2
DA:47,2
DA:48,1
DA:51,1
DA:58,2
DA:64,2
DA:65,1
DA:68,1
DA:72,2
DA:83,2
DA:84,1
DA:87,1
DA:91,2
DA:106,2
DA:107,1
DA:110,1
DA:114,4
DA:120,4
DA:121,1
DA:124,3
DA:133,3
DA:134,1
DA:137,2
DA:138,1
DA:149,2
DA:156,2
DA:157,1
DA:162,1
DA:163,3
DA:165,3
DA:166,3
DA:169,1
DA:173,3
DA:179,3
DA:180,1
DA:183,2
DA:184,1
DA:189,2
DA:194,2
DA:203,2
DA:204,1
LF:49
LH:49
BRDA:21,0,0,1
BRDA:21,0,1,1
BRDA:47,1,0,1
BRDA:47,1,1,1
BRDA:64,2,0,1
BRDA:64,2,1,1
BRDA:83,3,0,1
BRDA:83,3,1,1
BRDA:106,4,0,1
BRDA:106,4,1,1
BRDA:120,5,0,1
BRDA:120,5,1,3
BRDA:133,6,0,1
BRDA:133,6,1,2
BRDA:137,7,0,1
BRDA:137,7,1,1
BRDA:156,8,0,1
BRDA:156,8,1,1
BRDA:165,9,0,3
BRDA:165,9,1,2
BRDA:179,10,0,1
BRDA:179,10,1,2
BRDA:183,11,0,1
BRDA:183,11,1,1
BRDA:203,12,0,1
BRDA:203,12,1,1
BRF:26
BRH:26
end_of_record
TN:
SF:src\services\RejectedActivityService.js
FN:6,getByOwnerId
FN:27,getByActivityId
FNF:2
FNH:2
FNDA:2,getByOwnerId
FNDA:2,getByActivityId
DA:4,2
DA:7,2
DA:24,2
DA:28,2
DA:34,2
DA:35,1
DA:38,1
LF:7
LH:7
BRDA:34,0,0,1
BRDA:34,0,1,1
BRF:2
BRH:2
end_of_record
TN:
SF:src\services\SkpiService.js
FN:9,create
FN:49,getAll
FN:65,(anonymous_2)
FN:68,getByFaculty
FN:94,(anonymous_4)
FN:97,getByOwnerId
FN:111,getById
FN:135,processSkpi
FN:175,isExist
FNF:9
FNH:9
FNDA:2,create
FNDA:2,getAll
FNDA:2,(anonymous_2)
FNDA:2,getByFaculty
FNDA:2,(anonymous_4)
FNDA:2,getByOwnerId
FNDA:2,getById
FNDA:7,processSkpi
FNDA:2,isExist
DA:7,2
DA:18,2
DA:27,2
DA:40,2
DA:41,1
DA:44,1
DA:46,1
DA:50,2
DA:65,2
DA:69,2
DA:94,2
DA:98,2
DA:104,2
DA:105,1
DA:108,1
DA:112,2
DA:128,2
DA:129,1
DA:132,1
DA:136,7
DA:145,7
DA:146,1
DA:149,6
DA:151,1
DA:152,1
DA:155,1
DA:156,1
DA:159,1
DA:160,1
DA:163,1
DA:164,1
DA:167,1
DA:168,1
DA:171,1
DA:176,2
DA:182,2
DA:183,1
LF:37
LH:37
BRDA:40,0,0,1
BRDA:40,0,1,1
BRDA:104,1,0,1
BRDA:104,1,1,1
BRDA:128,2,0,1
BRDA:128,2,1,1
BRDA:145,3,0,1
BRDA:145,3,1,6
BRDA:149,4,0,1
BRDA:149,4,1,1
BRDA:149,4,2,1
BRDA:149,4,3,1
BRDA:149,4,4,1
BRDA:149,4,5,1
BRDA:182,5,0,1
BRDA:182,5,1,1
BRDA:182,6,0,2
BRDA:182,6,1,1
BRF:18
BRH:18
end_of_record
TN:
SF:src\services\TtdService.js
FN:7,create
FN:29,getByRole
FNF:2
FNH:2
FNDA:2,create
FNDA:2,getByRole
DA:5,2
DA:8,2
DA:14,2
DA:15,1
DA:18,1
DA:26,1
DA:30,2
DA:36,2
DA:37,1
DA:40,1
LF:10
LH:10
BRDA:14,0,0,1
BRDA:14,0,1,1
BRDA:36,1,0,1
BRDA:36,1,1,1
BRF:4
BRH:4
end_of_record
TN:
SF:src\services\UsersService.js
FN:14,create
FN:47,checkUserIsExit
FN:57,getById
FN:71,update
FN:86,login
FN:128,getUserFromWebService
FNF:6
FNH:6
FNDA:3,create
FNDA:2,checkUserIsExit
FNDA:3,getById
FNDA:2,update
FNDA:4,login
FNDA:2,getUserFromWebService
DA:10,8
DA:11,8
DA:12,8
DA:15,3
DA:21,3
DA:22,1
DA:25,2
DA:27,2
DA:40,2
DA:41,1
DA:44,1
DA:48,2
DA:52,2
DA:53,1
DA:58,3
DA:64,3
DA:65,2
DA:68,1
DA:72,2
DA:81,2
DA:82,1
DA:87,4
DA:93,4
DA:94,2
DA:96,1
DA:98,1
DA:113,1
DA:115,1
DA:117,2
DA:119,2
DA:121,2
DA:122,1
DA:124,1
DA:129,2
DA:130,2
DA:131,1
DA:133,1
LF:37
LH:37
BRDA:14,0,0,3
BRDA:21,1,0,1
BRDA:21,1,1,2
BRDA:40,2,0,1
BRDA:40,2,1,1
BRDA:52,3,0,1
BRDA:52,3,1,1
BRDA:64,4,0,2
BRDA:64,4,1,1
BRDA:81,5,0,1
BRDA:81,5,1,1
BRDA:93,6,0,2
BRDA:93,6,1,2
BRDA:121,7,0,1
BRDA:121,7,1,1
BRDA:130,8,0,1
BRDA:130,8,1,1
BRF:17
BRH:17
end_of_record
TN:
SF:src\utils\index.js
FN:5,(anonymous_0)
FN:11,(anonymous_1)
FN:17,(anonymous_2)
FN:38,(anonymous_3)
FN:38,(anonymous_4)
FN:46,(anonymous_5)
FNF:6
FNH:6
FNDA:1,(anonymous_0)
FNDA:6,(anonymous_1)
FNDA:16,(anonymous_2)
FNDA:35,(anonymous_3)
FNDA:82,(anonymous_4)
FNDA:3,(anonymous_5)
DA:5,14
DA:6,1
DA:7,1
DA:8,1
DA:11,14
DA:12,6
DA:14,6
DA:15,5
DA:17,16
DA:19,6
DA:20,1
DA:23,5
DA:24,2
DA:29,3
DA:30,2
DA:34,1
DA:38,35
DA:39,82
DA:40,82
DA:42,33
DA:46,14
DA:54,3
DA:55,1
DA:58,2
DA:65,1
LF:25
LH:25
BRDA:14,0,0,5
BRDA:14,0,1,1
BRDA:19,1,0,1
BRDA:19,1,1,5
BRDA:23,2,0,2
BRDA:23,2,1,3
BRDA:24,3,0,1
BRDA:24,3,1,1
BRDA:29,4,0,2
BRDA:29,4,1,1
BRDA:30,5,0,1
BRDA:30,5,1,1
BRDA:54,6,0,1
BRDA:54,6,1,2
BRDA:54,7,0,3
BRDA:54,7,1,3
BRDA:58,8,0,1
BRDA:58,8,1,1
BRDA:59,9,0,2
BRDA:59,9,1,1
BRDA:59,9,2,1
BRDA:59,9,3,1
BRDA:59,9,4,1
BRF:23
BRH:23
end_of_record
TN:
SF:src\utils\mail.utils.js
FN:6,pushEmailNotificationFaculty
FN:47,pushEmailNotification
FN:85,pushEmailNotificationMahasiswa
FN:113,pushEmailNotificationRejected
FNF:4
FNH:4
FNDA:3,pushEmailNotificationFaculty
FNDA:3,pushEmailNotification
FNDA:2,pushEmailNotificationMahasiswa
FNDA:2,pushEmailNotificationRejected
DA:4,3
DA:7,3
DA:13,3
DA:20,2
DA:44,2
DA:48,3
DA:54,3
DA:60,3
DA:82,2
DA:86,2
DA:92,2
DA:110,1
DA:114,2
DA:120,2
DA:138,1
LF:15
LH:15
BRF:0
BRH:0
end_of_record
TN:
SF:src\utils\user.utils.js
FN:1,generateStatusActive
FN:16,generateStatusGraduate
FNF:2
FNH:2
FNDA:3,generateStatusActive
FNDA:3,generateStatusGraduate
DA:3,3
DA:5,1
DA:6,1
DA:8,1
DA:9,1
DA:11,1
DA:14,3
DA:18,3
DA:20,1
DA:21,1
DA:23,1
DA:24,1
DA:26,1
DA:29,3
LF:14
LH:14
BRDA:3,0,0,1
BRDA:3,0,1,1
BRDA:3,0,2,1
BRDA:18,1,0,1
BRDA:18,1,1,1
BRDA:18,1,2,1
BRF:6
BRH:6
end_of_record
TN:
SF:src\validations\achievements\index.js
FN:11,(anonymous_0)
FN:18,(anonymous_1)
FN:26,(anonymous_2)
FN:34,(anonymous_3)
FN:42,(anonymous_4)
FNF:5
FNH:5
FNDA:3,(anonymous_0)
FNDA:7,(anonymous_1)
FNDA:7,(anonymous_2)
FNDA:7,(anonymous_3)
FNDA:3,(anonymous_4)
DA:10,3
DA:12,3
DA:14,3
DA:15,2
DA:20,7
DA:22,7
DA:23,2
DA:28,7
DA:30,7
DA:31,2
DA:36,7
DA:38,7
DA:39,2
DA:44,3
DA:46,3
DA:47,2
LF:16
LH:16
BRDA:14,0,0,2
BRDA:14,0,1,1
BRDA:22,1,0,2
BRDA:22,1,1,5
BRDA:30,2,0,2
BRDA:30,2,1,5
BRDA:38,3,0,2
BRDA:38,3,1,5
BRDA:46,4,0,2
BRDA:46,4,1,1
BRF:10
BRH:10
end_of_record
TN:
SF:src\validations\achievements\schema.js
FNF:0
FNH:0
DA:3,2
DA:9,2
DA:14,2
DA:30,2
DA:46,2
DA:81,2
LF:6
LH:6
BRF:0
BRH:0
end_of_record
TN:
SF:src\validations\activities\index.js
FN:8,(anonymous_0)
FN:15,(anonymous_1)
FNF:2
FNH:2
FNDA:4,(anonymous_0)
FNDA:5,(anonymous_1)
DA:7,2
DA:9,4
DA:11,4
DA:12,2
DA:16,5
DA:18,5
DA:19,2
LF:7
LH:7
BRDA:11,0,0,2
BRDA:11,0,1,2
BRDA:18,1,0,2
BRDA:18,1,1,3
BRF:4
BRH:4
end_of_record
TN:
SF:src\validations\activities\schema.js
FNF:0
FNH:0
DA:3,1
DA:14,1
LF:2
LH:2
BRF:0
BRH:0
end_of_record
TN:
SF:src\validations\authentications\index.js
FN:5,(anonymous_0)
FNF:1
FNH:1
FNDA:3,(anonymous_0)
DA:4,2
DA:6,3
DA:8,3
DA:9,2
LF:4
LH:4
BRDA:8,0,0,2
BRDA:8,0,1,1
BRF:2
BRH:2
end_of_record
TN:
SF:src\validations\authentications\schema.js
FNF:0
FNH:0
DA:3,1
LF:1
LH:1
BRF:0
BRH:0
end_of_record
TN:
SF:src\validations\skpi\index.js
FN:5,(anonymous_0)
FNF:1
FNH:1
FNDA:3,(anonymous_0)
DA:4,1
DA:6,3
DA:8,3
DA:9,2
LF:4
LH:4
BRDA:8,0,0,2
BRDA:8,0,1,1
BRF:2
BRH:2
end_of_record
TN:
SF:src\validations\ttd\index.js
FN:4,validatePostTtdPayload
FNF:1
FNH:1
FNDA:4,validatePostTtdPayload
DA:5,4
DA:7,4
DA:8,2
LF:3
LH:3
BRDA:7,0,0,2
BRDA:7,0,1,2
BRF:2
BRH:2
end_of_record
TN:
SF:src\validations\ttd\schema.js
FNF:0
FNH:0
DA:3,1
LF:1
LH:1
BRF:0
BRH:0
end_of_record
TN:
SF:src\validations\uploads\index.js
FN:5,(anonymous_0)
FNF:1
FNH:1
FNDA:3,(anonymous_0)
DA:4,2
DA:6,3
DA:8,3
DA:9,2
LF:4
LH:4
BRDA:8,0,0,2
BRDA:8,0,1,1
BRF:2
BRH:2
end_of_record
TN:
SF:src\validations\uploads\schema.js
FNF:0
FNH:0
DA:3,1
LF:1
LH:1
BRF:0
BRH:0
end_of_record
TN:
SF:src\validations\users\index.js
FN:5,(anonymous_0)
FN:13,(anonymous_1)
FNF:2
FNH:2
FNDA:4,(anonymous_0)
FNDA:4,(anonymous_1)
DA:4,2
DA:6,4
DA:8,4
DA:9,2
DA:14,4
DA:16,4
DA:17,2
LF:7
LH:7
BRDA:8,0,0,2
BRDA:8,0,1,2
BRDA:16,1,0,2
BRDA:16,1,1,2
BRF:4
BRH:4
end_of_record
TN:
SF:src\validations\users\schema.js
FNF:0
FNH:0
DA:3,1
DA:16,1
LF:2
LH:2
BRF:0
BRH:0
end_of_record
